　主人公であるゼンは最下位のランクであるEランクの冒険者であり、調合師でもある。Eランクで調合師関係でいつも薬草採取の仕事をしているゼンは他のギルドの連中からは、ストレスの捌け口として置かれていた。しかし、依頼の途中でゼンは国宝級である『蘇生の薬草』をたまたま手に入れる。

　ヒロインたちである、『崋山烈火』というSランクのクランの4人の美女も、同様ゼンをただのゴミだと思っていた。しかし、彼女たちは邪神との戦いでギリギリ封印に成功するが、邪神の最後の足掻きとも言えよう魔法に彼女たちには死が迫った。しかし、メンバーの1人の咄嗟の判断で転移魔法を詠唱し、違うところへと転移した一同だが、転移したさきで力尽きてしまう。

そこを偶然通りかかったゼンが彼女たちを自分の職業でもある調合師を一杯活用し、また『蘇生の薬草』も使用し、1年がかりで全員を治す。その行為に彼女たちはゼンに恋をしてしまう。そして、その人柄故に彼女たち以外もゼンに恋をしてしまうそんな物語。

　Eランクである俺がSランクたちからの熱烈な求婚がすごいのだが......。

①ヤンデレ　②ハーレム　③少し卑猥な表現があります

ご指摘いただいた部分を訂正させていただきました！
再度読んでいただくと光栄です！！
********************************************
第1章　プロローグ

「好きです、結婚してください」

「は？　|ダーリン《ゼン》は私と結婚するんだけど！」

「あんたこそ何を言ってるのかしら。ゼン様は私と結ばれるために生まれてきたもの、いわば運命共同体♡」

「ゼンは私の夫、これは決定事項.........」

　俺の名前はゼン。俺は冒険者をやっているが、最弱職の調合師であるためEランク止まりだ。調合師とは、薬草や木の実など色々なものを混ぜて、ポーションと言われる飲み薬みたいなものを作る人を言う。

　本来なら、調合師は自分の店を構えて、そこで調合し資金を稼ぐのだが、俺は昔から夢であった冒険者が諦めきれず、冒険者兼調合師をやっている。

　ギルド内ではみんなからバカにされていた。ゴミのように扱われた、当然のようにこの目の前で口論している4人の女性たちにもだ。

　彼女たちはSランク冒険者で『崋山烈火』というクランを作っており、ギルド、いや王都で最強と言われている人たちだ。しかも、強さだけではなく、容姿も王都最強だ。伝説では何千、何万も求婚されたとかなんとか......。

　しかし、そんな彼女たちがなぜ俺に求婚してくるのか。それは1年前のある日に遡る。

◇

「邪魔。どいてくれるかな」

「気持ち悪い.....」

　ゼンはギルド内にて最下位のランク、Eランクであり、みんなゼンをストレスの捌け口にしていた。暴力、罵倒色々だ。ゼンはそんな生活に慣れてしまった。

　ある日、ゼンがクエストボードでいつものようにクエストを眺めていると、4人のきれいな女性たちが現れた。その4人組もゼンのことをまるでゴミでも見るかのように見下していた。

「あれは、『崋山烈火』じゃねぇか！」

「うつくしい.....」

「俺は断然マリー様派だ」

「おいおい、レイ様だろ」

　聖女マリーは世界に1人しかいない聖女であり、回復のスペシャリスト。彼女の手にかかれば腕ですら生やせるらしい。

　剣姫レイは王都で一番優れた剣士である。彼女もまた伝説があり、1秒で100回切ることができるらしい。

「俺はエリ様だな」

「バカか、絶対リン様だろ」

　賢者エリは魔法の才能が群を抜いており、5属性【火・水・闇・光・緑】すべてを扱える唯一の人物である。

　武神リンは武闘の使い手である。この間の地震は彼女が怒り、地面を殴って起きたらしい。

　そんな恐ろしい人間のクランが『崋山烈火』なのである。ゼンはこの1年後に彼女ら全員から熱烈な求婚をされるとは微塵も思っていなかった。

　ゼンはいつものようにEランク用のクエストである、薬草採取をカウンターに持って行った。

・依頼内容　薬草10個
・報酬金　銅貨7枚
・場所　アスカリナ山

　なかなかいいクエストを見つけたとゼンは思った。しかもゼンの家の近くのクエストだ。ゼンは街ではギルドの連中にこっぴどくやられるため、暮らしは山の上に住んでいるのだ。ゼン自身、景色もよくすごく住みやすいため、遠いが気に入っている様子だ。

「邪魔どいてくれるかしら？　ゴミ」

「あらあら、レイ、ゴミと言ってはいけませんよ？　クズですよ？」

「あはははは、雑魚はどうしようもないね！」

「一緒の空気に居たくない.......」

「す、すみません」　　

　カウンターに居たゼンは『崋山烈火』の人たちにひどい言われようだった。強いものがすべてなこの世界にゼンは少し絶望していたのだ。

　ゼンはそそくさとギルドを退去し、アスカリナ山に行った。

「お、あったあった！」

　薬草を発見した。しかしゼンが見つけたのは薬草だけではなかった。

「なんだよ、この光を放っている薬草は.......」

【鑑定】という物を見分ける調合師の固有魔法を使い、鑑定してみると、

・名称　蘇生の薬草
・売却　白金貨10000枚
・入手方法　不明
・効力　1人の命を蘇らせることが出来る

「おいおい！！！　やばすぎだろこれ！！！！」

　ゼンの目の前には国宝級のアイテムが生えていたのだ。普通ならありえないが、何千年に1度生えるか生えないかの可能性で生えると本には載っている。

「どうしようこれ......。売る？　いやいや、もったいない」

「とりあえず、家に持って帰ってそれからどうするか考えよう！！」

　ゼンはとりあえず家に持って帰ることを選択した。

　そして、ゼンはギルドのカウンターで薬草を渡してるときによからぬことが耳に入る。

「崋山烈火のメンバーたちが邪神を封印したらしいぜ！」

「やっぱり、あの方たちは素晴らしすぎるよ」

「でも、ここからがやばいんだよ」

「なにがよ」

「崋山烈火の全員が行方不明らしいんだ」

「えぇええええええ！！！！！」

　女性は今年一番大きな声を出したんじゃないかというくらい大きな声を出していた。その声にギルドにいる人たちも驚く、ゼンも当たり前だが含まれる。

（崋山烈火のみんなが行方不明？　何かあったに違いないな......）

　ゼンはそんなことを思いながらそそくさとギルドを出て、自宅の帰路についた。そして、自宅の近くに来た時に事件は起きた。

「女性たちが倒れている！！！」

　ゼンは4人の女性の元へと急行した。

（なんだこの血の量は........。この人をまず俺の自宅まで運ばないと）

　そして、女性を自宅に運ぶため上体を起こしたときに事件は起きた。

「おい..........嘘だろ..............」

　その女性たちの正体は『崋山烈火』のメンバーたちだったのだ。
　
　

ブックマーク２０人ありがとうございます！！　毎日投稿頑張ります！
********************************************
第1章　出会い　1話　治療開始

「これはまずい.......」

　ゼンは『崋山烈火』のメンバーを運んでいて、気づいた。メンバー全員の息がないということを。

「これじゃ助けられ—————————————！！！！！！！！」

　ゼンはあることを思い出した。それは『蘇生の薬草』だ。しかし、『蘇生の薬草』は本に書いてあったのは1人に使うと光が失われ効力が失われるらしい。

「考えろ俺！！！！」

　ゼンは思考をこの上ないまで巡らした。そして、

「！！　ポーションなら......」

　しかし、あまりにも賭けにですぎている。『蘇生の薬草』なら1人は最低でも生き返させられる。しかし、ゼンは全員を助けると決心をした。

　まずは、『蘇生の薬草』を取り出して包丁で切り刻んだ。

「光は........失われてないな」

　切り刻んだ『蘇生の薬草』を煎じた。そして、ポーションにするためその中に色々な材料を入れなければならない。スライムゼリー、ホシピッピの爪、治療羊の糞を棚から取り出した。

　ホシピッピ＝Aランクモンスター。体長5ｍ以上ある巨大な鳥である。

　治療羊＝Ｓランクモンスター。治療羊の糞は不治の病気すらも治すという噂がある。

　なぜＥランクのゼンが治療羊やホシピッピの爪など持っているのか。その理由はこの山にある。ギルドの連中はほぼ知らないが、ここアスカリナ山には治療羊がいるのだ。ゼンはこの山に引っ越す前、ある薬草採取の仕事で、アスカリナ山に来ていた。

　そして、モンスターに襲われた。何とか逃げ切ったが、血が止まらなく力尽きそうになったとき、目の前に伝説の存在と言われている治療羊が現れたのである。

　そして、治療羊はゼンの傷口を舐めた。すると、傷口はみるみるうちに塞がり、元の体に戻っていた。ゼンは驚きですぐには行動できなかったが、自然と治療羊の頭を撫でてしまっていた。一瞬ピクッと驚いた治療羊だがすぐに気持ちよさそうに目を細めて、ゼンの近くに座った。

　それから、ゼンと治療羊はずっと一緒というわけではないがたまに来ては、ゼンはご飯をあげたり体を洗ってやったりしている。治療羊はいつもお礼にと糞を落としていった。最初は捨てていたが、興味本位でポーションに混ぜてみたところフルポーションの５倍の回復力があることがわかった。

　その治療羊の糞や、たまたまアスカリナ山に落ちていたホシピッピの爪を煎じた『蘇生の薬草』の中にいれ、スライムゼリーと聖水を入れた。聖水は病気の進行を止める効果があるため、『蘇生の薬草』の光が失われることも止められるかもしれないと考えたのだ。

　そこから、４時間煎じた。そして、

「完成した！！！！！！！」

　調合師の固有魔法である【鑑定】で見ると、〝蘇生のポーション″となっていた。

「すぐにあの人たちに飲まそう」

　ゼンは急いで『崋山烈火』のメンバー全員に飲ませた。飲ますと同時に『崋山烈火』のメンバー全員の体が光りだした。

「これでどうだ........」

　彼女たちの胸に自分の耳を当てると、〝ドクン、ドクン、ドクン″　心臓の音が復活した。

　しかし、心臓の音が復活しても一向に起きない。ゼンは既にその答えを知っていた。

　ポーションというものはその場しのぎの物であり、内臓などの損傷はポーションを飲み続けないと治らない。だから、内臓が酷く損傷している彼女たちは、表面上心臓が治っても、内臓すべてはまだ治っていないため目覚めないのだ。

　ゼンはさっきのポーションの聖水と『蘇生の薬草』を抜いて、治療羊の糞で作ったポーションを作った。それを毎日飲ませた。夏の燃えるような暑い中でも彼女たちの体温を冷やすために〝冷え冷えポーション″を飲ませたり、冬の凍えるような寒さの中では、〝ポカポカポーション″を飲ませた。

　当然の如く、治療羊のポーションは毎日飲ませ続けた。ゼン自身、糞の入ったポーションを飲ませるのは気が引けるが、聖水の効能によって匂いは緩和され、ほとんど匂わなくなっていたので、それは良しとした。

　治療羊もこのことを知っているかのように３日に１回のペースでゼンの家に訪れていた。しかも、口にはホシピッピの爪を咥（くわ）えながら。帰りにはお土産う〇ち。

　そして、月日は流れ、１年が経った。


************************************************
ブクマ、評価、感想お願いします！！第１章　出会い　2話　『崋山烈火』の復活

　1年の月日が経ったある日、ゼンと治療羊はポーションの材料を取りに行っていた。その間、王都で仲のいいポーション屋のおばちゃんに家を預けていた。

「メェーちゃん！　待ってよ～」

　メェーちゃんとは治療羊である。なぜゼンと治療羊が探索に出ているのかというと少し時が遡る。

「メェーちゃん、ホシピッピの爪はいつもどこから持ってきてくれるの？」

　この何気ない一言が治療羊を動かした。治療羊はゼンの服を口で引っ張って、ホシピッピの爪がある場所へと誘導したのだ。誘導された場所はいわゆる寝床であった。

「こ、これはヤバいんじゃない.....？」

　そんなことをゼンは思っていたが、治療羊は何事もないかのようにホシピッピの寝床に入り、落ちている爪を咥えて、ゼンの元へと再び戻ってきた。

「こういうことだったのか.......」

　何かうれしいような申し訳ないような色々な感情が混ざっていた。

◇

「—————————————んっ。こ、ここは？」

　見知らぬ天井に『崋山烈火』のうちの1人剣姫レイはつぶやいた。

「ここで、治療を行ってもらっていたのよ私たち」

　そう言うのは聖女マリーであった。彼女もついさっき起きたのだが、この状況をすぐに理解できた。

「でも、私たち死んだんじゃなかったの？」

「えぇ、みんな死んだ..........」

　賢者エリも同様に起きていた。しかし、『崋山烈火』のメンバーは3人はほぼ同じタイミングで起きたから、なぜ生き返ったのかが理解できていなかった。しかし、1人だけ1日前、武神リンはゼンが家を預けたときにちょうど目を覚まし、ゼンとはすれ違いの形となっていた。

「じゃあ、どうやって.......」

「こっちに来て」

　リンは他3人をある部屋へと誘導した。

「なによ、これ.......」

「どれだけ私たちを.......」

「すごい........」

　レイ、マリー、エリは目を奪われた。そこにはびっしりとポーションが並んでおり、資料や本、また材料が溢れかえっていた。そして、聖水の中にある、薬草にみなの目が行った。

「これって、まさか！」

「そうだよ、これ『蘇生の薬草』なの」

「嘘ですよね......？」

「ほんと.......これ『蘇生の薬草』........」

　レイたちは驚きを隠せなかった。『蘇生の薬草』がどれだけの価値を示しているのかが知らないはずがない。どの国も喉から手が出るほど欲しがる代物だ。それをなぜ誰かもわからぬ自分たちに使ったのか、それが不思議でたまらなかったレイたちは、すぐに治した本人に会わせてほしいとリンに言った。感謝の気持ちとこれを使ってしまった理由を聞き出すために。しかし、

「その人は今いないよ」

「え！？　なんで！？」

「お礼もできないなんて......」

「悲しい........」

「じゃあ、わたしが説明しましょうかのぉ」

　腰が曲がり切ったおばあちゃんが扉から出てきた」。

「ま、まさかあなたが！！！」

「違いますぞ、貴方たちを治したのはゼンという少年だのぉ」

「「「ゼン？」」」

「まぁ、知らないのも無理はないのぉ。ゼンくんはEランクの冒険者だからほとんど知らないかものぉ」

「「「「Eランク！！？？」」」」

　『崋山烈火』のメンバー全員が驚いた。リンもゼンについては名前だけは聞いたが、それ以上は他の人たちが起きてからということだった。『崋山烈火』の全員はてっきりSランクの冒険者でダンジョン攻略商品でゲットした戦利品が『蘇生の薬草』なのかと思っていたのだ。

「しかし、調合師の腕は国でおそらくゼンくんを超す者はいないだろうのぉ」

「そんなすごいひとが......」

「でも、『蘇生の薬草』だけでは、内臓が治りません！　これでは私たちは一生眠ったままのはずです！　いったいどうやってゼン様は私たちを完全回復させたのですか！！？？」

　聖女のマリーはさすがと言うべきか、ポーションについて詳しく知っていた。だから、どうやって治したのかが気になっていたのだ。

「その答えはこれじゃのぉ」

　そしておばあさんが取り出したのは、あるポーションだった。しかし、みんなはそのすごさがわからなかった。

　ある1人を除いて....。

「なんなんですかこのポーションは.......」

　驚いて、腰を抜かしながらマリーが言ったためみんな何事かと思った。

「どうしたのよマリー」

「なにこれ.........」

「マリーがここまで驚くってことは、ヤバいのかこれ」

　マリーは、コク、コクと頷いた。マリーは世界でたった1人の聖女であり、回復に関しては彼女の右に出るものはいないのだ。その聖女にここまで言わせるのだから、そうとうヤバいのだろうと思った。

「こ、これ、フルポーションの5倍は回復力がある.......」

「「「え」」」

「ゼン様はこれを作っておられたのですか！？」

「そうのぉ、毎日貴方たちに飲ませていたらしいのぉ」

「「「「毎日！！？？」」」」

「ゼンくんは時々、うちの店に来ては泣いておったのぉ、これで起きなかったら自分のせいだって」

「ゼン様はなぜそこまで......」

「わたしも知らないけど、ゼンくんは困っている人がいたら助ける人だからのぉ」

　『崋山烈火』の全員は感謝のあまり全員が泣いていた。見知らぬ自分のために泣いてくれるゼン、そして、良質なポーションを作り毎日飲ませていたことすべてに関して感謝であった。

　そして、既に、彼女たちの心の中にある感情が芽生えだしたことに、彼女たちはまだ知らない。

　

************************************************
ブクマ、評価、感想お願いします！！ブックマーク40人ありがとうございます！！これからもお願いします！！！
********************************************
第１章　出会い　3話　ゼンの正体と『崋山烈火』の決心

 ゼンが自宅を空けてから3日が経った。

「おばさん、ただいま！」

「おかえりのぉ」

「何も変わったことはなかった？」

　ゼンは素材の入った荷物を片付けながら、おばさんことミルさんに何気なく言った言葉だが、ミルさんが発した言葉に思わず荷物を落としてしまう。

「い、いまなんて.......」

「あのお嬢ちゃんたちは完治して、王都に向かっていたのぉ」

「ほんと？」

「えぇ、ありがとうって言ってたのぉ」

「..........ぐすっ、よかった。よがっだ.....ひっく」

「ほらほら、治ったんだから泣かないのぉ」

　ミルさんはゼンを抱きしめて、号泣するゼンをあやした。その光景は『崋山烈火』のメンバーも見ていた。

　賢者エリの自作の魔法である【天空眼　映像化】という神級の魔法を駆使し、『崋山烈火』の全員に見せた。

　そこで『崋山烈火』の一同はゼンが誰なのかがわかった。

「わたしたちは、なんて酷いことを.......」

「最低だなわたしら」

「本当に何て酷いことをしてしまったのでしょうか.......」

「ごめんなさい........」

　そう、ゼンの正体は『崋山烈火』の一同もストレスの捌け口として使っていたEランクの少年であったのだ。その少年がゼンであると気付いたときには、自分たちのやったことは許されることではないと気付いた。

　ゼンに恨まれていてもおかしくないことをやってきたのに、『蘇生の薬草』まで使い、全員を1年がかりで助け、今現在、治ったということを聞いた途端、号泣してくれるゼン。

　『崋山烈火』の一同は全員の顔を見合い、同じ決心をする。

「一生かけて謝ろう」

「それしか償えないよ」

「許してくれなくても、一生謝罪を続けましょ」

「賛成......」

　彼女たちはゼンに全力で謝ること決心したのだ。許してもらわなくてもいい、それでも感謝と謝罪を続けたいと思ったのだ。そして、王都へと到着した彼女たちは王宮へと行くのだった。


「おいおい、聞いたか？　『崋山烈火』が帰ってきたらしいぞ！」

「マジで！？　また、あの美しい女神様たちが見えるのか......」

「しかもよ、今日はそのパレードがあるらしいぞ！」

「絶対見に行こう、そして求婚しよう！」

「「「「「「「「「「「おぉぉおおおおおおおおお！！！！」」」」」」」」」」」

　街では『崋山烈火』の帰還の話題で持ち切りになっていた。誰もが今夜開催されるパレードを楽しみにしていたのだが、

「ねぇ、早く帰らせろよ」

「その通りです、早く帰宅させてください！」

「ホントに無能ね」

「うざい........」

　『崋山烈火』のメンバーはゼンに感謝と謝罪をしたい欲がMAXに達し、この待ち時間、そしてパレードが開催されることについてイライラしていたのだ。

「だ、だが、民が待ち望んでいるのだ。パレードはや———————————」

「なに？　何でやる必要があるの？」

　怒りのボルテージが充填しそうな武神リン。今にも噴火しそうだ。

「し、しかし—————————」

「頭が悪いですね。パレードをやる真意がわかりません」

「バカ...........」

　聖女マリーと賢者エリの追い打ち、そして最後に、

「ねぇ、あんたアホ？　私たちはパレードはやる気ゼロ。あんたが勝手に決める権利でもあったわけ？」

　剣姫レイの毒舌攻撃。これにはさすがの王でもノックアウト。

「わ、わかった。後日に延期をしよう」

「ふんっ、当たり前よ」

「やるじゃん、おっさん」

「当然でございますわ！」

「アホ.........」

　王宮をそそくさに出て行った『崋山烈火』のメンバーを見送った。

（帰還前よりも我がまま度のレベルがアップしている.......。これでは、ワシの体が持たん.......）

　ストレスがさらに増える恐怖に怯えながら、胃を抑えている王は自室へと戻った。

************************************************
ブクマ、評価、感想お願いします！！第１章　出会い　4話　ゼンとの再会と思いきや

「おいおい、聞いたか？　今日のパレード延期らしいぞ」

「え！？　マジかよ......。めっちゃ楽しみにしてたのに」

「延期らしいぞ」

「今日拝めると思ったのになぁ」

　街では先ほどとは空気が真逆であるが、パレードの中止の話題でいっぱいである。

「『崋山烈火』のみなさんは、パレードやらなくなったんだ」

「そうのぉ、疲れとるのかのぉ」

　ゼンは王都にあるミルさんの調合屋にミルさんを送って行っている途中であった。

「まぁ、元気ならそれでいいや！」

「そうのぉ」

　そして、ゼンはミルさんを自宅（調合屋）へと送り、ポーションの研究のため王都の市場で材料を買って帰路についた。しかし、

「おい、Eランクのガキちょっと待て」

　ゼンはいつものことだと思い、無視をして帰ろうと思ったが、

　〝ドゴッ！！″

　ゼンは頬を殴られ、隣の小屋へと吹き飛ばされる。

「いいねぇ、ガン！」

　この大柄の男はガンというBランクの冒険者であり、いつもゼンをストレスの捌け口として利用している。

「痛た....」

　ゼンは鼻から血が出ており、歯も何本か折れている状態だった。

「おいおい、くたばるんじゃねーぞ？」

　そして、ガンは追い打ちをかけるようにゼンを殴り続けた。ゼンはもうどのくらい殴られたのか憶えていない。周りにいた女性がさすがにやりすぎと言って、ガンはゼンに唾を吐いてどっかに消えた。

　それから1日近く小屋で気を失っていたゼンは、目を覚まし、重い体を持ち上げ、再び帰路についた。

◇

「ゼン様！　ゼン様！　いらっしゃいますか？」

「.........................」

「いないみたいだな」

「待つわよ」

「当たり前........」

　しかし、夜になっても帰宅しない。さすがに心配しだした彼女たちは捜索に出ようと考えたが、すれ違いが一番やってはいけないことだと結論をだし、待機することに決定したのだ。

　しかし、次の朝になっても帰って来ず、気づけば夕方になっていた。

「一回、家に帰りますか？」

「賛成～」

「うん.........」

　エリ、マリー、リンは一度の帰宅を提案するが、

「あんたたち、よくそんな心構えで謝ろうなんて思えるわね」

「い、いや、そういうわけでは...........」

「意味がわからない。私たちは恩人にやってはいけないことをやってしまったんだよ？　それがなんで、帰ろうって話になってるわけ？　心構えがないなら帰れば？　私は残るから」

　剣姫レイは激怒した。さっきまでの心構えがない、帰るという甘い考えが出ている。自分たちのやってしまったことの過ちの大きさが認識できていない、と感じたのだろう。

「レイの言う通りだ、帰るなんて選択はないな。すまなかった」

「すみません、そんな提案をしてしまって。私はバカですね......」

「ごめん.........」

「だったら、来るまで待ちましょう」

　彼女たちの意志がさらに強まったとき、森の奥から人影が見えた。

「あ、あれ！　ゼン様ですよ、きっと！！」

「謝れる、感謝も言える」

「みんなでしっかり謝るのよ」

「うん.........」

　しかし、ゼンは彼女たちのもとに着く前に、森の中で倒れてしまった。

「ゼン様！！！」

　
　

************************************************
ブクマ、評価、感想お願いします！！ブックマーク80人ありがとうございます！　訂正しました！
********************************************
第１章　出会い　5話　『崋山烈火』の怒りと謝罪

「ゼン様！　ゼン様！」

「マリー早く回復魔法を」

「は、はい！」

　うつ伏せで倒れていたゼンをリンは仰向けにした。そして、ゼンの顔を見た『崋山烈火』の一同は今までに感じた事の無い憤りを覚えた。

「これをやったやつは誰だ」

「殺してやるわ」

「コロスコロスコロスコロス.........」

　ゼンの顔は歯がほぼなく、顔を殴られすぎて誰だかわからないレベルになっていた。ギリギリ息があり、ホッとした彼女たちであったが、ゼンにこんな惨いことをした人間を生かすという考えが微塵も残らないほどの怒りを持っていた。

　今すぐにでも殺してやりたい気持ちであったが、ゼンの治療が先決と判断した彼女たちは、ゼンを自宅へと運び、聖女マリーが|極大回復魔法《マキシマムヒール》を使用した。

　ゼンの顔はみるみるうちに治っていき、歯も全部元通りになっていた。しかし、意識は戻らない。

「ゼン様ぁーーー！！　うぇえええええん。ぐすんっ。ゔぇええええん」

「おい、マリー！　恩人にそんなにくっつくなって」

「だって、だっで、ぐすんっ............」

「こんなことしたやつは同じ目に合わせてやるわ、必ず」

「コロスコロスコロスコロス..........」

「とりあえず恩人が起きるまで待とうぜ」

「ばぁい。ぐすんっ」

「えぇ」

「うん............コロス」

　ゼンはそのあと2日にも及んで、寝込んでしまった。ゼンは寝込んでいる間、高熱を出しこれもゼンをボコボコにしたやつのせいだと、彼女たちは思い込み、怒りのあまり狂いそうだった。

　そして、3日目の日、

「——————————————ん、ここは」

「あ！　ゼン様！！　やっと起きました！　やっどおぎだよぉぉ」

　泣きながらゼンに抱き着いてきた聖女マリーにゼンは困惑していた。

「え？　あれ？　『崋山烈火』のみなさんじゃないですか！」

「大丈夫か？」

「は、はい！　そ、その、すみません........」

「なんで謝るんだ」

「そ、その助けてもらいましたし......」

「それはこっちのセリフ........」

「ゼン聞いてくれるかしら」

　リン、レイ、エリは真剣な目でゼンを見つめた。

　ただマリーを除いて。

「本当にごめんなさい」

「すまなかった」

「ごめん.........」

「ごぶぇんなざぁい」

「い、いや何で謝るのですか？」

　彼女たちがいることに対して、それ以上に彼女たちに謝られたことに対して、ゼンは驚いたのだ。

「助けてもらった恩人に対して今まで酷いことをやってしまって」

「いや、そんな......」

「謝って許されることだとは思っていないわ、だからゼンのために色々しようと考えたの」

「いや、だから......」

「謝るずっと、ごめんなさい.........」

（おいおいおい、『崋山烈火』の全員が泣きそうになっているんだけど.......。てか、俺に抱き着いてるの聖女じゃね？　てか、ヤバくね？）

「あ、あの、せ、聖女様。そ、その体を離してもらえると嬉しいのですが........」

「やだ」

「や、やだ！？」

「やだ」

「お、俺はそのEランクですし、Sランクの聖女様が触れるような人物では.........」

「関係ないです」

（おいおい、さっきよりも抱き着いてきてるぞ！　てか、胸がすごく当たってる！！！！）

「マリーどきなさい、ゼンが嫌がっているわ」

「え？　嫌なのですか？」

「いや、嫌ではないですけど.......」

「じゃあ、このままです♡」

　〝ピキピキ″という壁がきしむ音が聞こえた。ゼンはどうしてこんなにきしむ音が出ているのかなと思い、『崋山烈火』のメンバーを見ると、

「マリーはやくどきなさい？」

「調子に乗るんじゃねぇぞ？」

「コロス............」

（やばいやばいやばいやばい、殺される！）

　血相を変えた剣姫レイ、賢者エリ、武神リンがそこに立っていた。

「せ、聖女様、さすがにどかないと.......」

「マリーって呼んで」

「え？」

「マリーって呼んでください」

「え？」

　この言葉が発端で『崋山烈火』での戦闘が始まった。

　

************************************************
ブクマ、評価、感想お願いします！！ブックマーク400ありがとうございます！！！　これからもじゃんじゃん投稿するんでよろしくお願いします！

　最初はゼン視点でございます。ご了承をお願いします。

　少し、改正もしました。
********************************************
第１章　出会い　6話　ゼンの善行と聖女マリー

「離れなさい！」

「やーーーだ！！」

　俺ことゼンは今起きている状況をあまり理解出来ていない。聖女様が駄々をこねて、俺から離れないようにしている、それを剣姫様が必死に剥がそうとしてる。

「お前ら、恩人の前でみっともないぞ」

「コロス........」

「だって、マリーがやたらと離れないんだもん！」

　だもん？　あれ口調変わってね？　なんかさっきまでの凛々しい声がキュートになっちゃってるんだけど、どうしたんだ剣姫様よ！

「別にいいですよね？　私とゼン様がくっついていてもレイには関係ないですよね？」

「私だって..........」

　おいおい、剣姫様が泣きそうだぞ。なにこれ、すごいギャップで可愛いんですけど。

「私たちは、謝罪と感謝を言いに来ているんだぞ？　しっかりしろ」

「コロス..........」

　賢者様の言っていること、ダークネスなんですけど！！　詠唱だけはやめて、家がなくなるから。

「そ、そうね！　忘れてたわ！」

「それも、そうですね。お礼が終わったらまた.......。ふふふ♪」

「ハァ。すまないゼン殿、こいつらが迷惑かけて」

「いえいえ、そんな迷惑だなんて......」

　ぱぁっと明るくなる聖女様の顔と怒り狂う賢者様の顔、そして、なぜか泣きそうな剣姫様の顔。なぜだ、なぜこうなったのだ。

◇

「私たちを助けていただき本当にありがとう」

「ありがとうございます」

「ありがとう」

「ありがと.......」

　またしても、『崋山烈火』がゼンに対して頭を下げ、先ほどの謝罪とは違う、感謝の言葉をゼンはかけられていた。

「いや、当然のことをしたまでですから」

「『蘇生の薬草』を使うことが当たり前だって言うの？」

「当然です」

「ついこの間までゼンをストレスの捌け口にしてたわたしらでも？」

「それは、助けることに関係ないことです」

「ゼン優しすぎる........」

「当たり前のことしただけだし、むしろ1年間も治せずに申し訳ありません」

「何を言ってるの？　あなたがいなかったら私たちここにいないんだよ？」

「そうですよ！　ゼン様のおかげで私たちはまたこうして生きることができます」

「私たちはゼンに感謝しきれないわ」

「そ、そんな。でも、無事でよかったです」

　ゼンは微笑んで『崋山烈火』に向けて、言った。

「はぁう！」

「ちょ、大丈夫ですか聖女さ———————————マリー様」

「これは重症だな」

「コロス.........」

「え、ど、どういうこと？」

　いきなり体をくねくねさせながら倒れるマリー、頭を押さえているリン、殺気がフルパワーのエリ、ゼン同様状況が理解できていないレイ。

　すると、倒れていたマリーが衝撃的な発言をした。

「私、決めました！　ゼン様に『聖女の加護』を捧げます！！」



************************************************
ブクマ、評価、感想お願いします！！ブックマーク3000人ありがとうございます！！日間ハイファンタジーランキング1位ありがとうございます！！これからもじゃんじゃん投稿していきます！！

********************************************
第１章　出会い　7話　聖女マリー

「私、決めました！　ゼン様に『聖女の加護』を捧げます！！」

「え？　『聖女の加護』ってなんですか？」

「ちょ、あんたそれだけはやっちゃダメだろ！　ゼン殿にそれを使ったらどうなるかわかってるの！？」

「えぇ、わかってますよ、だからこそゼン様に差し上げたいのです！」

「マリー、それはすこし考えた方がいいわよ？」

　『聖女の加護』という不思議な力を聖女マリーはゼンにあげたがっていた。しかし、それを考え直すように必死に止める『崋山烈火』のメンバーたち。何が何だかまったく理解できないゼンではあったが、すごい重要なことだということは伝わっていた。

「私は決めたんです！　この人にならあげてもいいです！！」

「はぁ。なんでそんなに、ゼン殿に拘るんだ」

「そ、そうよ！　『加護』をあげるということは。そ、その........ずっと、い、いるんだよ？」

（ずっといる？　どういうことだ？）

「えぇ、むしろそのつもりでしたから！」

「はぁ、こりぁダメだな」

「アホ..........」

「え？　ど、どういうことですか？」

　この話の内容がゼンにはまったく理解できなかったが、これがゼンの運命を左右する大きな話だということはゼンは知らなかった。

「ゼン殿はどうしたいですか？」

「え？　どういうことですか？」

「まず、ゼンは『加護』について知らないんじゃない？」

「そう思う......」

「知らないですね......」

「やっぱりね！」

「じゃあ、私がゼン殿に説明しよう」

　リンは無知なゼンに対して、『加護』について詳しく教えた。

　『加護』というものは、8神から特別に授けられるお守りみたいなものであり、その神々の力の一部を得ることが出来ることである。それぞれ、【武神の加護】　【狩人の加護】　【聖女の加護】
【剣聖の加護】　【魔帝の加護】　【商神の加護】　【美好帝の加護】　【知神の加護】という8つの加護に分けられる。　　

　レイは【剣聖の加護】 を保持している。エリは【魔帝の加護】、リンは【武神の加護】をそれぞれ保持している。

 そして、最も重要なことは『加護の契約』である。『加護の契約』は決して加護をあげるとかそういうわけではない。契約された側の人は、契約することによって加護の力が少し手に入る。

　しかし、『加護の契約』で最も重要なことは『加護の契約』は契約することによって、今以上の力が出るというメリットがある。しかし、デメリットもある。それは

「契約者とずっと一緒にいる！！？？」

「そういうことだ」

「え？　なんでそんな重大なことを俺になんですか？」

「ゼン様は、私を救ってくれました。私たちがあそこまでひどい扱いをしてきたのに、私たちを何の躊躇もなく助けてくれました。泣いてもくれました。ここまで優しい人を見たことがありません」

「で、でも、それは一時の感情だけなんじゃ.........」

「絶対それはありえません！！　この気持ちだけは揺るがない自信があります！！」

「ゼン殿、マリーは本気だ」

　マリーの顔は先ほどまでとは、まったくの別人のように真剣であった。しかし、

「すいません、それをお受けできません」

「なんで！　なんでなんですか！！」

　予想外の展開に『崋山烈火』のメンバーは口が閉まらない。普通の男性なら『加護の契約』をしたいと、ここまでの美少女に言われれば、間を開けることなく承諾するだろう。しかし、ゼンはそれを断ったのだ、しかも間を開けることなく。

「どうして.......？」

「ゼン殿」

「理由を言ってください！　納得できるわけありません」

「理由はお教えすることはできません。でも、1つあげるなら自分がEランクだからです」

「なんですかそれ！　ランクとか意味がわかりません！　納得できると思っているんですか！？」

「落ち着けマリー」

「ゼン、理由は聞けないのかしら」

「すいません、あまり思い出したくないもので.......」

　ゼンの余りにも暗い顔をする理由は何だろうと疑問を持ってしまった。しかし、それでも聖女マリーには、諦めるなんて言葉はなかった。

「本当の理由は知りません。ですが、私、聖女マリーは絶対に、ぜぇっっったいにゼン様と契約してみせます。これだけは揺るがない自信があります。だから、覚悟しといてくださいね！」

「で、ですから—————————————」

「異論は許しません！」

　ゼンの口にマリーは指を当て、にっこりと微笑んだ。
　
************************************************
ブクマ、評価、感想お願いします！！今回は閑話です！！

訂正しました！
********************************************
閑話　デンゾール＝マリー

　私の名前はデンゾール＝マリー。私の家は教会です。しかも世界的に有名なデンゾール教会という教会の1人娘です。デンゾール家の人間は回復魔法に優れています。

　初代のデンゾール家の人物は【聖女の加護】を持っていたと聞いていました。しかし、そこから1000年近くこの世界で【聖女の加護】は世界に出てきませんでした。

　ですが、私はその【聖女の加護】を生まれるときに授かりました。家のものは大喜び、また世界中でも私は注目されました。

　街の貴族、他国の教会の息子、王族の子供、私は色々な人に求婚されました。自分で言うのもあれですが、容姿には自信があります。

　ですが、婚約する気はまったくありませんでした。聖女として困っている人をできるだけ助けたいと思っていたからです。

　私はいつも通り教会で仕事をしていると、リンというカッコいい女性と出会いました。リンは腕を怪我していて、骨も粉々でした。どこに行っても治せないと言われており、私のところを紹介されたと。

　私は死んだ人物を生き返らせる以外、ほとんどのことが可能です。さすがに四肢の欠損は相当な時間を要しますが、それでも回復は可能です。

　私は少し時間はかかりましたが、リンの腕を完全に治しました。そして、治したあとに、思わぬ提案をされました。

「マリー、私と一緒に来ない？」

「え？」

「一緒に救おうよ世界を！」

「世界？」

　この誘いが私の人生を変えました。この人と旅すればもっと色々な人を救えるんじゃないか、そう思い『崋山烈火』というクランを私とリンで作りました。

　リンは【武神の加護】を持っており、これは人間か？　という疑問を持つほど強かったです。そして、旅を続けていくうちに、世界の色々な事を知りました。飢餓、疫病、災害、奴隷制度など私の想像を遥かに超えるひどいことが世界では起きていました。

　私は全力で救えるだけ人を救ってきました。しかし、それでも救えなかった人物は何人もいます。もし、私にもっと力があれば、といつも考えていました。

　そして、『崋山烈火』に新しい仲間が増えました。レイとエリです。彼女らも加護を保持しており、クランはいつのまにか王国最強とまで言われるようになりました。

　しかし、事件は起きました。いつも求婚してくる冒険者の男性が私のもとに来て、衝撃的な発言をしたのです。

「あの村は焼いときました！　マリー様はあんな腐った場所に行くべきじゃない」と。

　その男は私が治療していた疫病で苦しんでいる村を焼いたと言ってきたのです。怒りしか湧きませんでした。冒険者は自分の利益になるためになら何でもするのかと思いました。冒険者すべてが憎くなりました。

　そして、ある日Eランクの少年とギルドで会いました。彼も冒険者でした。彼のような若い少年は冒険者になってはいけないと思い、最初はギルドから退けるために暴言を吐いていました。しかし、自分でも気づかないうちに、いつの間にかストレスの捌け口として少年を利用していたのです。

　ある日、邪神が復活したと王国から報告が入り、現場に急行しました。封印はなんとかできましたが、最後の悪あがきとでも言うのでしょうか、邪神は魔法を放ち、エリの咄嗟の判断で転移魔法を使用しましたが、転移先で仲間がだんだんと死んでいくのがわかりました。自分も死ぬことくらいわかっていました。聖女として仲間を助けられないなんて失格だなと思いました。そして意識はだんだんと薄れていき、視界が暗闇に染まりました。

　しかし、私は目が覚めました。上には見知らぬ天井、左右にはベットで治療らしきものを受けている仲間がいました。あの状況でどう治したのか？　という疑問と、どんな人物が私たちを治してくれたのか？　という興味が湧きました。

　そして、私たちを治してくれた人物が私たちがストレスの捌け口としていたEランクの少年だと知りました。感謝もすごくありました、ですが謝罪の気持ちのほうが非常に大きかったです。仲間も同じ気持ちだと言っていました。

　私たちに国宝級である『蘇生の薬草』を躊躇なく使用してくれたこと、自分にあんなにひどい扱いをしてきた人物が治ったと聞いて、大泣きする少年。

　ドクンッ。

　なんなんでしょうか、この胸が苦しくなる感じは。

　その少年はゼン様というらしいです。それからは、彼のことばかり考えてしまいます。彼がボロボロになって帰ってきたときは、今までに感じたことがない怒りが浮かびました。彼の近くにいると安心します、でも、ドキドキもします。

　ドクンッ。

　また、胸が苦しくなります。

　私はこの気持ちが知りたい。なら、

「私、決めました！　ゼン様に『聖女の加護』を捧げます！！」

************************************************
ブクマ、評価、感想お願いします！！ブックマーク5500ありがとうございます！！　文章力をあげるため日々精進します！！　日間ランキング1位ありがとうございます！！
********************************************
第１章　出会い　8話　引っ越し

　ゼンと聖女マリーとの一連の出来事から1週間が経った。マリーは3日の間ずっとゼンの家でゼンの看病をしていた。回復魔法で治ったとしても、体力的な面は治せないためである。

　マリーは以前からゼンの家に住んでいるかのように馴染んでいた。ゼンは何度も帰るように促したが、それでも一向に帰ろうとしなかった。

　しかし、５日目のある日、急に用事が出来たと出ていったきりゼンの家には来ていない状況であった。

「今日は、ギルドでも行ってクエストでもやろうかな」

　ベットから身を起こし、支度をしていると、

　‶コンコンコン″

　玄関の扉をノックされている音がしたため、ゼンは玄関を開けた。

「来ちゃいました♡」

　‶バタンッ！″
　
　ゼンは何も答えることなく扉を閉めた。

「ゼン様！！！　ひどいじゃないですか！」

　‶コンコンコン、ドンドンドンドンドンドン、バンバンバンバンバン！！！！″

　余りにもノックする音がうるさくなってきているため、ゼンは再び玄関を開けた。

「ひどいですよ～～」

「す、すみません。つい........」

「ついって何ですかそれ！　ついって！！」

「あのぉ、聖女様？　その後ろにある荷物は........？」

「マリーですけど？　ふふふ、よく気づいてくれました！　お引越しセットです」

「ん？」

「お引越しセットです！」

「ん？　何か幻聴が............」

「だ！　か！　ら！　お引越しするための荷物です！」

「ど、どうしてですか？」

　困惑しながらも理由(わけ)を聞き出すゼンに対して、その質問を待ってましたかのような顔をしている聖女マリー。

「ゼン様と『加護の契約』をするた———————————」

「ごめんなさい」

「早いですよ！！　でも、ゼン様は絶対に|わ《・》|た《・》|し《・》と契約させますから！」

　ゼンはこの一週間で10回以上は、『加護の契約』を断っている。それなのに断るごとに、さらに闘志を燃やしている聖女マリー。最近はゼンとの挨拶ぐらいの感じになっている。

「まぁ、それは置いといて、今日からここに引っ越すことになりました！　改めてよろしくお願いします！」

「ほ、本気なんですか！？」

「本気中の本気です♡」

　これを機に、彼女とゼンの同棲生活の幕が開けた。ゼンが彼女と『加護の契約』をする日もそう遠くないかもしれない。

◇

「マリー本当にここに住んでいるんだ」

「当然です！」

　リンに対して、なぜか胸を張るマリー。最近、ゼンの自宅が『崋山烈火』のメンバーの溜まり場になりつつある。しかも、いつも果物などのお土産を持ってくる。

「あのぉ、そろそろ皆さん帰った方が.........」

　ゼンはここ数日でドッと疲れが出ていた。原因は言わなくてもわかるだろう。

「えぇ、もう外も暗いですしね」

「帰るとするか」

　レイとリンは帰りの支度をしていると、

　‶グゥウウウウウーーー″

　お腹の|囀り《さえずり》とでも表現できるようなお腹の鳴り方が部屋中に響いた。

「エリ、まさかあなた？」

「ぷっ。エリ......あんたなの？　ぷっ」

「ごめん............」

　模範的なお腹の鳴り方をしたのは、一番鳴らなそうな人物であった。

「大丈夫です！　ゼン様が作ってくれますから！！」

「ほんと...........？」

「い、いや.......その」

　すると、マリーが言ったことが最悪な結果を生んでしまった。

「じゃ、じゃあ、私もいただこうかしら！」

「ゼン殿に甘えるとしよう」

「やった............」

　そのあと、ゼンは彼女たちにご飯を作ったが、信じられないほどの喰いっぷりに家の食材がなくなってしまった。ゼンはこれを機に彼女たちに料理を作る際はセーブしてもらおうと心に決めたのであった。










************************************************
ブクマ、評価、感想お願いします！！ブックマーク7500人ありがとうございます！！　日間ランキング1位、週間ランキング3位、月間ランキング14位ありがとうございます！
********************************************
第１章　出会い　9話　ギルド

「聖女様、今日こそクエスト行かなきゃ.......」

「そうですね！　では、食事をしてから行きましょ！」

「い、いや、それだけは........」

　ゼンは既に止めようとしたが、既に遅かった。マリーに食事をさせてはいけない。理由は実に単純であった。

　‶もぐもぐ″

　‶もぐもぐ″

　‶もぐもぐ″

　そう、極端に食べるのが遅いのだ。1回の咀嚼を何回しているんだ、と言いたくなるぐらいたくさん咀嚼をしている。そのせいで、朝ご飯がもはや昼ご飯の時間になってしまうのだ。

「あ、あのぉー、食べ終わりましたか？」

「はい！　では、行きましょう！！」

　時計に目をやると、朝8時にスタートした食事が正午になっていたのだ。


◇

「他のみなさんはどうします？」

「ギルドに来るみたいです！」

「わかりました」

　そのあと、朝ご飯についてや、シシドリが朝に鳴く理由など、とても他愛もない話をしていると、遠くにギルドが見えてきた。ギルドの前にはレイ、エリ、リンが立っていた。

（やっぱり風格が……空気が違うな～。でも、多いな人数！！！）

　ゼンがこう思うのも無理はない、彼女たちの周りには数十という男が群がっている。花束、金、指輪などなど、そこでお店が開けるんではないかと思うくらい、多くの種類のものが彼女たちに献上されていた。

　当然の如く、彼女たちはそれをすべて無視している。その冷たい態度に興奮するものまで出てきているほど、彼女たちの人気は絶大な物である。

「……っ！！　おーーーーーーい！」

「ゼンとマリー..........」

「やっとですわ！」

　手を振りながらゼンのいるところに走ってくるリン、その後ろをエリとレイが付いてきた。

「みなさん、こんにちは」

「うっす！」

「ちわ........」

「こんにちはですわ！」

　このように、ゼンたちと『崋山烈火』のメンバーとの挨拶は彼らにとって日常なことであるのだが、周囲の者にとっては、彼女たちとの挨拶は人類の至宝とまで言える価値の高さなのである。

　そのため当然、周囲の人間から殺気のような視線をゼンは浴び続けることになっている。

「ぶるっ！　何か寒くありませんか？」

「ゼン様！　まさか風邪でしょうか！？」

「いや、風邪じゃないんだけど........」

「なら、気のせいだろ」

「そうですね」

　数百の殺気に気づかない彼女の後をつけながら、そのままゼンはギルドへと入る。

「ゼン、今日は何をするんですの？」

「今日はキノコ取りです」

「「「「キノコ？？」」」」

　頭の上に大きなクエスチョンマークが浮かんでいる彼女たちだが、キノコ狩りは調合師にとってすごく大事なことである。キノコは一般的には食卓の間に出される品物なのだが、ポーション作りにおいて効果に大きく貢献する。

「このクエストお願いします」

　ゼンはギルドカウンターに先ほどの用紙を持って行った。受付嬢はそそくさと作業をし、魔法袋を支給された。この袋に指定されたキノコを入れ、ギルドに提出すると、クエスト完了になる。

　今回のクエストはこれである。

　・キノコ採取
　・納品物　シキノコ
　・納品個数　10個
　・報酬金　金貨1枚

「シキノコって……滅多に手に入らないじゃん」

「むずかしい........」

「シキノコって早々見つかるものではなくない？」

「え?10分あれば十分ですよ」

「えぇ！？　ゼン様すごい！！」

「でも、どうやって......」

　シキノコとは、四季、年がら年中どこかで生えると言われるが、市場ではあまり売られていない激レアのキノコのことである。味はもちろん美味しく、見た目は虹色で貴族の間で最近人気になって価値が高騰している。

　だが、年がら年中取れるがシキノコの生える場所、取れる季節はまったくもって予想ができないため、1個の値段がすごく高いのだ。しかし、ゼンはそれを10分あれば取れると言ったものだから、みんなは驚いたのだ。

「みなさんはクエスト受けないのですか？」

「いや、もう受けたじゃん」

「受けた.......」

「あ、そうなんですか。じゃあ、俺はこれで」

　ゼンはキノコ狩りに行こう翻したが、レイに腕を力強く掴まれた。

「なに言ってるの？　私たちもそれを受けるの」

「え？」

「ゼン様の受けるクエストに私たちはついていきますから！」

「世話になったしな」

「これじゃ足りないくらい........」

　あれから、彼女たちは何か緊急事態があるとき以外はゼンを手伝うと決めていた。

「いいんですか？」

「当たり前です！」

「うん........」

「もちろん！」

「当然ですわ！」

　その場にはとても暖かい雰囲気が流れ出ていた。しかし、その空気は呆気なく壊れてしまった。|あいつ(・・・)が来たことによって。



　





************************************************
ブクマ、評価、感想お願いします！！ブックマーク8500ありがとうございます！！日間ランキング1位、週間ランキング1位、月間ランキング11位ありがとうございます！！　今回はガンへの制裁の話です！
********************************************
第１章　出会い　10話　成敗

「よぉ、Eランクのガキ、お前よく生きてたな」

「ははははは、やめなってガン」

　以前、ゼンをボコボコにしたガンがまた現れたのだ。

「あの.....なんでしょうか.....」

「ゼン様？　震えが.....」

　ゼンは体の震えを止めることが出来なかった。歯が殆ど折れ、意識がなくなるほど殴られたら、誰だってトラウマになるのが当たり前だ。

　ゼンの異常な震えで『崋山烈火』の一同は、ガンがこの震えの原因だとすぐに理解できた。

「あれ？　マリーさんじゃないすか！　どうしてここに？」

　ガンはマリーの姿に気が付くと、すぐさまマリーの目の前に行き、猛烈にアピールを始める。そう、ガンはマリーが好きなのである。もはや恐怖とも思えるほどの執着心に聖女の彼女ですら怖いと思うくらいだ。

「何の用ですか？」

「未来の妻になる人物と話すのは当たり前のことじゃないですか！」

「そういうのやめてもらえますか？」

　ガンはマリーからは想像できないような迷惑そうな顔を向けられた。

「ゼン様？　大丈夫ですか？」

「は、はい。大丈夫です」

　マリーはゼンの手を握り、安心させようとしていた。しかし、ガンはこの状況が気に食わなかった。

「てめぇ！　Eランクのガキがマリーさんに近づくんじゃねーよ！　また殴るぞ！」

　ガンはゼンの胸倉を掴み、体を宙にあげた。しかし、ガンはこの行為の重大さに気づくのが遅かった。気付いたときには、既にガンの腕は宙を舞っていた後だった。

「がぁああああああああああ！！」

「ゼンを殴ったのは貴様なのね」

　ものすごい殺気を出しながら剣姫レイはガンを、猛獣の如く睨め付けていた。

　ガンはものすごい痛みに耐えながら、なんとか言葉を紡ぎだす。

「そ、それは...そう、あいつから仕掛けてきたんだ」

「ほう？」

「ほ...ほんとだ。信じてくれ」

「エリ頼むわ」

「うん.........」

　エリは【天空口　心声】と詠唱し、空中に大きな口が現れた。すると、突然大きな口が動き出した。

『チョロいな、本当はむしゃくしゃしてただけだけど、どうせバレねぇし、これが終わったらもう一回殴ろ』

　驚くべきことに、空中にある大きな口はガンの口と連動して動いたのだ。しかし、決してガンは自分の意志で言ったわけではない。

　エリの放った【天空口　心声】は、対象にした相手の心の声を強制的に言わせるという極悪非道の魔法である。もちろん、これを使用できるのは、賢者エリのみだ。

「お、おい！　何で勝手に言ったんだ！？」

「やっぱり、貴様か」

　ガンは心で思っていたことを口から勝手に出てしまったことに驚いていた。

「そ、そうだ！　俺が殴ったんだよ！」

「じゃあ、同じことしてやるよ」

「で、でもよ、あんたらだって暴言吐いてたじゃねぇか！　なら、殴ってもいいじゃねぇか！」

「貴様の言うことは、尤もだ」

「なら—————————————」

「だが、私たちは決めたのだ。今まで弱いだけで傷つけてしまった人たちに謝ろうと」

　『崋山烈火』の一同は、ゼンが就寝した自宅で話し合ったことがあった。それは今後についてであった。

　彼女たちの意見はすぐに一致した。ゼンにひたすら協力すること、また、自分たちが傷つけてしまった人たちに謝りに行くことだ。そんな簡単に許してもらえるなんて、彼女たちは思っていなかった。それでも、ゼンを通じて感じたことがあったのだ。

　人は強さだけではないということ。

「私がコロス........」

「待ってください！　反省しているなら殺さないでください」

「そ、そうだ！　もう反省している！　だからやめてくれ！！」

　ゼンは彼女たちに言った。ガンもそれに続く。

「ゼンがそういうなら........」

　しかし、【天空口　心声】はまだ続いていた。

『反省するわけねぇだろ！　こんな社会の汚染物は、殴られるためだけに生きているんだよ！』

　彼女たちは許せなかった。一切の反省の色が見られない、そしていつまでも自分たちの恩人をバカにするガンに対して。

【古流術　|殴《グー》】

　リンは武術の達人である。古流術とは武神が初めて使ったと言われている流派で、武の神髄があるとも言われている。世界で古流術が使用できるのは、リンだけだ。

　リンの拳はガンの顔面にクリーンヒット。本当なら、顔面をぐしゃぐしゃに出来たが、リンはゼンの意志を尊重しようと考え、一番弱い力で打ち込んだ。

　それでも、歯がほとんど壊れるほどの威力で打ち込まれたため、ガンは程なくして気絶した。



　

　ブックマーク10000ありがとうございます！！　これからもじゃんじゃんあげます！！　誤字チェックありがとうございます！！
********************************************
第１章　出会い　11話　告白

「....................」

「「「「....................」」」」

　今現在、ゼンとマリーたちは『シキノコ』の採取に来ている。ギルドでのガンとの騒動があり、気まずい雰囲気がずっと続いていた。

「あのぉ、ゼン様？」

「は、はい！」

「これからどこへ向かうのですか？」

　これから採取する『シキノコ』というものは、生える場所と季節が不定期であり、入手困難な品物として知られている。ゼンはそれがいっぱいなっている場所をしっているというのだ。

「|緑山《リョクザン》です」

「えぇええええ！！　緑山ですか！？」

「ゼン殿それはホントか！？」

「うそ........？」

「緑山なんて知ってる人いるの！？」

　彼女たちは今までにないほど驚いていた。原因は、ゼンが言っていた『緑山』だ。『緑山』とは、神話とされている山である。緑豊かな山であり、キノコや珍しい植物がいっぱいに広がっている山だ。

　そんな山をなぜゼンが知っているのか。それは毎度お世話になっている治療羊のおかげだ。『崋山烈火』のメンバー全員を助けられたのも、治療羊のおかげであるし、色々とゼンを助けてくれるのだ。そして、この間もゼンの裾を引っ張りながら『緑山』を案内してくれたのだ。

　ゼンは最初は目から火が出るような衝撃であったが、今では『緑山』の常連客である。

「はい、知っています」

「ゼン様はすごい人です！」

「....................」

　しかし、その場には先ほどのまでの気まずい雰囲気が再び流れていた。

「ゼン殿、何か私たちに言いたいことがあるよね？」

「い、いえ...大丈夫です」

「ゼン様？」

「言ってほしい........」

　ゼンは首をふるふると横に振った。しかし、彼女たちも食い下がらなかった。

「話してください。お願いします」

　頭を下げるマリーに思わずゼンは頭を上げさせる。そして、重い口をゆっくりと開けた。

「何で皆さんがそこまで俺に尽くしてくれるかがわからないんです......」

「それは命の—————————————」

「黙っててレイ」

　リンがレイの口を封じた。

「俺は一回の命を助けたまでです。でも、皆さんは今までに何百、何千もの命を助けていますよね？　昔との対応も違うし...正直戸惑っているんです」

　ゼンと彼女たちとの間には数秒の沈黙が流れた。しかし、その沈黙もマリーによって破られた。

「私はゼン様のことが好きなんだと思います」

「なっ！？」

「図々しいですよね...ゼン様に暴言をあんなに吐いてたのに...」

　マリーは続けて言う。

「助けてもらったときに自分のやってしまったことの重大さに気づいたんです。ほんとバカですよね」

「だから、ゼン様に近づくべきではないとも思ったんです」

「でも...それでもゼン様の近くにいたかった」

「加護の契約の話をしたときは、まだ好きという気持ちがよくわかりませんでした」

「でも、日を共にしていくうちに、ゼン様に対するモヤモヤした感情は、好きという感情だと気付きました」

　『崋山烈火』の他のメンバーはマリーがゼンが好きだという感情にはとっくに気づいていた。逆に、なぜマリー自身が気がつかなかったのかが不思議でしょうがなかった。

「私はまだゼン様の横に立てるような立派な人間ではありません。ですが、ゼン様の横に立てるような立派な人間になりたいです」

「そ、そんな俺は立派な人間じゃないし...」

　『崋山烈火』の一同はゼンほどの良人を見たことがなかった。彼女たちは強くなりすぎたことで最も重要なことを忘れてしまっていた。それは、どんな人でも助けることである。これは当たり前のことである。それを再認識させたのは、他の誰でもないゼンであった。

「私たちはゼン様のようになりたいと、この数週間をともに過ごしてきて思いました」

「私も........」

「私もだわ！」

「私もだな」

「だからこそ、これからもゼン様とともに過ごしたいのです」

「お、俺も...手伝ってはほしい...です。でも、本当にいいんですか？　俺、Eランクですし...その、皆さんの評判とかが...」

　ゼンはランクの低い自分と一緒にいると、『崋山烈火』の株が下がってしまうのではないかと危惧していた。

「評判とか関係ないな」

「そう思う........」

「私はゼンを目指しているんだから、株なんてどうでもいいの！」

「私たちをゼン様とともにいることを許してくれますか？」

　彼女たちは頭を下げた。

「こちらこそよろしくお願いします」

　ゼンも同じく頭を下げた。社交辞令みたいであったこの行為に、ゼンだけではなく、彼女たちも笑っていた。






ブックマーク11000ありがとうございます！！　昨日は投稿できずにすいません...
********************************************
第２章　緑山　12話　シキノコ探索

「ゼン様、緑山とはどんな場所なんでしょうか？」

「緑山は、今までに見たことがない植物や果物、木の実、薬草などが溢れかえっている場所です」

「では、そこにシキノコもあるのか？」

「シキノコなんてそこらじゅうにありますよ」

「すごい.........」

　ゼンと彼女たちは『緑山』に向けて歩み始めていた。月日は経ち、1週間が経過した。そして、

「ここから入るんですよ」

「ゼン様ここって........」

　彼女たちの目の前には小さな洞窟が見えていた。

「本当にここから入るの！？」

「マジかよ」

　洞窟というのは、モンスターの住処であるのが一般的で、モンスターの糞尿も洞窟でするため、信じられないほどの異臭がするのだ。そのため、彼女たちは洞窟に入ることだけはしたくなかった。

　しかし、ゼンがつかつかと入っていく姿を見て、彼女たちも急いで後を追う。

「吐きそう........」

「我慢しなさい！」

　この洞窟もモンスターの糞尿がたくさんあり、異臭が充満していた。それでも、歩き続けること数分、

「皆さん、もうすぐで着きますよ！」

　洞窟の奥には、地獄に仏とも言うべき小さな光が差し込んでいた。そして、

「ここが、緑山」

「なんてきれいな場所なんでしょうか」

「ヤバすぎだろ...これは」

「すごい.........」

　光の先には、今まで目にしたことがないようなきれいな景色が、いっぱいに広がっていた。

　ジャングルとも言える場所であろうか、何百メートルかわからないほど大木が無数に生えており、地面にもきれいな花や植物で埋め尽くされていた。

　また、大きな滝が流れており、水は鏡のように澄んでおり、今までに見たことがない昆虫やモンスターも存在していた。

「見て！　あれ黄金蝶じゃない！？」

「ホントだ！」

　彼女たちが見て盛り上がっていた『黄金蝶』とは、あらゆる土地を豊かにすると言われている神秘の粉を常に出し続ける昆虫である。王都では今までに一度もお目にかかったことがなく、伝説の存在として歴史書に載っている昆虫なのだ。

　しかし、彼女たちの目の前には、数十匹の黄金蝶がひらひらと優雅に飛んでいる。ゼンは何度も来ているため、この信じられない状況に慣れてしまったが、初めての彼女たちは興奮が抑えきれない様子であった。

「すごすぎだわ！！！」

「これは予想を遥かに越してきたな」

　彼女たちの興奮がある程度収まってきたのを機に、ゼンはシキノコ探しをしようと提案した。

　ゼン＆リン＆マリーとレイ＆エリの二手に分かれ、それぞれシキノコを探索することになった。

　シキノコが生える場所は、だいたいは湿気が多く、陰になっている場所に多く生える。だから、大木の下で、川の近くなどに多く生えているため、踏まないように要注意しなくてはならない。

　シキノコ探しをしてから、数分が経過したところでようやく１個が見つかった。

「やっぱりきれいですね」

「マリー様、シキノコがここに生えていたということは、まだ近くに何個かあるはずです！」

「よし！　探そう！！」

　すると、ゼンの言う通り４つのシキノコが見つかった。こんなに早く見つかることは普通ではありえないことなのだが、黄金蝶など伝説とされていた昆虫や、植物などがたくさんあったことで、シキノコに対しての驚きが薄まってしまっていた。

　そのあと、数分で１０個以上のシキノコを集めた、ゼンたちはレイたちと合流するために待ち合わせていた場所へと向かった。

（あれは！　善キノコではないか！！　取りに行こう）

　ゼンはマリーとリンに採りたいものがあるから、先に合流場所に行っててくれと伝え、『善キノコ』を採りに行く。

　ゼンは何事もなく善キノコを採り、合流場所に戻ろうとするが、目の前には先ほどまでなかった巨大な門があった。

　ゼンは興味本位で門に触れようとした瞬間、

「貴様何者だ！！」

　ゼンの周りには百を超える矢が向けられていた。

　

************************************************
月間８位ありがとうございます！！ブックマークありがとうございます！！　
********************************************
第２章　緑山　13話　エルフ

「何でこんなことに.....」

　現在ゼンは牢屋に入っている。ここに入って半日は経っていた。食事も何も出されず、ましては水すらも出されなかった。

「まさか、エルフ族の住処だったとは.....」

　エルフ族とは、耳が長く【古代魔法】に特化した人種である。このエルフという人種がゼンを牢屋に閉じ込めた理由である。現在、エルフ族と人族は険悪な関係が続いている。理由は実に明快であり、エルフの見た目の美しさ故の性的行為が原因である。

　エルフとは生涯をともにしたいと思った者にのみ、自身の体を預けるという行為が許されるのだ。しかし、人族はそれを知らずに奴隷としてエルフ族を拉致し、性的処理をさせていた。

　この行為がエルフ族の逆鱗に触れてしまい、誰も手が付けられないような険悪な関係が続いてしまっているのだ。

「今日のところは寝るか.....」

　ゼンは緑山で色々な材料を採取したことによる疲労が溜まっていたため、すぐ眠りにつけた。

◇

「——————————————ん...あ、あさか」

　まぶしい光がゼンの目を刺激し、ゼンの意識は覚醒する。すると、

「シェル様の容態が心配だよな...」

「不治の病だろ？　まさかシェル様がかかっちまうなんて...」

「体中にあるあの赤い斑点が見ててかわいそうだよな...」

「最近、吐血をする回数が増えてきたそうだ...」

　ゼンはたまたま警備に当たっていたエルフ族の人たちの会話を耳にした。

（赤い斑点に吐血...まさかっ！）

「その人もしかして、唇とか紫色をしていませんでしたか！？」

　ゼンは何かに気づいた、いや焦っているようだった。

「な、なんでそれを知っているんだ！」

　ゼンはこの言葉を聞いて確信した。不治の病なんて、根っからの嘘であること。また、この病気を治療しなくちゃ確実に死に至るということ。

「それは不治の病ではありません。その病気は治せますよ」

「「え？」」

　ゼンは必死に警備兵を説得した。最初は聞く耳を持たなかったが、病人本人を見てもいないのに、次々と症状を当てているゼンに警備兵たちは、お互いを見てコクンッと頷いた。

「人族よ、本当に治せるんだな？」

「はい！」

「お前をここから出す！　薬は何日あればできるか？」

「素材集めに手間がかかると1週間、かからないと3日です」

「そうか...なら、俺らが手伝ってやる」

「え」

　ゼンは警部兵から信じられない言葉が飛び、思わず間抜け顔を晒していた。

「だから！　俺らが手伝ってやるって言ってるだろうが！　それなら、3日でできるだろ？」

「あ、ありがとうございます！　兵士さん！」

「リロだ」

「え」

「リロだって言ってるだろうが！」

　ゼンに向かって荒い自己紹介をしてきた大柄な男性エルフはリロである。

「ウヨです」

　もう1人の小柄な男性エルフはウヨである。

「ゼンです」

「じゃあ、素材集めに行くぞ！」

　ゼン、リロ、ウヨは牢屋を後にした。

************************************************
ブックマーク登録、感想、誤字チェック待ってます！遅れてしまってすいません....　ブックマークありがとうございます！

********************************************
第２章　緑山　14話　特効薬

　現在ゼン、リロ、ウヨは緑山に来ていた。

「ゼン、シェル様の病気とはいったいなんなのだ？」

「その病気はおそらく|木《・》|染《・》|症《・》です」

「「木染症？？」」
　
　ゼンはリロとウヨに木染症について教えた。木染症とは、字の通り木から感染する病気である。感染すると、体中に赤い斑点、唇が紫色、手足の痺れ、吐血をするのが特徴だ。吐血の頻度が増えれば増えるほど、病状が重いという証拠である。

　昔、王都でも木染症が流行っていた。そのときは多くの犠牲者を出してしまったのにも関わらず、特効薬が出来なかった。今でも王都直属の調合師が特効薬の開発に勤しんでいるが、未だ完成していない。|あ《・》|る《・》|1《・》|人《・》|を《・》|除《・》|い《・》|て《・》.............

「ゼンよ、何を集めればいい？」

「『善キノコ』『黄金リンゴ』『エゾの長根』『スライムゼリー』『ドウモーのミルク』ですね」

「なかなか難しい物揃いだな」

「特に厄介なのはエゾの長根ですね」

　ゼンは木染症を治すのに必要な材料は入手することに苦難を強いるものばかりである。　

『善キノコ』これはキノコの中でもポーション作りに特化しているキノコであり、他の効力を何倍にも膨れ上げさせるという効力を持っている。

『黄金リンゴ』これは名前の通り金色をしたリンゴのことである。滅多に市場に出ることはなく、入手できたとしても多くは貴族や皇族に吸い取られてしまう。見た目も美しいが、病気の進行を一時的に遅らせるという効力もまたすばらしく調合師は黄金リンゴをよく欲するのだ。

『エゾの長根』これは最も入手するのに厄介なものである。エゾという木の根のことを言っているのだが、3ｍを余裕で超すため掘ること自体が大変なのだが、それよりも大変なのは折ってはいけないということだ。木の根は大きい印象があるだろうが、エゾの根は人の小指の細さと変わらず、もし折ってしまったら効力が失われるのである。王都では『エゾ採取組合』というエゾの長根を採取することを専門とする職業があるぐらい採取することが困難なのである。そして、エゾの長根の‶ポーションの即効性を何千倍にも膨れ上げさせる″という効力が今回の特効薬での最も要な部分である。

『ドウモー』牛でありながら獰猛であるその姿からドウモーという名前がつけられた。ドウモーの乳を搾ることで得られるミルクは‶凝固作用″という効力がある。その凝固作用で動く木染症の菌を固めて治療をしやすくする役割を持つ。

　本当はあと1つ入れなければならない素材があるのだが、この素材を言ってしまうと厄介なことになってしまうと思ったのでゼンは言わなかった。

「では、さっそく探しましょう！！」

「おう！」

「はい！」

 ゼンたちはこのとき、まさかこの採取が生死を分けるほどの苦難な道だとは思ってもいなかった。
　



************************************************
ブックマーク・誤字チェック・感想待ってます！ブックマークありがとうございます！　特効薬の採取編です！　ゼンの身長は160㎝後半に設定しております！
********************************************
第２章　緑山　15話　素材採取①

「とりあえず『黄金リンゴ』から探すか」

「そうですね」

「はい」

　ゼンたちは最初に黄金リンゴを探すことにした。黄金リンゴはリンゴが実る木には、実る可能性は十二分にある。しかし、その可能性は小数点以下である。

　ここ|緑《・》|山《・》でも、数は少ない。だが、緑山だからこその見つける方法をエルフ族は知っていた。

「|こ《・》|れ《・》を使うんだ」

「|こ《・》|れ《・》ですか！？」

　リロはある道具をゼンに見せた。それはどこにでもありふれている道具であり、裏を返された気分になるものでもあった。

　それは、

「コンパスですか？」

「あぁ」

　リロ曰く、黄金リンゴはなぜか磁場を発生させているらしく、コンパスも持った状態で黄金リンゴが実る木に近づくと、コンパスの針が急に暴れだすのである。それを活用して黄金リンゴを素早く採取するという作戦である。

「さすがエルフ族ですね...」

「いえいえ、私たちも最近知ったことですから」

「じゃあ、行くぞ」

　先頭のリロが片手にコンパスを持ちながら、ゼン・ウヨを先導した。

◇

　探索して数時間経って、日が傾き始めたころ

「む！　コンパスが狂い始めたぞ」

「では、ここの近くにあるということですね？」

「あぁ」

「ここからはここ周辺を手分けして探しましょう」

「「はい（おう）」」

　ウヨの提案により3人で手分けして周辺の捜索に当たった。

「ありました！」

　ゼンが軽く20メートルを超す木に光っていて一際目立つリンゴを見つけた。

（でも、この高さではどうにも....）

　ゼンは諦め半分で他に当たろうとしたが、その必要はなかった。

「ほいよっと」

　ゼンの悩みなどが意味をなさず、リロは軽くジャンプをしてあっさりと黄金リンゴを取った。

「これで1つ目だな」

「はい.........」

「おい、どうした？　具合でも悪くなったか！？」

（（いやいや、あんたのせいだよ））　　

　内心ではそう思っていたゼンとウヨであった。


◇

　ゼンたちの次のターゲットはドウモーのミルクである。

「ドウモー発見しました」

　ドウモーは夜行性であり、夜は獰猛な時間帯である。ドウモーは夜と昼とで取るミルクの効力には大きな差があるのだ。だから、現在夜であるこの時間にゼンたちはミルクを採取しようと決意した。

　しかし、夜のドウモーは獰猛であるため、ミルクを採取するのは凄腕冒険者ですら、至難な業である。ゼンはいかにドウモーを傷つけずにミルクを採取できるかを考えていて、最近になって発見した方法があった。

「青色の布？」

　ゼンが取り出したのは、ゼンの腰当たりまである大きな青色の布であった。牛というのは、赤色に興奮して突進してくるのが一般常識であり、多くの冒険者は赤色の布を使用して興奮させて木に角を刺させ、その間にミルクを採取するという方法を使用している。この行為は、ドウモーを傷つけるだけではなく、自分への危険性が拭えない方法である。

　しかし、ゼンはあえて精神安定を促す色でもある青色をチョイスしたのである。これを目にしたドウモーは精神だけが安定して大人しくなる。そして、ミルクの性質は落ちないという究極なコンビネーションをゼンは発見してしまったのだ。

「本当に大丈夫なんですか？」

「はい、信じてください」

‶モォォォォオオオオオオオオオオオ！″

　ドウモーの激しい雄たけびが静寂な夜の緑山に響き渡った。そして、突進してくるドウモーに対して、ゼンは青色の布をドウモーの目の前で大きく広げた。すると、

‶もぉぉう″

　先ほどまでのドウモーからは想像できないほど大人しく、さらに声も可愛らしくなっていた。

「嘘だろ...」

「凄いですね」

　今置かれているこの状況を信じられないと言わんばかりに動けないリロとウヨであった。

「今ですよ、採取をお願いします」

「あ、あぁ」

　ゼンに催促され、言われるがままにリロとウヨはドウモーの乳からミルクを採取した。







************************************************
ブックマーク・誤字チェック・感想待ってます！遅れてすいません...　
********************************************
第２章　緑山　16話　素材採取②

「ふぅ～、やっとここまで掘れたな」

「まだまだですね...」

「はい...」

　ドウモーのミルクを採取した後すぐに、ゼンたちはエゾの長根を掘り始めた。しかし暗闇で静寂だった森が既に日を跨いでおり、鳥の囀りが森に響き始めていた。

「2日目に入ったか.....」

　リロたちはなるべく早く素材を集め、ポーションをシェル様に届けたかった。そのためには、急いでエゾの長根を掘り出す必要があるのだが、その焦りが原因で現在5本目に取り掛かっている。

「水が足りないな」

「相当使いましたね」

　なぜ水が必要なのか。それはエゾの長根の掘方が関係している。エゾの長根の掘方は、まず大きく穴を掘りだし、エゾの長根の末端まで掘り出す。そこから水をかけながら折らないように少しずつ少しずつ長根エゾについた土を落としていくという気の遠くなるような作業を繰り返す。この半永続的な作業がゼンたちの体力をどんどん吸い取っていった。

　しかし、そうも言っていられない状況下に置かれているゼンたちは、休憩を入れずに作業を黙々と行った。そして、

「やったぁ！！」

「やっと取り出せましたね！」

　リロがやっとの思いでエゾの長根を折らずに取り出せた。しかし、外は既に暗くなりつつあり、夜の静けさが訪れようとしていた。

「あと、必要なのは、『善キノコ』と『スライムゼリー』だな？」

「はい。でも、『善キノコ』は自分のカバンの中に入っているので、そこから取るのが手っ取り早いです」

「そうか、わかった」

「『スライムゼリー』も里の方が簡単に手に入りますしね」

「じゃあ、一旦里に戻ってゼンのカバンと『スライムゼリー』を取ってこよう」

「わかりました」

「はい」　　

　ゼンたちは実に2日ぶりに里へと帰還した。ゼンは一応捕虜者という身分であるため、誰にも見つからないように牢屋についた。

　そして、ウヨとリロはゼンのカバンと『スライムゼリー』を取りに行くために、牢屋を後にした。数分後、

「ゼン、持ってきたぞ」

「ありがとうございます」

　リロとウヨは、ゼンのカバンと『スライムゼリー』を持ってきていた。

「ここからは俺の仕事です」

「あぁ、頼んだぞ！」

「お願いします」

「はい」

　ゼンはカバンの中にはいつも器具を入れているため、いつでも、どこでもポーション作りができる環境を作れるのだ。

　現在は他のエルフたちに怪しまれないようにするために牢屋の中でポーションを作っている。この異様な光景にリロとウヨは混乱していた。

「こんな場所でいいのか？」

「はい、大丈夫です」

「そうか.....」

しかし、これから行われるポーション作りに牢屋という悲惨な環境の中でもゼンの手際よく出来る確かな腕にリロとウヨは魅了されていった。











************************************************
ブックマーク・感想・誤字チェックお願いします更新遅れてすいません！
********************************************
第２章　緑山　17話　完成

「これはすごいな」

「はい、こんな熟練された腕を持つ調合師は滅多にいませんよ」

　ゼンのポーション作りの手際の良さなどを見ていた、リロたちにはゼンの調合師としての腕の良さが瞬時に理解できた。

　今回の木染症の特効薬は、複雑な手順なのだ。何時間も煎じたり、混ぜたりするものではないが、調合手順を間違えると完成しなくなる。手順さえ覚えれば比較的簡単な部類に入るのだが、この世界でこのポーションを作れたのは、ゼンだけである。

　まずは、『黄金リンゴ』の汁を使用するため、汁を絞り出す作業を行う。『黄金リンゴ』なだけに汁も金色をしており、ほのかにリンゴの香りを感じられる。この絞り出した汁をフラスコに入れる。

　次に、『ドウモーのミルク』を入れる。『ドウモーのミルク』と『スライムゼリー』を混ぜ合わせる。すると、先ほどまではフラスコ内が金色だったが、混ざることで桃色へと変貌を遂げる。

　次に、一番苦労して手に入れた『エゾの長根』をすりおろしたものを投入する。この際に、『聖水』をかけながらすりおろすことで、効力ダウンを防ぐことができる。

　そして、ゼンが牢屋に捕まる前に手に入れた『善キノコ』を投入する。このキノコにはよく有害な寄生虫が存在するため、唯一煎じる必要がある。これ工程を忘れると、治るどころではなく、寄生虫によって逆に悪化するのがオチである。

「これで完成ですか？」

「いえ、あと1つ必要な素材があります」

「まだなのか？」

　ゼンは最後に|あ《・》|る《・》|も《・》|の《・》を投入することで、このポーションは完成すると2人に言った。

　それは毎度お馴染みの治療羊であった。

　『崋山烈火』のときには、『治療羊の糞』が大活躍をし彼女らを救えたが、今回は糞を使用しない。木染症はすごく厄介な病気であるため、もっと効力のあるものを使用しなければならないため、『治療羊の涙』を加える必要がある。

　『治療羊の涙』はゼンですら滅多に手に入れることができない代物である。ましては、他の人では一生手に入れることが出来ないであろう代物だ。

　しかし、エルフ族は緑山に住んでいるため、ごく稀に治療羊を見かけるのだ。だから、ゼンがカバンから取り出したものが、『治療羊の涙』だとすぐに理解した。

「ゼン...それって」

「『治療羊の涙』ですか？」

「は、はい」

「こんな貴重なものをどうして.....？」

「................................」

　ゼンは治療羊に関して、話すことはできなかった。ゼンは治療羊の存在自体が国を動かすほどのものだと最近になって知り、治療羊がいると知れば国同士が躍起になって奪い合うはずだと踏んだゼンは、治療羊の身の安全のために他人には話さないと決めたのだ。一緒に住んでいるマリーだけは、治療羊のことを知っている。

「言えないなら、それでいい」

　リロはいつもの荒い言葉遣いとは、打って変わって優しく包み込むような言葉遣いに変わっていた。

「しかし、そんな貴重なものを使用してもいいのですか？」

「はい、治すためになら惜しみません」

「っ..........！　ありがとうございます！」

「ありがとう」

　リロとウヨは深く深く頭を下げた。ゼンにとっては見知らぬ人、ましてはエルフ族という人族との険悪な関係にある種族に国宝級の素材である『治療羊の涙』を惜しまず使う、この優しき心にリロたちは感激した。

　ゼンは『治療羊の涙』をフラスコに入れ、蓋をしてよく振った。すると、みるみるうちにフラスコ内にあった液体が少なくなっていき、最後には一口サイズの液体にまで凝縮された。

「これが特効薬......」

「では、これを持っていきましょう」

「わかった」

　リロはゼンを牢屋から出し、シェルの元へと案内しようとしたそのとき、

「貴様ら！！　何をしている！！！」

　豪華さが際立つ衣服を着用した、明らかにこの里の重鎮である人物が出口にいた。

************************************************
ブックマーク・感想・誤字チェックお願いします！！遅くなりすいません！　月間ランキング5位浮上ありがとうございます！　
********************************************
第２章　緑山　18話　正念場

「貴様ら！！　何をしている！！！」

「リロさん」

「あぁ、わかってる」

　リロとウヨはお互いの意図を理解したのだろうか、お互い頷き合った。そして、

「狩人隊！　この人族を捕まえろ！！」

「「「「「「「「「「はっ！」」」」」」」」」」

　10人の狩人隊と言われるエルフ族の親衛隊がゼンを捕獲するために躍起となって襲い掛かる。しかし、

【古代魔法　炎盾】

　ウヨが古代魔法を発動し、狩人隊と応戦する。古代魔法は現代魔法の数百倍もの威力を誇り、賢者エリですら古代魔法は習得できなかったほど、難しいものである。

「ウヨさん.....」

　ゼンはどうしたらいいのか迷ってしまっていた。ウヨを助けるのか、それともシェルのところにこのまま行くのか。もし、ウヨが捕まってしまったらウヨが国家反逆罪として重い罪に問われるかもしれないとゼンの脳裏には浮かんでいた。

「ほら！　ボッとするな！　ウヨが時間を使ってくれているんだろうが！」

　リロの言葉でゼンは自分のやるべき使命が明確になった。

「はい！」

　ゼンは国家反逆罪で罪に問われるかもしれないことを覚悟で行動してくれたウヨに応えるため、何が何でもシェルに特効薬を届けることを深く心で誓った。

「頼みましたよ」


◇

「ゼン！　こっちだ」

「はい！」

　ゼンとリロはシェルの元に行くため、里の中央にある大木の屋敷へと駆け出した。

　エルフの里の家は、木の中をくり抜いてその中で生活しており、一番大きな木に王様とシェルが住んでいる。

　ウヨが足止めをしてくれているおかげでなんとか屋敷へと到着した。そして、扉を開け中へと入る。あとは、このままシェルの自室に行くだけなのだが、そんな簡単にことが進む状況ではない。既に屋敷の中には数十人のエルフたちが弓を構えて待ち伏せていた。

「人族よ、観念しておとなしく牢屋に戻れ！」

「リロよ、このまま人族を庇い続けるのならお前は国家反逆罪として罪人になるぞ！　いいのか？」

　志が弱いものには、この言葉は最大の蜜かもしれない。しかし、リロは誰よりも強い志を持っている。ゼンにならシェルを任せられると、少ない時間を共にしてきて実感したのだ。

「ゼン」

　この言葉だけでゼンはリロの思考が読めた。

「任せてください！」

　ゼンはこの言葉しか言うことしかできなかった。しかし、リロにとってはこの言葉で十分であった。

「お前を信用してよかったぜ」


◇

「三階の一番奥の部屋だよな」

　ゼンは事前にリロたちからシェルの居場所は聞いていた。ゼンの目の鼻の先には目的地であるシェルの部屋があった。しかし、

「そこを動くな！　動いたら放つ」

「くっ！」

　ゼンの後ろには豪華さが際立つ衣服を着用した、先ほどの人物がいた。

「人族の者め、その部屋に何のようだ！」

「シェルさんの病気を治すために来ました」

「なぜそれを！？」

「俺なら治せます」

「なっ！？　ひ、人族の言うことなど信じられるものかっ！」

　男は弓を構え、今にも放とうとする。ゼンは回避するため急いで奥の部屋に入ろうと走り出す。

　【古代魔法　閃光矢】

‶グサッ！″

「っ！」

　光の速さで放たれた矢はゼンの肩を貫いた。ゼンには壮絶な痛みが押し寄せた。しかし、何とか持ち堪えたゼンはそのまま奥の部屋へと入った。そして、そのまま扉の鍵を閉めた。

‶ドンドンドンドン″

「人族シェルに何をする気だ！　開けろ！！」

　男はシェルが部屋にいるため、矢を放つことが出来なかった。

　そして、ゼンは部屋の半分ほどを占めているベットに横たわっている女性のところに駆けつけた。

「これは酷い........」

　ゼンはシェルを見たときにシェルの生命の危機をすぐに感じた。ゼンはすぐにバックに入れていた特効薬取り出した。

「口移しになってしまいますけど、すいません」

　ゼンは独り言でそう言い、自分の口に特効薬を注ぎ込み、シェルに口づけをした。

‶ゴクゴクゴク″

　ゼンはそっと口を離した。ゼンとシェルの間には白い糸が広がった。

「リロさん、ウヨさんやりま...し......た」

　ゼンは射抜かれた肩から止めどなく流血し、そのまま気を失った。





************************************************
ブックマーク・感想・誤字チェックお願いします！！

毎日魔王から愛が重すぎる件について～魔王の正体は昔助けた魔族でした～も読んでいただけると幸いです少し短い文章です！　遅くなりすいません！！
********************************************
第２章　緑山　18.5話　起床

「——————————————ん...ここは.....」

　ゼンは意識は覚醒したと同時に見知らぬ天井に困惑した。

「俺はどうしてここに.....」

　ゼンが横になっていたところは、ゼンの知っていた場所であった。

「俺がシェルさんに特効薬を飲ませた場所じゃないか。しかし、どうしてここに.....」

‶ギィーー″

　すると、突然扉と壁が擦れる音がした。

「ゼン、起きないかね」

「そろそろ起きてもいいころだと思いますが.....」

「この声は..........」

　ゼンの耳には最近聞いたはずだが、何だか懐かしいような声が聞こえた。

「そうだよな————————————って.....おいっ！　ウヨ！　ゼンが起きてるぞ！！」

「本当ですか！！？？」

「おはようございます、リロさん、ウヨさん」

「ゼン！　ありがとう、お前にシェル様は救われてまたこの国に笑顔が戻った。本当にありがとう」

「ゼンさん、ありがとうございました」

　ゼンに深々と頭を下げるリロとウヨに対して、ゼンは頭を上げさせる。

「頭を上げてください！　俺は当たり前のことをしたまでですから！」

「ははははっ、この行為が当たり前というか！」

「なんかゼンさんらしいですね」」

　そして、話題はシェルに移行した。

「それで、シェルさんは？　俺が今、横になっていたところはシェルさんの部屋のはずですが.....」

　ゼンは不思議に思っていた。シェルの自室に自分が助けたはずのシェルがいなくて、なぜか自分が寝ているのかという疑問があった。

「そうだな。それは詳しく説明する必要がありますね」

「だな」

「はい？」

　再び2人の真剣な顔にゼンは少しだけ戸惑った。もしかしたら、自分の特効薬が効かなくてシェルが亡くなってしまったのではないかという考えがゼンの頭の中で巡っていた。しかし、その悲観的な考えはすぐに消し去った。

「シェル様は回復しました」

「え？」

「シェル様はゼンのおかげで一命をとりとめ、ゼンが寝ている間に日常生活くらいはできるようにはなっているぜ」

「本当ですか！？」

「はい、シェル様はゼンさんに感謝していました」

「起きるのが待ち遠しいとずっと言ってるぜ」

「本当に良かったです.....」

「おいおい、助かったんだからそんな顔すんなよ！」

「そうですよ！　もっと明るくしましょ？」

　リロとウヨは今にも泣きそうな赤ん坊をあやすようにゼンを慰めた。

　そのあとは、3人で他愛もない話をして、ゼンの1日は終わりを告げた。

　次の日がゼンの人生の中で最も大変な日になるとは、このときのゼンは知らなかった。

************************************************
ブックマーク・感想・誤字チェックお願いします！！ブックマークありがとうございます！
********************************************
第２章　緑山　19話　新ヒロイン!?

「——————————————ん、朝か...」

　朝の照り付けるような光がゼンの目を刺激して意識を覚醒させた。

「ふぁーーう、眠いな....」

　ゼンの体には今までの疲労が一気に襲ってきていた。

「もうひと眠りするか.....」

　ゼンがもう一度寝る態勢を整えるため、寝返りを打った。すると、

‶もにゅっ″

「あんっ」

　ゼンの手には反発力がすごい極上な枕が存在していた。

「ん？」

‶もみもみ″

「あんっ、あんっ！」

　ゼンの頭の中が一瞬にしてスリープモードになってしまった。

「ゼン様って大胆なんですね...」

　その言葉がゼンの意識を現世に戻した。

「うわぁああああああああ！！！」

　ゼンは驚きベットから転げ落ちた。

「だ、大丈夫ですか！？」

「あ、はい...あ、あの...どなたです....か？」

　ゼンは驚きの余り言葉がタジタジになってしまっていた。

「ふふふふふ、そんなに驚かなくてもいいんですよ？　わたくしはビアロ＝エルデリホール＝シェル。気軽にシェルとお呼びくださいませ」

「シェル？.........って、シェルさんじゃないか！！」

「ふふふふふ、そうですよ」

「まさかシェルさんだなんて.....」

　ゼンは目の前にいる超絶美少女がシェルだとは思っていなかった。ゼンが治療したときは、必死の余り顔など見る暇もなく口移しをしていたのだ。

「綺麗だ.....」

　ゼンは思わず口にしてしまっていた。それは仕方がないことだろう。誰もが見ても欲情してしまいそうなボディライン。鼻筋が綺麗であり、目と髪の毛は森とマッチしているグリーンである。そして、思わず奪いそうになってしまうほど光沢が出ている唇。シェルを見たものは間違いなく誰でも綺麗だと思うだろう。

「本当ですか！？　うれしいです！！！」

　シェルがゼンの手をぎゅっと握っていた。その行為にゼンは思わず手を引いてしまった。

「わたくしに手を握られるのがいやですか........？」

　捨てられた子犬のような目でゼンを見た。

「い、いや...嫌というわけではないんですが.....」

「なら、いいですよね！」

　そういうと、シェルはゼンの手を取り、指を絡ませてきた。

「シェルさん！　こ、これは.....」

「いいって言いましたもんね？」

「でも、これは」

「言いましたよね？」

「はい....」

　般若でも飼っているんじゃないかと疑うくらいのシェルの圧に、ゼンは思わず二つ返事をしてしまった。

「ゼン様の手♡」

　シェルはゼンと恋人繋ぎをしている手を見て、女性の顔をしていた。

「でも、シェルさんはどうしてここにいるんですか？」

「わたくしの部屋ですもの」

「あっ。そうでした、すいません」

「いえいえ、謝らないでください！　わたくしはただゼン様と添い寝したかっただけなので」

　聞き取れなかったのか、それとも聞きたくなかったのかゼンはもう一度シェルに聞き返した。

「今何て言いました？」

「『いえいえ、謝らないでください！』ですか？」

「そのあとです」

「『わたくしはただゼン様と添い寝したかっただけなので』これですね？」

「はい、それです」

「........................」

「........................」

　ゼンとシェルの間に静寂が流れた。しかし、その静寂はシェルによって打ち崩された。

「幸せでした♡」


　






　

************************************************
ブックマーク・感想・誤字チェックお願いします！！

毎日魔王からの愛が重すぎる件について～魔王の正体は昔助けた魔族でした～ も読んでもらうと嬉しいです！トップ10から消えてしまいましたが、また浮上できるように気合を入れて取り組ます！
********************************************
第２章　緑山　20話　甘えん坊

「ちょ、シェルさん？　そんなにくっつかないでもらえますか？」

「嫌です♡」

「はぁ.....」

　ゼンはシェルに抱きつかれてからかれこれ1時間は経っていた。最初は後ろから不意に抱き着かれたが、次第に前方にずるずると移動し、この状態である。

　その一方通行の甘々な空気が突如として崩れ去った。

「ゼン！　遊びにきた......ぜ...」

「ふふふ、これが既成事実というやつですね」

「違う！　リロ、ち、違うんだ！」

　ゼンは焦りの余りいつもとは違う口調になってしまっていた。

「失礼しましたー」

「ま、待ってくれ！」

「いい判断です」

　シェルに向かって深々と頭を下げたリロはゼンの方を見て、何か含みのある笑顔を向けた。

「行ってしまった.....」

「わたくしとお二人になるのは嫌ですか？」

　先ほどまで上下にピコピコ揺らすエルフの長い耳が、喜びを表現していたが、今は下に垂れている耳が悲しさを表現していた。

「い、いや...そんなことは」

「本当ですか！？」

「はい」

「言質取りましたから.....ふふふふふ」

「？？」

　このシェルの謎の笑みに対してゼンは不思議の思ったが、この笑みの裏にはとんでもないことが隠されていることをゼンはまだ知らない。

◇

　一方通行な甘々な空気が続き、気づけば夕刻になっていた。

「確か、今日の夕方に話があるって言ってましたよね？」

「はい！　ゼン様の体の方を心配なされてお父様が来れませんでしたの」

「あぁ、そういうことですか」

「本当は何度も来ようとしたのですが、わたくしお父様が一生許せそうにないので、来ないでと言いました」

　ゼンはシェルの今まで見せなかった表情に新鮮さを感じながらも、なぜ父に対して憤慨しているのかという疑問が頭を駆け巡った。

「でも、今日話をするんですよね？」

「残念ながらします...。報告しなければならないこともありますしね」

「そ、そうですか」

‶コンコン″

　不意に扉が鳴る音がシェルの自室に鳴り響く。

「入って」

「失礼します」

「ウヨさん！」

「ゼンさん、お体は大丈夫ですか？」

「もう日常生活くらいはできるようになりました！」

「そうですか！　それは良かったです。シェル様、準備のほうが整いましたのでお越しください」

「もうですか.....」

「ローラン様の死んだ魚のような目を見るのは正直もう可哀想です」

「お父様が悪いんですから。わたくしは一生許す気はありませんよ」

「自分も許せませんが、もう反省してますし.......」

「誰が何と言おうと私は許す気はありません！」

「そ、そうですか....」

「ふんっ！」

　シェルが明らかに機嫌を悪くしているのが、ゼンにも理解できた。

「しかし、王座には来てください」

「..........................やだ」

「シェル様、我が儘はダメです。いつもその我が儘に付き合わされるこっち側にもなってください」

「わ、わかったわよ」

　ウヨの言葉の魚雷がシェルに突き刺さる。その魚雷がシェルの我が儘癖を一時的ではあるが、治した。

「では、行きますよ」

「シェルさん？　もうそろそろ抱き着くのをやめないと.....」

「.................うん」

　シェルは物寂しそうにゼンに抱きつくのをやめた。そして、ゼンは数時間ぶりに抱擁という呪縛から解き放たれた。

　そして、ウヨの先導によりゼンとシェルは王座の間らしき場所の目の前にまで来た。

「会いたくない」

「ダメです」

「そうですよ？　シェルさん」

「ゼン様がそう言うなら♡」

　ゼンにべたべたなシェルに対して、ウヨは深いため息をついた。

「では、入ります」

‶ゴォーーーーーー″

　すごい地響きとともにゼンの身長を何十倍にもした巨大な扉を開けた。





　
************************************************
ブックマーク・感想・誤字チェックお願いします！！更新遅れました！
********************************************
第２章　緑山　21話　告白

「よくぞ来てくれた」

「え.....」

　ゼンは固まってしまった。理由は目の前の男に原因があった。

「まずは、肩を打ち抜いてしまったことを詫びたい。すまなかった」

　王は土下座をした。普通ならこの光景は異常なのかもしれない。しかし、ここにいる皆が当たり前とでも言えよう眼差しを王に向けていた。

「あ、頭を上げてください！」

　ゼンは必死に王の頭を上げさせようと躍起になるが、王は一向にあげようとしない。

「ワシのやってしまった行為は取り返しのつかないことだ。謝って済む話ではないことはわかっておる、だが、謝らせてくれ」

　王の本気の謝罪にゼンは圧倒された。

「困っている人を助けた、それだけのことですから気にしないでください」

　ゼン自身は軽く言ったことだが、ここにいる皆はゼンの言葉に心を打たれた。

「ゼン様....」

　シェルの顔はリンゴのように真っ赤に染まっていた。

「さすがだな」

「さすがですね」

　戦友とも言えようリロとウヨは短い時間を共にしてきて、ゼンの人柄を理解していた。

「娘を救ってくれてありがとう.....」

「いえいえ」

 王の頬には一筋の涙が伝っていた。

◇

王座での騒動から数時間、ゼンは現在シェルとともにシェルの自室に来ていた。

「お父さん大丈夫でしょうか...」

「大丈夫ですよ」

　王は泣き顔が見られたくないのか一度自室に戻ると言ったきり戻らず、ゼンたちはシェルの自室に戻ってきたのだ。

「それよりもゼン様はこれからどうする予定ですか？」

「どうするって？」

「そ、それは..その...ここに残るのかということです...」

　シェルは恥ずかしながらもゼンに尋ねた。

「いえ、今日にでも出る予定ですよ？」

「え！？　それは本当なのですか！！？？」

　ゼンとあと数センチでキスをしてしまうほどの距離までシェルは詰めた。

「俺が居ても迷惑でしょうし、一緒に来ていた人たちが俺のことを探していると思うので」

　シェルの顔には、今までの天使のような笑顔が消え去っており、この世の終わりとでも言えよう顔をしていた。

「だ、大丈夫ですか！？」

　ゼンはそんな顔をしているシェルが心配になった。

「...........................」

「......シェルさん？」

「........................やだ」

「え？」

「そんなの絶対にやだ！！」

　シェルの眼には今にも決壊寸前の涙が溜まっていた。急なことでゼンは困惑してしまっていた。

「ど、どうしたんですか？」

「もういい！　もう我慢できない！！」

　シェルが何かを決意したのか、少し乱暴気味に言葉を紡ぎだした。

「私はゼン様のことが好き！」

「え」

　この言葉にゼンの思考は完全停止に移行した。しかし、そんなことなど関係がないとでも言いたげにシェルは言葉を続ける。

「私はエルフを道具としか思っていない人族が嫌い。人族なんて誰も同じだと思ってました。でも！　ゼン様は違った」

「いや、そんなことは.....」

「ある！！　まだ会ってから日にちを重ねてないけど、私はゼン様の人柄を十分理解できいるつもりです」

　シェルの真剣な眼差しにゼンは黙って話を聞く。

「優しくて、困った人誰にでも手を伸ばす。そのところに私は惚れました。こう見えて、私の初恋ですよ？」

　ゼンは今回の騒動で傷ついた人の治療を秘密裏に行っていたが、シェルにはお見通しだった。
　
「そ、そうですか」

　ゼンは照れているのか頭を掻きながら、ちらちらとシェルを見ていた。

「だから...だから....」

「ん？」

「私と結婚してください！！！」

　このとき、ゼンは人生で二度目の告白を受けた。







　

************************************************
ブックマーク・感想・誤字チェックお願いします！！遅れてしまってすいません！
********************************************
第２章　緑山　22話　最悪の兆候

「え」

「私と結婚してください！」

　ゼンはシェルの告白、いや求婚に戸惑っていた。以前はマリーに告白はされたが求婚はされていなかった。初めての体験でゼンの思考は停止していた。

「ゼン様、答えを聞かせてください」

　返事が待ち遠しいのか、シェルはゼンを返事を唆した。シェルの顔は湯でたタコと同じくらい真っ赤であり、モジモジとしている姿が恋する乙女という感じで可愛らしい。

　たかが、数十秒の沈黙がこの2人には数時間並みの時間を感じさせた。そして、ゼンは言葉を紡ぎだした。

「ごめんなさい」

　この6文字がどんな思いが乗っているのかにシェルにはだいたいわかっていた。

「他に告白されている人がいるのですね？」

「はい.....」

　ゼンは自分の置かれている状況を見事に当てられたことにゼンは二つ返事しかできなかった。

「そう思ってました。だって、こんな優しくてかっこいい人を放っておくなんてありえませんもの」

　ゼンは生まれてからあまり褒められていないため、耐性が付いていない。そのため、シェルの意図しなった誉め言葉にすらゼンは反応してしまい、顔を赤くし俯いてしまった。

「だから何ですか？」

　シェルの口調が急に真剣になり始めた。

「それが何だって言うんですか？　それぐらいで私が諦めるとお思いですか？」

「.....................」

　無言のゼンにシェルの言葉はマシンガンのように続けた。

「私は真剣にあなたに恋をしています。振られたからって何ですか？　私に惚れさせればいい話じゃないですか」

「だから、覚悟してくださいねゼン様♡」

ちゅっ。

「なっ！？」

　シェルはゼンの頬に誓いのキスをした。自分がゼンを虜にさせるという誓いを。

◇

「ゼン殿ーー！！」

「ゼンーーー！！」

「ゼン様！！！」


　『崋山烈火』の一同はゼンを探して5日が経過した。ゼンが採取をしてくると行ったきり、戻ってこなかったのだ。最初は彼女たちは待っていたが、一向に戻らないゼンを心配して見に行ってみると、姿がなかったのだ。

　それからは、死に物狂いで彼女たちは捜索を続けた。

「ゼン様に手を出したやつは地の果てまで追って、私が葬り去ってやるわ」

「いや、あんたは治す側でしょ」

　この5日間で精神的にも体力的にも限界が来ていた。その中で一番おかしくなってしまったのがマリーであった。おそらくゼンとの触れ合いがなくなり、不安と寂しさ、また恋しさが募っているのだ。

「なら、もうあそこしかない........」

　エリの捜索魔法で緑山を隈なく探しても、見つかる気配がなかった。しかし、エリの捜索魔法で一か所だけ何も映らなかった場所があったのだ。

　捜索魔法は言わば、衛星写真と同じだ。上空からの映像をエリの脳内に移しているだけなのだ。そのため当然、木や草などが映るはずなのだが、一か所だけ何も映らない場所があったのだ。

「そうね」

「あぁ」

「行って、皆殺しですわ！」

「いや、だからあんたは治す側でしょ！？」

　そして、彼女たちはエリを先頭に歩み始めた。そして、彼女たちはまだ知らない。このあと、壮絶な修羅場を迎えることを。






************************************************
ブックマーク・感想・誤字チェックお願いします！！海外に行ってました！！　遅れてしまいすいません！！　次回こそ修羅場になります！
********************************************
第２章　緑山　23話　衝突寸前

「ゼン様♡」

‶もにゅ″

「ちょ、シェルさんっ」

　ゼンの背中にはマシュマロのような柔らかい感覚がはしった。

　ゼンがシェルを振ったあとから、ずっと抱き着かれしまいにはキスまでしようとしてきている状況だ。

「シェルさん？　そろそろ行かないと」

「ダメです！　ゼン様は私に惚れるまでどこにも行かせません！」

「それって、結局夫になるまで出ることが出来ないっていうことですよね！？」

「ぐっ！　気づかれましたか.....」

　シェルは獲物を仕留める虎の如く、ゼンに猛烈に好意を露わにしていた。ゼン自体、正直ここにずっと居続けることに対して悪い気は全然していない。しかし、『崋山烈火』の彼女たちとはここ数日会っていないため、心配であったのだ。

　それと同時にもう1つゼンには懸念すべきことがあった。

「どうか、それだけは起きないでくれ......」

「？　どうしたのですか？　はっ！　まさか、私を娶る覚悟が————————————」

「違います！」

「そ、即答......」

　ガクっと肩を落とすシェル。

　そして、ゼンの願いと裏腹に事件は起きてしまった。

「シェル様！　人族の奇襲です！！！」

　勢いよく開けられた扉にシェルは驚きながら、兵士の話を聞きさらに違う意味で驚いた。

「やはり、人族というのは！」

　兵士の怒声が部屋に響き渡った。

「ゼン様抜きの人族というのはという意味ですわよね？　もしここにゼン様が入っているのなら........」

　「どうなるのかわかっているよな？」という目を兵士にぶつけていた。この恐ろしい殺気に兵士は当然、ゼンも少し怯えてしまった。

　しかし、ゼンに再び抱き着き、甘々な雰囲気が部屋を満たした。

「しぇ、しぇるさん？」

「今はね、ゼン様成分を補充中なの」

　補充中と言いながら、うへうへ言いながら匂いを貪っており、その行為は誰が見ても変態そのものであった。

「完了！　じゃあ、ゴミ虫どもを排除してくるね？」

　そう言い、名残り惜しそうにゼンから身を離した。しかし、予想外なことが起きた。

「俺も行きます」

　そうゼン自らも行くと志願してきたのだ。これにはシェルも動揺が隠せていなかった。

「だ、ダメ！　そんなことしてゼンに何かあったら私...私っ！」

　今にも泣きそうなシェルにゼンは頭をそっと撫でた。

「大丈夫です！　俺に思い至る節があるんです」

「え？」

「では、行きましょう」

　そう言い、ゼンはシェルを置いて先に走って行ってしまった。そしてゼンの人影が角を曲がり見えなくなったところでシェルの意識は戻ってきた。

「ま、待ってください！　行かせませんよ！　どんな手を使っても行かせませんよぉおおおお！」

◇

「着いたわね」

「あぁ」

　『崋山烈火』の彼女たちは、最後の希望としてエリの魔法で何も映らなかった場所に来た。

「さぁ、エリ！　ここに最大級の魔法をぶち込みましょう！」

「マリーが凶暴になっている！？」

「.........了解」

「承諾をするな！」

　リンの大きなツッコミが森全体に響いたのと同時に、一瞬にしてエリの魔法が放たれた。

【神級　雷天球】

　そう言うと、黒い巨大な球体が目の前に出現した。すると、その球体が災害級の雷が降り始めた。

「エリ！！！」

　リンは形相を変え、エリに迫ってきた。しかし、エリの焦点はリンに合っていなかった。それを不思議に思ったリンが振り向いた。

「なんだよ、これ.....」

　目の前には、大きな門、そして巨大な塀で囲まれた不思議な空間、もとい確実に怪しい場所が出てきた。そして、エリの魔法で既に大きな門は大破していた。

「.........ビンゴ」

「やりましたわ！　私の愛しのゼン様！　今お迎えにあがります♡」

　幸せそうな顔をしながら、マリーが強制開門した門へと走って行った。そのあとを、興奮した笑みを浮かべながら無言のエリが付いていった。

「ねぇ、マリーってあんな人だったっけ？」

「頭がおかしくなっているのだ」

「なるほど」

　なぜか納得したレイと、はぁっとため息を漏らしているリンも2人のあとに続いた。

　

　

************************************************
ブックマーク・感想・誤字チェックお願いします！！遅くなりすいません。今回は題名の通り修羅場です。同作品である少女たちを助けるために一度きりのスキルを使いました～助けた少女たちは未来の勇者だった～も読んでいただけると助かります。https://ncode.syosetu.com/n6157fu/
********************************************
第２章　緑山　24話　修羅場

　地獄絵図。それは、まるで地獄であるかのような事態のことを例えてそう言う。しかし、そんな言葉を出すことは日常では滅多にない。しかし、今確実にエルフの里は地獄絵図になっている。原因は4人の女性であった。

◇

「はぁ...はぁ...。早すぎるよ」

「私は足が速いわけではありません。愛の力がここまで私を早くしたのです！」

「そ、そういわれても」

　息を切らし、辛そうにしているゼンに対してシェルは余裕の表情。いや、もはや緩んでいた。しかし、ゼンは急がなくてはならなかった。

「シェルさん、離してください！」

「ダメです！　ていうか、離れないんですよ」

　不可抗力とでも言わんばかりにシェルはゼンから一ミリも離れなかった。

　綻んでいる顔を見るにただの変態であった。

「しぇ、しぇるさん.....？」

「すきです」

　胆略な愛を言うと、シェルは自身の顔をゼンに近づけていった。






‶ちゅっ″






　軽い口づけであった。ゼンはこのとき少しだけ安堵していた。なぜなら、ゼンの予想ではもっとすごいことになると思っていたからだ。しかし、ゼンの浅はかな思考はすぐに崩壊した。

　シェルの甘い吐息が再びゼンの口元に運ばれ始めた。

　ゼンは咄嗟に顔を横に向けた。が、もはや誰にも止められない暴走機関車にはそんなことをお見通しなのかゼンは無駄な抵抗を先読みして両手がゼンの両頬を押さえつける。

「だ、だめ.....」







‶ドガーン！″






　轟音が廊下に鳴り響いた。

「手を離しなさい...泥棒猫」

　このとき、会ってはいけない2人が対峙した瞬間であった。

「ま、マリーさん！」

「はぁん、愛しのゼン様♡　妻である私がお迎えに上がりました♪」

　すると、マリーはゼンに馬乗りになっていたシェルをどかして選手交代をした。

「きゃっ！」

　それと同時に人を蹴り飛ばすという聖女らしからぬ行動を見せつけた。

「やっと会えました.....」

「すいません、心配をおかけして」

「そうだよ、ゼンがいきなりいなくなるから私たち心配したんだよ？」

　剣姫レイが安堵しきった顔で言ってきた。しかし、その表情には呆れている顔も見られた。

「おかえりだなゼン殿」

「だたいま？　ですかね」

　数日ぶりの再会が果たされた。しかし、一番するべき懸念点がまだ処理されていないままであった。

「ゼン様から離れろ.....」

　のしりと起き上がったシェルが今までにないほど恐ろしい殺気を『崋山烈火』のメンバー、いやマリーに向けていた。

「コロスコロスコロスコロスコロスコロスコロスコロスコロスコロスコロスコロスコロスコロスコロスコロスコロスコロスコロスコロスコロスコロスコロスコロスコロスコロスコロスコロスコロスコロスコロスコロスコロスコロスコロスコロスコロスコロスコロスコロスコロス」

　シェルはまるで呪文のように殺害予告を堂々としていた。しかし、マリーの行為がさらに油に火を注ぎ始める。

‶ちゅっ″

　そう、シェルも先ほどしたキスだ。シェルの怒りボルテージが限界値を突破した。






【古代魔法　絶風刃】






　シェルが古代魔法を詠唱すると、少しの風が吹き流れた。そして、廊下にあるあらゆるものが綺麗に真っ二つにされ始めた。

「なっ！」

　ゼンは驚きを隠せなかった。ゼンの知るシェルはか弱い女性だったのだ。しかし、古代魔法をいとも簡単に打っているだ。古代魔法はエルフ全員が使用できるわけではない。優秀なものにしか習得できないものであるため、古代魔法を使えるシェルは自動的に強者に分類されるのだ。

　しかし、人族でNo.1の強さを誇る『崋山烈火』はこの程度では驚きもしなかった。






【神級　|壁《へき》】





　賢者エリが魔障壁を高速で展開、すると魔障壁以外の廊下がまるで豆腐のようにぱっくりと切られていた。

「石の壁がこんな簡単に.....」

　ゼンは、今までに見たことのないシェルの殺気にも驚いたが、シェルの繰り出す古代魔法にも度肝を抜かれた。

「ゼン様から離れろ。私の愛しのゼン様から離れろ」

「何が『私の愛しのゼン様』ですか！　ゼン様は貴方みたいな暴力女ではなく、私みたいな清楚で御淑やかな女性がタイプなんですぅ」

「え.....そ、そうなの？」

　シェルはぷるぷると体を小刻みに揺らしながら、目には決壊寸前の涙が溜まっていた。

「いや、違いますからね！　確かに暴力は好きではないですけど、シェルさんは俺に暴力していないじゃないですか！」

　ゼンの一言で、シェルの表情は次第に変貌を遂げ始め、最後には万弁の笑みを浮かべていた。

　これで解決、そう誰もが思っていたがそんなのは幻想に過ぎなかった。


◇


　エルフの里には、ゼンの仲間として『崋山烈火』のメンバーを紹介しこの騒動は幕を閉じた。『崋山烈火』のメンバーは、謝罪の意を込めて、里の復旧作業を手伝い、1日でもとに姿に戻った。

　しかし、犬猿の仲とで言おうか、シェルとマリーは毎日喧嘩をしている。

　原因は、そう、ゼンの取り合いだ。

「じゃあ、このシェルがゼン様と婚約するという形でお願いいたします」

「ねぇ、そこのク〇エルフ。私の愛しのゼン様に触れないでくれるかしら？」

「そっくりそのまま返しますよ、ク〇野郎」

　両腕を2人に拘束されながら、ゼンの前を遮る形で罵倒が飛び交っている。

「はぁ、これからどうなるんだろう.....」

　ゼンは不安を胸にしていた。

　


　

　



　

************************************************
ブックマーク・感想・誤字チェックお願いします！！次回は、閑話となります。明日投稿予定です。お楽しみに。少女たちを助けるために一度きりのスキルを使いました～助けた少女たちは未来の勇者でした～も読んでいただけると嬉しいです。 https://ncode.syosetu.com/n6157fu/
********************************************
第２章　緑山　25話　喧嘩

「では、行ってきます」

「やだやだやだ！！」

「離れなさい、ク〇エルフ。私とゼン様の愛の道に邪魔なのよ」

「ゼン様、うそだよね？　捨てないよね？」

「いや、だから.....」

「貴方はもともと捨てれる運命だったのよ！　ははははははは！」

「いや、ですから.....」

「嘘だ！　私とゼン様は前世から深い仲で結ばれていました！　貴方みたいなク〇アマと私とでは格が違います」

「いや、あのね2人とも俺はただ.....」

「ええぃ、お前たち！　ゼンはたかだか買い物に行くだけだろうが！　いちいち喧嘩するな！」

　そう、ゼンはただ食材を買うため市場に行こうとしただけなのだ。しかし、シェルとマリーがどっちがお供するかで争い始め、じゃんけんの結果マリーが勝利した。

　ここまでは比較的穏便に済んだのだ。しかし、そのあと、ゼンと10分も離れたことがないシェルがゼンを離さなかったのだ。これに激怒したマリーがシェルと喧嘩をおっぱじめたというのが、今までのあらすじだ。

　マリーたちがエルフの里を訪問もとい襲撃してから3日が経過した。その間、シェルとマリーは喧嘩の毎日であった。シェルとゼンの間にも進展があった。シェルはゼンに対して敬語をやめ、気軽に話すようになっていた。

「じゃあ、行ってきますね」

「早く帰ってきてね？　じゃなきゃ、その人ぶっ殺すから」

　指さしているのはもちろんマリーであった。笑顔であるが目が笑っていないシェルに本気であるということがしみじみと伝わってきた。

「やれるもんならやってみなさい」

「マリーさん、そんなこと言ったらだめです」

「はあい♡」

◇

「すごい賑わいですね」

「そうですね」

「はい、マリーさん」

　そう言い、ゼンはマリーに向かって手を差し出した。

「どうしました？」

「離れてはダメですからね.....」

　顔を少し赤らめながら、ゼンはマリーも手を取った。

　放心状態であったマリーであるが、ぎゅっとゼンの手を握り返した。

「愛しています、ゼン様」

　マリーは、誰にも聞こえない声で愛を囁いた。

◇

「はぁ.....これはゼンも大変ね」

「あぁ、まさかマリーがあそこまで凶変するとは、嫉妬とは恐ろしいものだな」

　レイとリンは今まで見たことのないマリーの姿に困惑していた。

「これもゼンの人柄.........」

「そうね」「あぁ」

　3人は理解していた。ゼンに命を救われてから、ゼンと行動しているが、ゼンは他の者とは違う心を持っていた。それは、





　自分の信念を貫くところだ。





　ゼンはどんな種族であろうと、困っていたら助ける。それが例えヒト族と敵対している種族であろうとだ。その人柄におそらくシェルとマリーは惚れたのだろう。

　しかし、このときは誰も予想していなかった。





　ゼンのこの人柄が世界の均衡を再び取り戻す大きな鍵となるということを.........

************************************************
ブックマーク・感想・誤字チェックお願いします！！今回は閑話です。次からは、新しい内容になるのでお楽しみに！少女たちを助けるために一度きりのスキルを使いました～助けた少女たちは未来の勇者でした～も読んでいただけると幸いです。 https://ncode.syosetu.com/n6157fu/
********************************************
閑話　ビアロ＝エルデリホール＝シェル

　私の名前はビアロ＝エルデリホール＝シェル。私はエルフの国王の娘として里の皆から愛され育てられていきました。

　よき友人などにも多く出会いました。私は自分で言うのもあれですけど、容姿にはそれなりに自信はあります。そのため、多くの告白を受けました。ですが、すべてお断りさせていただきました。私には好きという感覚が分からなかったのです。

　しかし、今私には大好きな相手がいます。

　その方は優しくて、かっこよくて、頼りがいがあって、でもなぜか守りたいと思ってしまうような人です。私は今、彼以外の異性が目に入りません。入ったとしてもミジンコ程度にしか入りません。それくらい彼を愛してしまっているのです。

　しかし、彼はヒト族でありエルフからは嫌われる存在であります。しかし、彼はエルフの国民の誰もから慕わています。そう、私を死に物狂いで治療したらしいのです。

　エルフの里には、昔から不治の病と言われるものが存在します。数年に1人かかるかの病であり、悪魔の呪いとも言われております。私の母もその病で命を落としました。

　そして、私も母と同様その病にかかってしまったのです。父は必死に治療する術を見つけ出そうとして、里にはほぼいませんでした。私は自分でもこの命が短いことは分かっていました。だからこそ、父には傍に居てほしかった。

　父の努力は実らず、時間だけが経過していきました。私は、病にかかってから数か月で意識を失いました。私はこのまま一生意識が戻らず、母と同様そのまま息を引き取るのだろうなと思いました。

　そのとき、私は夢を見ました。そう、おとぎ話でも出てくる王子様が昏睡状態の私にキスをし目覚めるというそんな非現実的な夢を。

　しかし、私は目を覚ましたのです。そして、まるで嘘かのように体が軽くなっていたのです。

　目を覚ました私は父の部屋へと行きました。最初父は驚いていました。なんせ本人である私ですら驚いているのだから、父なんて夢でも見ているのではないかと思うくらいの衝撃的な瞬間であったはずです。

　そのあと、父は何度も泣きながら私の無事に安堵していました。私も泣きながら父と抱き合ってしまっていました。

　しかし、不治の病とも言われるこの病気がなぜ私だけ治ったのだろう？　その疑問は拭えませんでした。

　その疑問に対する答えに辿り着くまでそう時間はかかりませんでした。反逆罪で捕まっている私の友人であるリロとウヨが必死に私と面会を求めていました。

　忠実であった彼らが反逆罪何て行うはずがないと思い、何か裏があるのだと私は思いました。そして、私は2人との面会を許可し、衝撃的なことを聞きました。

　私は奇跡的に治ったのではなく、人の手で治されたのだと。では、あの夢は現実であったということも同時に気づきました。最初、私は疑心暗鬼でした。しかし、私は今までにあったことを彼らから隅々まで聞き、確信に変わりました

　そして現在、私を治してくれた彼は重症ながらも治療を受けず、牢屋に放り込まれているとのことでした。

　私を治療してくださった恩人に対しての処遇があまりにもひどすぎることに、私は今までにない憤りを覚えました。

　一刻も早く彼を治療し、治してくれたお礼がしたい。その一心で彼のいる牢屋へと急ぎました。

　牢屋へついたとき私は再び衝撃を受けました。牢屋に血の湖が出来上がっていたのです。私はすぐに治療班を呼び、何とか一命はとりとめました。

　しかし、なぜヒト族の彼はこんな傷を負いながらも見ず知らずの私のためにここまでしてくれたのだろう。こんな疑問が頭を駆け巡ると同時に胸が締め付けられる感覚がしました。





　何だろう、この少し息苦しいような感じは.....






　そのあと数日間彼は目を覚ましませんでした。その間私は彼の情報を聞くため、毎日ウヨとリロに赴き話を聞きました。

　その話を聞くたび私の胸は締め付けられました。私はこの気持ちが知らないわけではありません。




　そう、彼をゼン様を好きになっていたです。




　最初は信じたくありませんでした。しかし、寝ている彼の横顔を見るだけで今までに感じたことのない幸せを感じてしまうのです。本能が好きだと言っているのです。そうなったら、認める以外の選択肢は残っていないのです。

　命を救われたから好きになった？　そうです、それが原因で好きになりました。ですが、それだけではありません。目を覚めたあとの彼の人柄に触れてさらに私の気持ちが確実になっていきました。

　私は彼以外に婚約するなど考えられませんでした。しかし、私はエルフ。彼はヒト族。この境界線が私たちを邪魔してしまうのです。しかし、その壁は私が必ず取り払って見せます。




　私の大好きなゼン様、今はク〇アマがいるせいで婚約ができませんけど、いつか....いつか、




　









　私の夫にしてみせます

　
************************************************
ブックマーク・感想・誤字チェックお願いします！！少女たちを助けるために一度きりのスキルを使いました～助けた少女たちは未来の勇者でした～も読んでいただけると幸いです！　　 https://ncode.syosetu.com/n6157fu/

　日間ランキング40位ありがとうございます！




********************************************
第２章　緑山　26話　新たな幕開け

「はぁ～、おいしかったな」

「さすがゼンね！」

「腕前が上がった.........」

「お粗末様です」

　ゼンは夕飯の買い出しから帰り、料理を振舞った。

「ゼン様、そろそろ我が家にお帰りにならないと」

「そうですね、こちらにも迷惑になってしまいますし」

　ゼンは荷物をまとめるため、席に立つがシェルの2つのスイカによってその行動は妨げられた。

「ダメです！　ゼン様はここで住んでもらわないと.....私何をするか分かりませんよ？」

　もはや笑顔すら作らない辺りにシェルの本気度の値が伺えた。

「で、でも自分の家ありますし」

「じゃあ、ここに家を持ってくれば問題はありませんよね？」

　ゼンはシェルの言っていることが理解できなかった。しかし、マリーには理解出来ていた。

「ま、待ちなさい！」





【古代魔法　区画転移】





　詠唱とともにものすごい音が里中に響いた。俺は思わず、外へと駆け抜けた。

　そこには、信じがたい光景が広がっていた。

「お、俺の家！？」

「はい！　これでいつまでも。これかもずっっっっっっっっっと一緒ですね♡」

「このク〇エルフ！　私とゼン様との愛の巣を.....愛の巣を.....こんなところに持ってきやがって」

　マリーの怒りボルテージがMAXに達していた。マリーの計画では、ゼンと自宅に帰り猛アピールをし、婚約しそれをシェルに見せつけるという計画であったのだ。

　それがたった今打ち砕かれたのだ。

　シェルはマリーの計画に気づいていた。どうにかして、その計画を止めなければゼンとの夫婦計画がまた遠ざかってしまう。そう考えたシェルは、【古代魔法】をあらかじめ展開しておき、ゼンの家の座標も特定し、転移をさせたのだ。

「私の勝ちね」

「覚えてなさい」

　勝ち誇るシェルに負けを悔しがるマリー。

「はぁ、いつも喧嘩ばかりだな」

　リンは呆れるを通り越して諦めに走っていた。毎日喧嘩をして、その原因の種がゼンというのも毎回同じ。

　この平和な光景はゼンやシェルはもちろんのこと、『崋山烈火』のメンバーにとってもかけがえのないものだ。





　しかし、その平和も唐突として奪われることとなる。




「あれ？　ゼン様は？」

「リン見ましたか？」

「いや、見てないけど」

「自分の家でも見に行ったんじゃないの？」

「そうですわね、久しぶりの我が家で興奮したのでしょう」

「興奮！？　はぁ、はぁ....じゅるっ」

「おい、クソエルフ.....今どんな想像をしたのですか？」

「汚い.........」

　このとき誰も分からなかった。ゼンは自分からいなくなったのではない。

　連れ去られたのだ。















　魔族によって
************************************************
魔族にさらわれたゼンはどうなってしまうのか！？　お楽しみに

ブックマーク・感想・誤字チェックお願いします！！遅れてしまって申し訳ございません。

********************************************
第３章　魔界　27話　奴隷

「——————————————ん？　ここは.....」

　ゼンは見知らぬ天井に違和感を感じた。ゼンは立ち上がり、自分のいる場所を確認するために窓を覗いた。




　そこには、暗黒の空が広がっていた。





　太陽などの光はなく、街の明かりと月の明かりが暗黒の空を照らしていた。

「どこだここは.....」

　ゼンは自分がどうしてここにいるのかが分からなかった。最後の記憶がシェルの自室で自宅を見た記憶なのだ。

 このときゼンは首元に違和感を感じた。
　
「これは.....」

　ゼンに装着されていたのは首輪であった。それはペットに着けるような甘いものではない。





　奴隷





　この言葉を聞いたら誰でもぞっとしてしまうだろう。自由を奪い、人間としての価値すらも奪ってしまう。それが奴隷だ。

　では、なぜ奴隷が存在するのだろうか？　それはこの世に身分というものが存在しているからだ。これは当たり前のことであり、乗り越えられない絶対的な壁である。

　また、奴隷になって最も恐ろしいことは身分が固定されてしまうということだ。

　農民が貴族になる可能性はほぼないが、ゼロではない。しかし、奴隷から平民、ましてや貴族になるなど不可能なのだ。

　ゼンは今自分が置かれている状況を素早く理解できた。この早さ『崋山烈火』とともに行動し身に着けた一種の技であった。

　しかし、お世辞でも言えないほど酷い状況であった。この首輪はゼンを生涯の大半を奴隷として過ごすことを暗に意味していた。

「起きたかヒト族」

「な、なんで.....」

　このときゼンは驚いてしまった。

　それは無理のないことであった。ゼンの前にはヒト族と戦争を繰り広げ続けている魔族が居たからだ。

「敵対勢力の魔族がなぜここにいるのかって？」

「..............」

　ゼンは何も言えなかった。

「図星だな。まぁいい、少し面を貸せ」

「い、嫌と言ったら？」

　ゼンはどうしてかそんなことを口走っていた。

「死ぬのが怖くないなら言えばいいんじゃないか？」

　遠い昔、ある冒険者が王様に対して「貴方が一番恐ろしいと思うものはなんですか？」と問うたことがあった。王様は何の迷いもなく「死ぬことだ」と言った。どんなに最強な人物やどんなに権力を握っていたとしても『死』という恐怖は脳裏にこべりついてしまうのだ。

　その最大の脅し文句にゼンも当然、恐怖を感じた。

「行くよな？」

「は、はい」

◇

「着いたぞ」

「ここは.....」

　ゼンは魔族の男の先導に従い巨大な門とでも言えよう扉の前に来ていた。ゼンは廊下を移動している時に自分の置かれている状況を再確認できた。

　まずは、自分が奴隷になってしまっているということ。これは、首輪が装着されていることに気づいたときに、理解していたことだ。

　もう一つ、ゼンは最も重要なことに気づいてしまった。それは自分は魔族に捕らわれてしまったということだ。廊下を行き交う数人すべてが魔族であったため、そう認識出来た。

　そして、今現在に至る。

「では、入るぞ」

‶ゴゴゴゴゴゴゴ－－－″

　怪獣が雄たけびをあげるが如く、地響きもとい金属音が鳴り響いた。

「ヒト族を連れて参りました」

「ご苦労、下がってよい」

「はっ！」

　ゼンの前には角が生えた女性が立っていた。シェルにも劣らないほどの絶世の美女であるが、目がつり目であるため、少し気が強いように見える。しっかりと通った鼻筋、唇は漆でも塗ったのかと思われるほど光り輝いているようであった。髪の毛は血でも表しているのか真っ赤である。

　しかし、容姿とは別にゼンはその女性から恐ろしいほどの殺気を感じていた。ゼンはこの殺気で彼女の正体が分かってしまった。















　魔王であると。
　

　






************************************************
ブックマーク・感想・誤字チェックお願いします！！ここからゼンの快進撃が始まります。どうぞお楽しみ
********************************************
第３章　魔界　28話　決意

「そんな身構えなくともよい、わらわはお前に用があるのじゃ」

「そ、そそその用とは何ですか？」

　ゼンは恐怖のあまりに噛み噛みになっていた。体が警告をしているのか、それともただの恐怖か分からないが、体はずっと痙攣したままである。

「はははははっ！　そんなに怖いか！」

「そ、そんなの当たり前です」

「まぁ良い、お前はここで一生働いてもらうからな」

「え、それはどういう.....」

「お前がエルフの嬢ちゃんの病気を治したのを聞いてな、それで連れ去ったんだ」

　魔王はそのまま言葉を紡いだ。

「お前んとこのヒト族とわらわたち魔族は戦争をしている。これは知っておるかの？」

「は、はい」

「わらわはヒト族が大っ嫌いじゃ、今すぐにでもお前を殺してやりたい」

　ゼンは『殺す』というワードを聞き、遂に堪えられなくなったのか、魔王に背中を向けて走り出した。

　この行為は『逃げる』とは違う。





　『守る』この言葉の方が正しい。





　ゼンは全力疾走で走り出したが、その願いも一瞬にして消えてしまう。





〘止まれ奴隷〙




　この言葉がゼンの脳に直接届いた途端、ゼンは動けなくなってしまった。まるで誰かに足を掴まれているかのように。

　すると、突然鈍痛がゼンに押し寄せた。

「ごほ、ごほごほっ！」

「手間かけさせるな、奴隷が」

　魔王はゼンの腹に自分の拳を放った。軽く打ち込んだが、ゼンにとっては相当な痛みであるのか変わりはない。

「お前はここで一生奴隷なんだ、逃げるなんて考えないほうがよいぞ」

　倒れたゼンの髪の毛を掴み、脅迫した。

「す、すいません」

〘喋るな、汚い〙

　再び脳裏にそんな言葉が出てきた瞬間、ゼンの口は糸でも縫わしたかのように開かなくなってしまった。

「お前はただ配下の魔族たちを治せばよい」

◇

「はぁはぁはぁ、やっと口が開いた」

　ゼンは魔王との面会のあと、ラボもとい研究所らしき場所に放りこまれた。

「設備はしっかりしているな」

　素材や器具には問題はなかった。しかし、ゼンには一つだけ気がかりなことがあった。

「魔王はなぜあんなつらい顔をしていたんだ」

　ゼンは魔王に連れられてここまで来たが、そのときの魔王の表情がとてもつらそうに見えた。後悔？　いや、不安ともいえよう何かに。

「まずは傷を負った人たちを見ないと」

　傷を負った者は、このラボに運ばれるため治療がしやすい環境ではあった。しかし、ゼンは衝撃を受けてしまう。

「これはひどい.....」

　ゼンの目に映ったのは、何万とも及びそうな数の負傷者であった。それに対して医師の数はたったの10人。これでは治療する前に多くの魔族が死んでしまうのは確実であった。

　10人の医師は魔法を駆使していたが、傷が酷いため完治するときには医師の魔力が尽きてしまう状況であった。

　魔王のつらそうな表情の正体を知ったとき、ゼンは決意した。









　全員の命を救ってみせよう.....と








************************************************
ブックマーク・感想・誤字チェックお願いします！！三本連続での投稿です
********************************************
第３章　魔界　29話　開始

「お前さんがここに配属されたヒト族か？」

　ゼンは不意に後ろから声をかけられた。

「は、はい」

「お前さんはこれを見てどう思う？」

　唐突の質問にゼンは少しだけ戸惑ってしまったが、自分が思っていることをゆっくりと導き出した。

「酷い状況だと思います。戦争というものをこの惨状を見て身に沁みました」

「そうか」

　魔族の医師はそれ以上何も言わず、ゼンを持ち場へと案内した。

「ここがお前さんの持ち場だ」

「ありがとうございます、魔族さん」

「魔族さんはやめてくれ、ダンや」

「ゼンです」

　ダンという魔族の医師はゼンに握手を求めてきた。ゼンはすかさず握手をした。

　ダンは魔王みたいな角は生えておらず、全身が岩石で覆われている魔族であった。

「では、治療を始めます」

　ここからゼンの何か月にも及ぶ死闘の幕が開けた。

◇

「まずは1本完成した」

「これはポーションじゃないか！！」

　魔族たちにとって恐ろしいもの、それはポーションであった。ヒト族の間では、回復をするアイテムとして普及しているが、魔族の間では毒薬として認識されている。

　理由は簡単。ヒト族のポーションは魔族には当てはまらないのだ。

　魔族がヒト族のポーションを飲むと、体の内側焼けるような痛みを伴い、だんだん衰弱し始め、やがて死に至る。

　このことをダンは知っているため、余計に驚いてしまったのだ。ゼンの今の行為は治療しようとせず、殺そうとしている高位だからだ。

「大丈夫です、魔族に適したものですから」

「嘘をつけ！　これで誰かが死んだら洒落にならんぞ！」

「はい、そのときは俺が自害します。ですから、信用してください」

　ゼンの言葉、目には嘘偽りの色が見えなかった。ここまでまっすぐに言葉をぶつけてくる者のこと信じないものはいるのだろうか？　いや、いない。

「わかった、だが、まずは俺が飲む。それでいいな？」

「はい、そのつもりでしたので」

　ダンはゼンからポーションを取った。

　ダンには緊張が走った。これがもし違っていたら自分は確実に死んでしまう。死という最大の恐怖が確かに存在していた。しかし、ダンは意を決してゼンからもらったポーションを飲んだ。

　すると、たちまち力が漲り始めた。

「何だこれは！？　力が.....」

「これはパワーポーションです。これは自然治癒能力の上昇を促すポーションです。だかあら、おそらく力が漲る感覚がしたんだと思います」

「すごい.....」

　ダンはこのとき確信した。

　ゼンなら魔族全員を助け出せる可能性を秘めているのではないのかと。

「これを全員に飲ますのだな？」

「これは軽傷者だけです」

「軽傷者？　では、重傷者はどうするのだ？」

「先ほどとは効力が違うものを用意します。少し大変ですけど大丈夫ですか？」

「あぁ、俺なら大丈夫だ」

「では、始めます」

　このときのゼンは知らなかった、この行為が魔族全体を揺るがす大事態になるということを。


************************************************
ブックマーク・感想・誤字チェックお願いします！！今回はポーションの材料の説明です。少し、会話が少ないですがご了承を。

もう一作品である「少女たちを助けるために一度きりのスキルを使いました～助けた少女は未来の勇者でした～」も読んでいただけると幸いです。 https://ncode.syosetu.com/n6157fu/
********************************************
第３章　魔界　30話　ミッドナイトポーション

「今から作るのは何ていうものなんだ？」

　ダンは問うた。

「ミッドフルポーションです」

　魔族に適したポーションはこの世界でゼンしか作れない。そのためゼンはオリジナルでこの名前を付けた。

「材料は何だ？」

「ドッキントマト、セツゴウリ、善キノコ、仙王米、スライムゼリー、マッドピラエルを用意します」

「足りないドッキントマトとマッドピラエルは仕入れてくるが、仙王米だけはどうやっても無理だぞ？」

「それだけで大丈夫です、ありがとうございます」

　ドッキントマト。これは一般的な家庭でも食事の場で出されるほど普及されている食べ物だ。効力は欠落した部分をドッキング、いわゆるつなげるという役割を果たすものだ。

　セツゴウリ。これもドッキントマトと効力は同じだが、ドッキントマトと合わせて混ぜることにより効力が通常の10倍以上出ることから、ゼンはこの組み合わせをチョイスした。

　善キノコは、シェルを助けた際に大活躍したキノコである。レア度は非常に高く、滅多に手に入らないものであるはずなのだが、なぜか魔界には腐るほどラボに置いてあったため、ゼンは安心していた。

　仙寿米。今回の中で最も入手が難しい品物である。仙王米とは、文字通りお米の中の王様であり世界で最も希少な品物十点の中の1点として有名である。理由は、なんといっても入手方法である。仙王米は、その栽培方法が分からず、数千年間謎のままである不思議な食べ物である。では、栽培方法が分からないなら、どうやって入手するのか？　それは、落ちているのだ。不定期に色々な場所に落ちているのだ。何年もない場合もあるし、数日に数回落ちている場合もある。一説では、天空に栽培所があってそこのこぼれ品なのではないのか？　という説である。何人もの研究者が仙王米の研究をしたが、未だ謎のままである。効力は、自然治癒能力を数億倍上げるという規格外の効力を持つ。この効力はこの世でゼンだけしか知らないため、仙王米を手に入れた貴族は、ポーション等に使用せず食してしまうのだ。勿体ないと思うかもしれないが、味のほうも他の米とは比べものにならないほどの甘みと、まるで餅かのような弾力に食したもの誰でも魅了されてしまうという。

　ポーション作りには絶対に欠かせないスライムゼリー。Eランクモンスターのスライムから入手できる普及しすぎた品物である。

　そして、今回最も重要な代物であるマッドピラエルという液体である。これはピラエルというC級の黒い魚モンスターの体液のことである。魚と言えば海の中で生息するイメージが湧くが、このピラエルと言う魚は、大方陸で生活をするため、魚のようなヒレなどはなく、ヒト族みたいな手足が魚の胴体に生えている。このマッドピラエルには、これと言った効力はない。しかし、魔族に適したポーションを作る際に、このマッドピラエルを混ぜることで魔族にも適用できるポーションを作り出すことが可能になる。

　そして、ゼンにはやるべきことが1つあった。

「さぁて、俺は栽培をしなくてはですね」

「栽培？　..........ま..まさか！」

　








　そう、ゼンは知っているのだ。数千年間誰も解読出来なかった仙王米の栽培方法を。
************************************************
ブックマーク・感想・誤字チェックお願いします！！今回は親友になる人物との出会いです
********************************************
第３章　魔界　31話　詰み

「ここに来たのはいいけどよ.....ここで栽培するんか？」

　栽培という言葉を聞いて、自然と畑などが浮かぶのは自然のことであろう。

　『土』

　どんな作物であれ必要不可欠なもの。しかし、ゼンが来た場所には土という最重要物はなく、あるのは辺り一面を覆いつくす水であった。

「そうです。ですが、栽培するには相当気合を入れないといけません」

「うっしゃ」

　ダンはボキボキと指を鳴らし、準備万端の合図を送っていた。

「では、今から言う指示に従ってください」

　ゼンが言ったことは、仙王米を完成させるまでの手順であった。
　
　①普通の米の種を水入れる。この際、種が底のある土などと接触しないようにする。
　
　②水の温度を上げる。水の温度が上がることによって種は発芽をする。

　③発芽した種を酸素にあてるため水から取り出す。

　この三段階の手順を踏めば、仙王米は1000個の内1つできる確率になる。そして、ゼンがこの広大な水辺、もとい湖に来たのは理由がある。

　一回で多くの栽培をしたほうが効率が上がるのではないのか？　という考えのもと湖に来たのだ。以前はゼンが1人で行っていたため、小規模で行っていたが今回は魔法が使えるダンを一緒のため確立を増やす目的で湖に来たのだ。

「じゃあ、やるぞ」

「お願いします」

　ゼンの合図とともにダンは魔法を詠唱した。

【念力】

　浮遊魔法の応用であり、あらゆる万物を操ることが出来るという魔族特有の魔法だ。戦争時はヒトを対象として【念力】を行っているが、今回は米の種を対象である。

　【念力】はあらゆる万物を操ることが出来ると言ったが、ある条件がそこにはある。それは、重量だ。魔法の威力によって操れられる重量が異なるのだ。

　初級、中級、上級、帝級、神級と魔法の威力は違ってくるが、魔王クラスのものになってくると神級が使えると言われ、重量は関係がなくなってくる。

　しかし、ダンは初級しか扱えないため重量は決まってくる。今回は運よく米の種のため【念力】で多くの種を一回で水につけることが出来る。

　ダンが数千という単位の種を水につけた。そして、ダンが炎魔法を駆使し湖の温度を上げる










　そう、ゼンは思っていた。










「一度に2つの魔法は扱えん」

　ゼンはこの言葉を聞いたとき絶望した。ゼンの近くには賢者エリがいたため魔法が2つ同時に使えないことを忘れていたのだ。これでは、仙王米を栽培する効率が極端に下がってしまう。

　では、他の医師を使えばいいのか？　そういうわけにはいかない。他の医師は今現在必死に患者の命を繋げている状況なのだ。こんなことで魔力を使い治療する際に魔力が足りなくなってしまったら意味がないのだ。

　ゼンの計画はここで詰んでしまった。『崋山烈火』と出会ってから詰んだことがなかったゼンが初めて詰んでしまった。

　今、ゼンの腕には数千という単位の命がかかっている。ゼンはそのことを誰よりも理解していた。そんな中、ゼンは行き詰ってしまったのだ。

『絶望』

　悪の二文字がゼンの顔にはっきりと出ていた。










「このガレオ様が手伝ってやろう」

「え」

　ガレオとゼンとダン。この出会いが魔界を、いや世界を変えることをゼンはまだ知る由もない。

　

　



************************************************
ブックマーク・感想・誤字チェックお願いします！！魔王→四天王→八将軍という順番で魔界は強さが決まっています。
********************************************
第３章　魔界　32話　ガレオ将軍

「ガレオ様！　どうしてここに！？」

「ガレオってあのガレオなのですか！？」

　ゼンはガレオについて知っていた。いや、おそらくヒト族なら知らないものは誰一人としていないだろう。

　ガレオ将軍。魔王軍四天王のうちの一角をなし、魔法武術の使い手。四天王の中でも人柄がよく、魔界の中で最も慕われていると言っても過言でもない人物である。

　ヒト族の間では、あまりの強さ故に魔王2世とも呼ばれている。そんな化け物がなぜこんな偏狭な場所にいるのか？　その疑問がダンとゼンの頭に残っていた。

「貴様がゼンとやらか？」

「はっはい！」

「ははははは、そんなに腰を低くしなくていいわ！　俺様は貴様の手伝いをしに参上したのだ！！」

「本当なんですか？」

「あぁ！　しかし、条件がある！！」

「条件ですか？」

　ゼンは条件という言葉に敏感に感応してしまった。相手はヒト族と敵対している魔族、その四天王が出す条件などゼンにとって不利になることは目に見えていた。

　しかし、ゼンの思惑はすぐに打ち砕かれた。

「俺様に協力をしてくれ！」

「え？　ど、どういうことですか？」

「貴様のことは魔王様から聞いている。貴様がエルフ族の姫の不治の病を治したということも聞いた。俺様は貴様らヒト族とは敵対勢力、そんな俺様の言うことなんか聞いてくれないかもしれない.....。だが、俺様の頼みを聞いてくれないだろうか！　この通りだ！！」

　四天王がゼンに頭を下げた。ゼンはもちろん、ダンも驚いていた。　
　
　当たり前だろう、この状況をヒト族で例えるなら、公爵家レベルの貴族が一介の平民に対して頭を下げると同じ状況なのだ。

「あ、頭を上げてください！」

「それはできない！　俺様の頼みを聞いてくれるまで！！」

「俺に出来ることなら聞きますから、どうか頭を上げてください！」

「本当か！？」

「はい」

　ガレオは深刻そうな顔のまま話を続けた。

「俺様にはガーミルという妻がいるのだがな、ある日突然倒れたんだ。もう、5年以上目を覚まさないのだ。魔界にはいい腕の医師がたくさんいるから、妻の状態を見てもらったんだ。だが、誰も妻の倒れた原因が分からなかった。エルフの姫の不治の病を治した貴様らな妻を助けられるんじゃないか？　だからお願いだ、妻を助けてくれ.....」

　敵対勢力であるヒト族に助けを求めることは、魔族にとって大きな恥であろことは違いない。しかし、ガレオは何の躊躇もなくゼンに頭を下げ、助けを求めた。それほどまでに妻を愛していることがゼンにしみじみと伝わってきた。

「俺に任せてください、必ず原因を突き止めてみせます」

「ありがとう.....ありがとう」

　ガレオはゼンの手を握りしめ、何度も感謝の言葉を囁いた。

「ですが、現在多くの魔族の方が大変危ない状態です。ですから、まずはこの仙王米の栽培に協力をしてはくれないだろうか？」

　ガレオは握りしめていた手を離し、ゼンの正面に立った。

「お安い御用だ！」

「ダンさん、お願いします」

「よっしゃ！」

　ダンが再び【念力】を使用し、種を水につけた。そして、





【|獄炎拳《ヒートナックル》】

　その詠唱とともにガレオの拳には周りの大気すら焦がすような炎を纏っていた。その拳を水につけた。

&quot;ジューーー！！”

「嘘だ.....ろ」

　湖にあった水が一瞬で消え去ったのだ。

　あまりの温度に水が一瞬で水蒸気になってしまったのだ。おそらく、その水蒸気すら焼かれてしまったかもしれない。

 しかしこの予想をしていなかった事態は、ゼンたちに幸運をもたらした。





「これ全部仙王米じゃないか？」






************************************************
ブックマーク・感想・誤字チェックお願いします！！少女たちを助けるために一度きりのスキルを使いました～助けた少女たちは未来の勇者でした～も読んでいただけると幸いです。
 https://ncode.syosetu.com/n6157fu/
********************************************
第３章　魔界　33話　調合①

「それは本当か！？」

「はい.....」

　何が起きたのか、ゼンは分からなかった。手順は今までと違う部分は1つもない。しかし、今までと唯一違うことがある。





　温度だ。




　今までは水を温め、発芽するまでと定義していた。発芽する際の詳しい温度などは知らず、発芽したタイミングで種を水から引き上げるという作業を行っていた。

　しかし、今回はガレオの規格外の魔法により水の沸点を一瞬で超し、湖にある水を水蒸気に変えてしまった。いわゆる水の温度は確実に100度を超しているということが暗に理解できる。

「ま、まぁー俺様にかかれば？　こんなもの余裕だしな？」

　語尾に疑問が拭えないところにガレオすら驚いているのがわかる。

「でも、幸運じゃないか？　手間も減るから早くポーションが出来るだろ？」

「そうですね、これでどっと時間が短縮できます」

「おっ、そうなのか？　では、俺様も手伝おうではないか！」

「いえ、大丈夫です。ここからは俺の仕事です」

　ダンとガレオはまだゼンの力を分かっていなかった。決して武力ではないもう1つの強さを.....。


◇


「まずは、こいつを飲もう」

　ゴクゴクとポーションを飲んだ。このポーションは一か月不眠で過ごせるようになるポーションである。これは市販で売られているが、効果が切れたあとの代償があまりにも大きすぎて、ほとんどの人が買うことがない。

　しかし、今回は不眠でなければおそらく全員の命は助けられないと判断したゼンは、このポーションを使用することを決意した。

「では、始めるか」

　ゼンは最初に脚立を使用して自分の身長より高いフラスコの中にドッキントマトを入れた。そして長棒でドッキントマトを潰した。なぜ潰す必要があるのかというと、セツゴウリと合わせる際に合わせやすくするためである。

　次にドッキントマトとの相性が抜群であるセツゴウリを入れ、同じように潰す作業を行う。セツゴウリは表面が棘に覆われているため、厄介なものではあるが、今回は最後は熱で溶かしてしまうため今回は剥かずにそのまま入れた。

　そして、不可思議なことが起きて大量に栽培することが出来た仙王米のすりつぶしたものを入れる。これだけの作業であるならば簡単に思えるだろう。しかし、米の王様と言われる食材がそんな簡単なわけがない。すりつぶすときに無洗米という形状のものをしようしなければ、効力が発揮されないのだ。米というものは、多くの外郭を持っているのだ。籾を取り除けば玄米に、糠を取り除けば胚芽米に、残留糠を取り除いて白米に、そして胚芽を取り除いてやっと無洗米に辿り着くのだ。この手間を何千個も行う時間を考えると恐ろしいものであろう。

　ゼンは今まで多くの効率的な方法を見つけてきた。しかしこの仙王米だけは見つけることが出来なかった。

　今回の鬼門は仙王米の脱穀であり、時間との戦いが幕を開けた。
　
************************************************
ブックマーク・感想・誤字チェックお願いします！！海外出張でした、おそくなり誠にすいません。これからは毎日投稿できるように精進いたします。今日は二本連続投稿です。
********************************************
第３章　魔界　34話　調合②

 ゼンはひたすら手を動かした。まるで機械の如く手を一定の早さで動かし仙王米を洗米していった。

　この地獄のようなループな作業が始まってから、2週間が経過した。

　ゼンたちはちゃんと朝、昼、夜と食事を取っていた。しかし、顔はやつれ皮膚も変色し始めていた。そう、これがこのポーションの恐ろしいところである。

　『睡眠』それはどんな種族であろうと最も重要すべき事柄。睡眠がうまく取れないといつも通りの動きや思考が取れず、体を壊していく。それほど睡眠というものは大事なものである。

　しかし、ゼンが服用したポーションはそんな最も重要される『睡眠』を強制的に封印する.......いわば呪いだ。このポーションは市場などで売っているが、服用する量というに比較して効果を発揮するものである。

　「一日の摂取量はこれくらい」というように目安というものがある。それ以上服用すると危険ですとも記載されているほどだ。

　しかし、あるとき一人の馬鹿野郎がそのポーションをすべて飲み干した。服用した量が多すぎて彼は一か月寝ることができなかった。一見そんな悲惨な状況に追い込まれていないと思ってしまうかもしれない。しかし、一か月寝れないということがどれほど体に負担が来るかを多くの人は知らない。

　それはそうであろう。なんせどんな日常ですら離すことが出来ない存在であるのだから。だからこそ、盲点になってしまうのだ。

　結果、彼は代償により体の器官を複数壊してしまった。それほど負担が大きいのだ。

　しかし、この馬鹿野郎と同じことをしている人物がもう一人いた。そう.......ゼンであった。

　もちろんゼンは代償のことについては十分承知である。では、なぜゼンはそんな恐ろしい代償があるのにも関わらず敵対勢力である『魔族』に対してここまでするのか。多くの者は敵対勢力に対して手を差し伸べることは絶対にしないというのが必然的な回答かもしれない。

　しかし、ゼンという人物はそうは考えない。どんな種族であろうと困っている人がいたら手を差し伸べる.......それが例え敵対勢力であろうとだ。

　そんなゼンの姿はダン、ガレオにとって憧れすら抱くような存在であった。

　そして、遂に

「.......終わりました」

「本当ですか！？」

　ゼンの呟きにダンが反応した。

　数百億粒の仙王米を無洗米にゼンはなんとか仕上げた。今回のポーション作りの中で一番の鬼門である仙王米が仕上がったということは、暗にポーションが完成したと指していると同じことだ。

「.......では、ここ、から...本格的なポー.......ン作、り...です」

　今のゼンは話すだけの気力すらあまり残っていない状態であった。それほど今回の鬼門である仙王米が大変であったことがわかる。

　しかし、仙王米が仕上がったからといって、完成ではない。このあとの調合過程を得て、やっとポーションとなるのだ。

　ゼンは今にも倒れそうな体を自身で支え、ポーション作りに励む。

　ダンはゼンの姿が廃人にも見え、また英雄にも見えた。





　
************************************************
ブックマーク・感想・誤字チェックお願いします！！第３章　魔界　35話　ゼンという人物

「.....................」

　ゼンは作業している。だが、無言であった。疲労なんて軽い言葉では決して表すことが出来ないほどに.......。

　しかし、ここまで精神が保っていられるのはダンとガレオのおかげであった。ガレオは四天王ということもあり前線に行っていることが多いが、それでも暇さえあれば全力でゼンを支えていた。一方ダンは魔族医師であるため戦場から運ばれる患者の治療で相当忙しいにも関わらず、それでも寝る間を惜しんでゼンに全面的に協力していた。この2人の協力がゼンにとっては最大限の力となった。

　無洗米になった仙王米をスライムゼリーとともに大きなフラスコの中に入れた。その際に加熱をするのだが弱火で数日の間、回し続けなければならない。本来の体力があるのならば容易にできるかもしれない。しかし、今のゼンには容易にできるものですら最大の苦悩になってしまうのだ。ましては本来のフラスコとは大きさのスケールが桁違いのものである。材料の重量もフラスコの大きさに比例して桁違いであるため、さらにゼンを追い込んだ。

　それでもゼンはひたすら手を動かし続けた。目に光は消え、何をしているのかゼン自身ですら分かっていないのではないのかと疑いたくなるくらいの表情でもあった。

　それでもゼンは動かし続けた。

　日数が過ぎていく。

　運ばれてくる患者が多くなってくる。

　また日数が過ぎていく。

　ゼンは何度か血を吐いてしまった。




















　それでもゼンはひたすら動かし続けた。


◇

「ゼンー！　やっと落ち着いたからもど...........て」

　ガレオは途中で言葉を自ら遮ってしまった。それほどまでに異様な光景が目に入ってしまったのだ。

「おいっ！　大丈夫なのか！！？？」

　地面に多くの血が散乱し、口、鼻、耳、眼、そんな人の重要な器官からも流していたゼンの姿を捕らえたのだ。

　そんな悲惨な状況にも関わず、ゼンの手だけは止まっていなかった。まるで機械化のように.......。

「おい！　生きてるのか！！？？　待ってろ、今ダンを呼んでくる！！」

　そう言い残し、ガレオはダンを呼びに研究室から出た。


◇

「ゼンさん！　これは酷い......」

　ダンはゼンの惨状を目の当たりにしてそう言った。それはそうであろう、血を流している目の焦点は合わず、目の輝きも失われ、アンデットのように皮膚が変色をし、異臭すら放っている。それでも何かに捕らわれたかのように手だけを動かし続けているこの異様な光景。

【初級回復魔法】

　ダンがそう詠唱すると、ゼンの流れていた血が止まった。ただこれは一時的な応急処置に過ぎない。このまま同じように無理をすれば同じことを繰り返してしまうだけだ。

「しばらく休ませよう」

「そうしましょう」

　ガレオとダンの意見が一致し、ゼンを休ませようと持ち場から離そうとしたときであった。

「ま、だ.....だい、じ..よ、、ぶ...」

　今にも消え入りそうな声で呟いた。ガレオとダンは、その声は非常に弱い灯であるが、なぜか煉獄のような強い灯にも感じた。

　ゼンの意志を無駄にするのか？　それともゼンの体の安全を考えてやめさせるのか？　この究極な選択がガレオとダンを心底悩ませた。

　しかし、ゼンが再び言葉を紡ぎだした。

「———————————————————————————」

「「.......っ！」」

　この言葉がガレオとダンを動かした。

　そして、再度実感した。

　ゼンという人物を.......。

　




************************************************
ブックマーク・感想・誤字チェックお願いします！！遅くなりすいません。

本日はもう一話投稿する予定です。
********************************************
第３章　魔界　36話　暖かさ

　ゼンは再び調合を開始した。

　今回の鬼門である仙王米を終了し最終局面へと移行していた。

「ガレオさん、マッドピラエルってここらに生息していますか？」

「ん？　マッドピラエルってあの魚のことか？」

　マッドピラエルとは、鋭く数えきれないほどの牙を備えている魚であり、何て言っても特徴的なのが海などの水の中に生息しているのではなく、陸地に上がって生息している。さらに面白いことに、魚のくせに海を泳ぐことができないモンスターである。なぜこうなってしまったのか、未だに謎である。

「そうです」

「あー、確か『下界』にいた気がするな！」

　魔界には『上界』と『下界』の2地域に区分されている。

　今現在ゼンたちがいるこの街が『上界』。恐ろしいモンスターが巣食う場所が『下界』である。

　そして『下界』が恐ろしいとされている大まかな原因は、モンスターのスケールだ。

　人間界にいるモンスターとは同種のモンスターばかりであるが、その大きさと強さが人間界と魔界では格段に違うのだ。

　人間界でDランクのモンスターでも、魔界ではBランクほどの強さになってしまいます。なぜ環境が違うだけでこうも違うのかは未だに分かっていない状況である。

　だからこそ、素材が欲しいからなどの理由で迂闊に『下界』には入れないのが現状である。

「その|血《・》が必要なんです」

「分かった！！　では、行ってくるぞ！！！」

　いつも通り元気よく外出————お買い物をした。

「では、その間に俺たちは調合の続きを行いましょう」

「分かりました」

　ダンはゼンの指示に従い、着々と調合を進めていく。ガレオが買い物に行って半日が経った頃、ガレオは大きい声とともに帰宅した。

「ただいまー！！　いやぁー、臭かった！！　がははははははッ！！」

　そこには血まみれで何が何だかわからない状態のガレオがいた。マッドピラエルの血は悪臭で有名である。

「すいません.......面倒なことを頼んでしまって」

「いんや、気にするこたぁないぜ！！」

　血を拭きながら、ガレオはゼンに投げかけた。

「俺様が手伝えることはまだあるか？？」

「いえ、大丈夫です。本当にありがとうございます.......」

　ふらつく体をぐっと堪えながらゼンはガレオに頭を下げた。

「おいおいおい！　感謝する方は俺様たちのほうだぜ！！　なぁ？　ダン！！！」

　ガレオの声の声量に呼応するかのようにダンが言葉を吐き出す。

「ゼンさんには感謝しかありません.......だからこそ、こういう形でしか恩返しができません」

　そう言いながら、ダンは巨大なフラスコをかき混ぜていた。










　ゼンは知らなかった。




















　魔族がこんなにも暖かい存在であるということを。

************************************************
ブックマーク・感想・誤字チェックお願いします！！バグにより投稿が出来ませんでした。

今回は少し短いです。

『俺に求婚してきたのが獣王と魔王と勇者なんだけど、どうすればいいの？？』という作品も見ていただけると幸いです！ https://ncode.syosetu.com/n2470fx/
********************************************
第３章　魔界　37話　最終局面

　ゼンはガレオが取って来てくれた『マッドピラエルの血』をフラスコの中に入れた。

　|入《・》|れ《・》|た《・》、こう聞けば簡単に聞こえるかもしれない。しかし、そんな生半可なものではない。一定のペースで一定の量を入れるという常人にはできない職人技である。

　これはゼンだけではなく、調合師ならば出来なくてはいけない技であるのだ。調合師の一つ一つの作業は見た目とはかけ離れている奥深さがある。だからこそ、もしそれを知りうる機会が訪れたのであれば、それは調合師という存在が輝いて見えるのである。

　そう、ガレオとダンのように.......。


◇

「よしっ、入れ終わりました」

　数時間かけ『マッドピラエルの血』を入れ、オレンジ色をしていたフラスコが紫色へと変貌を遂げた。それだけではない、嗚咽をしてしまうような激臭も他の素材と合わさったことにより従来の匂いより遥かに緩和されていた。

「まさか！　これで完成なのか！！？？」

　期待の目をキラキラと輝かせ、言ったガレオを裏切る形でゼンは言葉を紡ぎだす。

「いえ、あと一つ作業があります」

「あと一つでしょうか？　もう素材は全部入れましたが..........あっ！」

　ダンは気づいた。ゼンがエルフの里でお世話になった代物のことを。

「そうです、ではラスト行きます」

　疲労困憊であるはずの体に活を入れ、自身の体を奮い立たせた。ガレオ、ダンも同様最後という言葉に惑わされないため気合を入れた。

　失敗は許されない最後の闘いの幕が上がった。

「まずは、すり潰します」

　ゼンは手に取った『善キノコ』をどうするのかをガレオらにレクチャーしていた。その光景は生徒と先生にも見えた。それほどに親しい、互いが互いを信用している存在であることを暗に意味している。

「なるほどなるほど、しっかしーゼンは手先が器用だな！　まるで女だ！！」

「ぐはっ！」

「ゼンさん！　気をしっかり！！」

　ガレオは決して悪気があったわけではない。単に褒めているのだが、それは疲労困憊のゼンの精神を蝕んだ。

「だ、大丈夫です.......それより、出来ましたか？」

「はい、こんな感じでしょうか？」

　見本と瓜二つの状態の『善キノコ』がダンの目の前にあった。一回で同じようにできる優秀なダンとは対照的なガレオはにこっとした表情をし何も出来ていない『善キノコ』を見してきた。

「はぁ～」

　ゼンは深いため息をついた。ガレオは類を見ない戦闘馬鹿であるため、細かな作業が出来ない。しかし、ゼンの手伝いがしたいがために一緒にいるという状況だ。

「では、もう一度説明します。これをですね—————————————————————————」


************************************************
ブックマーク・感想・誤字チェックお願いします！！遅くなりすいません
********************************************
第３章　魔界　38話　長い道のり

　ゼンたちは『善キノコ』の仕込みが終了した。

「もう頭がパンクするぅ～」

　ダレオは頭を抱えていた。あれからゼンは数時間かけてダレオにみっちりとレクチャーした。なぜか熱が入ってしまったゼンは、本来教えるべきではない仕込みに関する細かい指導まで行ってしまい、結果ダレオの脳内は大変なことになっていた。

「なんか、すいません......」

「あのときのゼンさんはまさしく熱血教師というやつでしたよ！」

「は、恥ずかしい........」

　自分の行ってしまった行為に反省するゼンであった。

「でも、これで完成なんですよね？」

「そうです、あとは——————」

 ――————そう、この『善キノコ』を入れれば完成する。あとは.....

「時間だけです」

　今魔族が置かれている状況はお世辞でもいいとは言えない。そんな状況下で最も大事にされるのは時間である。数秒単位で魔族が負傷している事態に一刻も早く対処をしなければ、多くの命が救えない。現時点で少ないとは言えない数の魔族は亡くなっている。

　この大きなフラスコから適量を取り、それを数万といる魔族に与える。数日はかかってしまう作業であり、ここまで不眠で過ごしているゼンにとってはこの上ない苦痛かもしれない。

　だが、ゼンの隣には頼もしい魔族——————いや、仲間がいる。

「これからが本番と言っても過言ではありません。いいですか、覚悟は」

「余裕だっ！！！」

「私もです！」

　そして、ダレオはなぜか右手に拳を作り差し出してきた。何をしているか分からない二人であったが、

「俺様達は既に仲間だろ？　なら、こういうのがチームワード？　というものを高めるからな！　やっておくべきだ！！！」

「ガレオ様、|ワ《・》|ー《・》|ク《・》です」

「ええい、そんなものどうでもいいのだ！　がはははははっ！！！」

　疲れているはずのゼンにはなぜか笑みが零れていた。ガレオという何事にも前向きな性格がゼンたちに笑みを与えた。

「そうですね、ガレオさんの言う通りです。では」

「おう！」

「はい」

　ゴンっという鈍い音が鳴り響いた。

◇

「ゼンさん、次はこのものたちです」

「はい、わかりました」

　ゼンは負傷者である彼らを観察した。それは、傷の具合や健康状態など負傷者に関するものを調べる。

「ダレオさん、よろしくお願いします」

「おう！！」

　負傷者によってポーションを適量に分け、ダレオに渡す。

　これはゼンの極技ともいえる技である。これはゼンだけに備わっているものではなく、超一流な調合師なら自然と身に着くものだ。

　ポーションという物は、量というものが決まっている。大量に摂取すればいいというものではない。大量に摂取した分、体にかかる負荷というものもかかるのだ。健康体の者が量を間違えて摂取しても大きな害は見られない。しかし、負傷者などはどうであろうか。負傷者にさらに負荷をかける。それは生死を彷徨っているものに関しては、大きなリスクとなるのだ。

　だからこそ、1人1人に合わせたポーションの量を考え、そして与えているのだ。

　気が遠くなる作業であるのは間違いない。このあとも数万人に同じことをするのだ。決して簡単な道ではないはずだ。しかし、ゼンは諦めるわけにはいかなかった。

　傷ついている者が死んでいく光景。それだけはゼンの前では決してあってはならない。









　――————そう、|あ《・》|の《・》|日《・》のようにならないために



************************************************
ブックマーク・感想・誤字チェックお願いします！！海外で仕事をしていて遅れてしまいました！　これからは日本にいることがほとんどなので毎日更新していきたいと考えています！

新作品　ダンジョン攻略者～『後出しの権利』ってありですか？？～も見ていただけると光栄です！！
 https://ncode.syosetu.com/n0187fz/
********************************************
第３章　魔界　39話　再登場

　ゼン。彼の魔界での活躍はラボだけではなく、魔界全体に広がっていた。

　善人すぎる人族。種族という壁を見ていない彼の行動に多くの者が感動し、感謝し、そして慕った。のちに彼は魔界でこう言われる。















　英雄ゼン.......と。

◇

「まさかここまで効力があるとはな！！」

　ダレオは上機嫌で言った。それはそうであろう。同胞である魔族がゼンの作り出したポーションを飲み、傷口が嘘のように塞がり始めた。

　だが、傷が塞がったからと言って、危険な状態であることは変わらない。定期的に飲み続ける必要があるのだが、魔族の自然治癒能力が人族とは比べられないほどに高く、その必要もなかった。一度ポーションを飲めば、あとは自然治癒能力で自然と回復していく。

　そのため一週間もすればほとんどの負傷者が回復し出て行った。

　魔族たちは敵対種族でありながら感謝の言葉を述べることは自身の恥に繋がってしまうにも関わらず、彼らは頭を下げ感謝の言葉を続けていた。この言葉がゼンに活力を与えた。既にポーションの効力は切れている状況下でありながら、未だに一睡もしていないゼンはもはや神の領域となっているであろう。

　しかし、限界は唐突に訪れた。

「ごほごほごほっ！！はぁー、はぁー」

「ゼンさん？」

　すごい咳とともにゼンは荒く息をした。そしてゼンの手には血がついていた。ゼンの体は限界であると緊急信号が出ていた。

「大丈夫か！！？？」

「さすがに限界かもです」

　ゼン自身も察していた。おそらく臓器にひどい損傷があるのであろう。ある意味混んでいたラボが今ではいい意味で過疎化しているのは、ゼンのおかげと言っても誰も反論はしないであろう。

　しかし、問題点が一つある。ゼンを治すことが出来るものがここのラボにいないことだ。それは明らかなことであった。ダンはある程度の『回復魔法』は使用できるが、ゼンの今の状態を完全に治すことは不可能である。

「バゴーーン！」

　すると、突然大きな音とともにラボの扉が破壊された。

　そこには角が生えた女性が立っていた。シェルにも劣らないほどの絶世の美女であるが、目がつり目であるため、少し気が強いように見える。しっかりと通った鼻筋、唇は漆でも塗ったのかと思われるほど光り輝いているようであった。髪の毛は血でも表しているのか真っ赤であるーーそう、『魔王』の姿であったのだ。

　コツコツーーとハイヒールが音を奏でておりそれがより一層『魔王』の威圧感を傘増しさせていた。そして、ゼンの前に着くと、

「おい、この人間を借りるぞ」

　と胸ぐらを持ち連れ去ろうとしている『魔王』にガレオは立ちふさがった。

「おい、どういうことだガレオ」

「そっくりそんまま返すよ魔王様」

　お互いが立っているのがやっとであるほどの殺気を出しており、殺気でラボにヒビが入っていた。

「魔王様がゼンに仕打ちをするというなら、俺様はあんたを敵とみなしぶっ殺す」

「主に向かってその言い草かガレオ」

　すぐにも触発してしまいそうな両者であったが、

「この人間を治すーーただそれだけだ、ガレオ」

　と魔王らしからぬ意外な言葉を聞き、ガレオ同様ダンもあっけかんとした。

「では、借りるぞ」

　その言葉を残し魔王とゼンは退散した。









　

　


************************************************
ブックマーク・感想・誤字チェックお願いします！！毎日更新頑張ります！

ダンジョン攻略者～『後出しの権利』ってありですか？？
もご覧ください。https://ncode.syosetu.com/n0187fz/
********************************************
第３章　魔界　40話　人道

「人間、そこに座れ」

　ゼンは魔王に引きずられたままある一室に来た。今までの殺風景の部屋ではなく、人形や色とりどりの花がいっぱい飾っているそんな女の子らしいそんな部屋に連れてこられた。

「あ、あの.....」

「いいから座れ」

　ゼンは魔王の威圧により言葉を遮られた。そして、言葉の通りゼンは椅子に座った。

「今から治療をするが、我もあまり得意ではないのだ.....だから長くなってしまう」

「あ、ありがとうございます.....」

　回復をしている間、とても気まずい雰囲気が流れた。それは種族間の隔てりなどが理由ではなく、単に魔王がゼンに対して以前ひどい扱いをしていたためである。

　しかし、この地獄の沈黙は魔王によって破られた。

「お前は何故そこまでして我らを助けてくれた？　見捨てることも出来たであろうに.....」

　暗い表情で語り始めた魔王には以前の行動の謝罪の意の現れも示されていた。

「それは単に苦しんでいる者がいたからですよ」

「それが魔族であってもか？」

　そう、誰もが拭えない疑問である。敵対種族である者を助けるという行為は自身の種族の裏切り者として扱われる。それは人間だけはない。魔族でも同じことなのだ。だからこそ、ゼンという異質の存在に魔王は聞かざるを得なかった。

　しかし、ゼンのいうことは決まっていた。

「種族って関係ありますか？」

「え」

　魔王は拍子抜けの反応をしてしまった。そして、ゼンは言葉を続ける。

「容姿が違うから見捨てる？　馬鹿じゃないですか？？」

「なっ.......！」

　初めてのゼンの罵倒。これは魔王にだけに対して言っているのではなった。このおかしな世界に対してでもあった。

「苦しんでいる者がいたら手を差し伸べる、それが俺の人道です」

　その眼には、ゼンの曲がることのない固い意志が見受けられた。

「ふ.......」

「ふ？」

「ふはははははは！！」

「ええええ.......」

　魔王は思わず笑ってしまった。ゼンによって、今まで自分が行っていたことが愚かなことだと今更ながら気づかされた。

「ありがとう人間。いや、ゼンよ、この上ない感謝と謝罪を送りたい」

　そう言い、魔王は頭を深く下げた。ゼンという魔族の英雄に、そして自身を気づかせてくれた恩人に対して。

　このとき、ヒト族が魔族の英雄となった瞬間であった。




************************************************
ブックマーク・感想・誤字チェックお願いします！！仕事の都合上遅くなりまことにすいません。決してエタることはしないので応援のどよろしくお願いします。
********************************************
第３章　魔界　41話　溶けた心

「ふぅー、やっと帰ってこれた.....」

　もはや我が家とも言えるほどの親しみのあるラボにゼンは身をよこした。ゼンの体、もとい内部の損傷は魔王の治療によって完治は出来ていないが、ある程度回復した。

　既にガレオやダンは疲労が故に熟睡していた。それは、そうであろう。彼らもゼンと一緒までとはいかないが、ほぼ無眠で過ごしてきたのだ。

　本来であれば、ゼンも彼らと同じく眠りにつくのが体にとったは良いのであろう。しかし、ゼンにはやるべき大事なことがもう1つ残っていた。

　それを果たすべくゼンはラボから足を出した。

◇◇◇◇

「んん......眠ってしまったのだな」

　ガレオは自身の大きな体を重そうに上げた。まだ疲労が取れ切れておらず、体の至る所が痛みを伴っていた。

　そして、ガレオは幸せそうに寝ているダンに視線を向けていた。

「おい！　ダン起きろ！！」

「ぐふっ！　お、おはよう....ございます」

　荒々しい起こし方にダンは最悪な形で目を覚ました。

「ゼンのやつはどうした？」

「そういえばですね」

「俺様は一度家に帰るから、ゼンが来たら報告してくれ」

「かしこまりました」

　ガレオはそういい、ラボを後にした。自宅で何が起きているとも知らずにーーー。

◇◇◇◇

「ただいまぁ、ガーミル」

「...................」

　自身の声しか部屋に木霊しないこの状況に慣れつつあるガレオだが、未だに寂しさを感じていた。

　いつも通り愛する妻であるガーミルの体を拭くため、濡れタオルと乾いたタオルを用意して、ガーミルがいる部屋へと向かう。

　そんないつもの行為、悲しくも現実であるその行為、もしかしたら起きているかもしれないという淡い期待、ガレオの心は限界を迎えていた。

　再び淡い期待を胸に募らせ、ガーミルがいる扉を開けた。

「........え」

　そこにはベットで寝たきりのはずのガーミルが座っていた。

「おかえりなさい、あなた」

　愛する妻の涙の混ざった万弁な笑みは、ガレオの凍っていた心を一瞬にして溶かした。

「あぁ、ただいま...」

　ガレオは今ある奇跡に。そして幸せを噛みしめながらガーミルを抱きしめた。
************************************************
ブックマーク・感想・誤字チェックお願いします！！少し短いですが、ご了承ください
********************************************
第３章　魔界　42話　死

　五年間のときを埋めるかの如く抱きしめていたガレオは、感情が収まってきたと同時にあることに気づき始めた。

　これは奇跡で治ったわけではないーーということだ。

　この難病は魔界屈指の医師や四天王、魔王ですら訳のわからない病気であった。それがただ奇跡で治ったということはふざけた話である。

　なら、答えは一つである。

「誰かが治したのか.......」

　誰かがこの難病を治したーーそう、ダレオは認識し始めた。

　ガレオが熟睡している数時間の間でガーミルを治してしまった人物。そんな神業が出来るのはたった一人しかいないとガレオは思った。

「ゼン、お前なのか」

　魔族と相対している種族でありながら、厳しい環境をともにした戦友ともいえる存在。

「お前ってやつは.......っ！」

「あ、あなた？」

　ガレオは涙が止まらなかった。自分の大事な同胞、まして愛する妻までも救ってくれた友達に感謝しかなかった。

「ガーミル、少し出てくる」

　涙を必死に拭きながらガレオは言った。感謝を伝えなければならないーーその衝動にすごく駆られた。

「何かあるのね、気をつけてね」

　まだ弱弱しい声でありながら、夫の意志を尊重するその心構えは四天王の妻らしいものであった。

「あぁ、すぐ戻ってくる」

　唇に軽く触れる程度のキスをし、ガレオは家を後にした。

◇◇◇◇

「はぁ、はぁ、はぁ」

　ガレオは自身のもつ力を最大限に使って駆け出した。

「どうして見つからない！」

　魔界を探しに探してもゼンの姿は見当たらなかった。

　もう、数時間が経過しようとしていた。なのに、ゼンの姿は一向に見当たらなかった。

「ありえない、ここまで見つからないなんて.......」

　しかし、まだガレオには探していない場所があった。今まで探していたのは魔界の『上界』である住民居住区であった。

　そう、『下界』はまだ探していなかった。

　『下界』には、常人から見れば信じられないほどの強さを誇るモンスターがうじゃうじゃといる区である。

「まさか！！」

　ガレオはまたしても自身の持つ全力の早さで駆け出した。

「頼む、ゼン！！」

　最悪のケースがないことを祈りながら、ある場所を目指した。






　そして..........

「う..そ、、だろ」

　ゼンは無残な姿となって息を引き取っていた。



　


************************************************
ブックマーク・感想・誤字チェックお願いします！！大変遅くなりすいません。このご時世仕事に追われており余り出来ていませんでした。これからは頑張って投稿を早めていきたいです。
********************************************
第３章　魔界　43話　謎

　『死』とは何なのだろうか？？　また『生』とは何なのだろうか？？　　

　これにはそれぞれの見解が数多に存在するだろう。しかし、

　『死人』はどこに行くのだろうか？？　

　この難題に正確に応えられるものはおそらくこの世にはいないだろう。人々は自分がいいような立場でありたいがために空想な世界を作り上げる。それが人の特色だ。

　娯楽の楽園である天国、拷問の監獄である地獄、この2つが人間にとっての死後の世界と|さ《・》|れ《・》|て《・》|い《・》|る《・》。

　本当の死後の世界を知る者は、死んだ者しか知ることができない。

◇◇◇◇

「........っ！　ここはーー」

　ゼンは激しい頭痛とともに意識を覚醒させた。

「なんだ、これは.......」

　ゼンは今自分の置かれている状況、環境に驚くしかなかった。

「色が存在しないのか？」

　青、赤、緑、黄色、色で溢れかえっている世界。それが当たり前だと認識してたが故に白と黒の世界にゼンは困惑していた。

　色とは人の感情に大きな影響力を持つ。例えば、色によって勇気をまたは悲しみすらもときには与えてくれる。それが色の力である。しかし、色がない世界というものは何も生まれてこない。いわゆる感情の制御がしずらい世界になりうる世界なのだ。それをゼン自身は気づいていた。

「俺はどうしてここに........あ！！」

「俺、殺されたんだった」

　ゼンは殺されたことを覚えていた。そして、あれは単なる事故ではなく、殺害だったということも。

「でも、どうして」

　誰が何のためにゼンを殺す必要があったのか。そしてなぜゼンを事故による死と偽装したのか。謎は深まるばかりであったが、それよりもゼンは自身の周りの状況を調べる必要があった。

「少し歩いてみるか」

　草木などは生えておらず、ごつごつとした岩肌が剥き出しになっており、空には星や月などの地上を照らす明かりなどは存在せず地上と同じく岩が浮いている。

「これが明かりを照らしているのか」

　ドクロの形をした岩から薄暗い明かりが灯されており、それが数えきれないほど無数に散らばっているため全体が薄暗く灯されていた。

　それらはゼンに対して『生』というものを取り上げており、それと同時に『死』を実感させるのに十分な環境であった。

　そして、歩き続けて数十分、そこには人影が薄っすらと見えた。近づくにつれ次第に姿が露わになってきた。

　白髪の髪、髭を生やし、大きな杖を突いている。そして何よりも背中に大きな黒翼がその者がただものではないということを意味していた。

　『あなたは？』

　そうゼンは言おうとしたが、その言葉は目前にいる男によって空を切ってしまう。

「ようこそゼン君ーーいや、こう言った方がいいかな？」

「————————————」

　男が言ったその言葉にゼンの表情が一変した。

「お前がなんでそれを知っている！！」

　怒り、いや悲しみとでも言い換えることが出来るかのような表情をしていた。そこには温厚なゼンの姿などどこにもなかった。








　

　
************************************************
ブックマーク・感想・誤字チェックお願いします！！