【書籍化＆コミカライズ決定しました！】
一個下の幼馴染で彼女の花火は、とにかくモラハラがひどい。

毎日えげつない言葉で俺を貶し、尊厳を奪い、精神的に追い詰めてきた。
身も心もボロボロにされた俺は、ついに彼女との絶縁を宣言する。

「颯馬先輩、ほーんと使えないですよねえ。それで私の彼氏とかありえないんですけどぉ」
「わかった。じゃあもう別れよう」
「ひあっ……？」

俺の人生を我が物顔で支配していた花火もいなくなったし、これからは自由気ままに生きよう。

そう決意した途端、何もかも上手くいくようになり、気づけば俺は周囲の生徒から賞賛を浴びて、学園一の人気者になっていた。
しかも、花火とは真逆で、めちゃくちゃ性格のいい隣の席の美少女から、「ずっと好きだった」と告白されてしまった。

って花火さん、なんかボロボロみたいだけど、どうした？

※日間ランキング１位（総合）、日間・週間・月間・四半期ランキング１位（現実世界恋愛ジャンル）になれました
応援いただきありがとうございます！モラハラ彼女を棄てることにした

「|颯馬《そうま》先輩、ほーんと使えないですよねえ。それで私の彼氏とかありえないんですけどぉ」
「わかった。じゃあもう別れよう」
「ひあっ……？」

　それまで自信満々に腕を組んで、上から目線で俺を馬鹿にし続けていた|花火《はなび》の口元がヒクリと引き攣った。
　俺が反抗するなんて微塵も思っていなかったのだろう。

　青天の霹靂を食らったような顔をしても、ちゃんと可愛く見えるところはさすがと言える。
　伊達に学園で一、二を争う美少女と呼ばれているわけじゃない。

　大きくて小動物のような瞳と、形のいい唇、少し下がり気味の眉、ニキビひとつない陶器のような肌。
　色素の薄いセミロングの髪、華奢な体型と、そのわりに大きな胸。
　どれだけ大勢の中にいても人目を引く、華やかな雰囲気――……。

　花火が廊下を通るとき、すれ違う男は必ず振り返る。
　花火は男の理想を、そのまま絵に描いたような外見をしているのだ。

　とはいえ俺はこの一個下の幼馴染、|如月《きさらぎ》花火が、顔がいいだけの性格ドブスであることを嫌というほど知っている。

「ちょっと待ってください。何言っちゃってるんですか？　別れる？　あははっ！　冗談はその間抜けな顔だけにして欲しいんですけどぉ」

　ほら、こんな感じに。
　とんでもないモラハラ女なのだ。

「冗談じゃない。本気で言ってる」

　俺はこれまで、どれだけひどい暴言を吐かれても、じっと我慢し続けてきた。

　そうやって俺が楯突いたりせず、謝っていれば、そのうち花火の機嫌が直り、すべて丸く収まると思っていたのだ。

　悔しい思いをしても、惨めで泣きたくなっても、とにかく耐えた。
　そんな俺を花火は、子供の頃からずっといいようにサンドバッグ扱いしてきたのだ。

　中学生になって、ほとんど強引に付き合うことになってからも、その態度は変わらなかった。
　むしろ悪化したぐらいだ。

　なぜそこまでして花火の傍にいたのか。
　それは花火によって、毎日自分の無価値さを刷り込まれていたせいで、まともな判断能力を失っていたからだ。

　モラハラやＤＶの被害者は、拘束されていなくても相手から逃げることができないというがあれは事実だ。
　たしかに俺は花火によって、監禁されていたわけじゃない。
　でも花火の暴力的な発言の数々は、言葉の鎖となって、俺の心を縛り付けていたのだ。

　じゃあ、どうして俺が目を覚ますことができたのか。

　――ストレスのあまり胃に穴が空きまくって、入院したからだ。

　それでやっと気づけた。

　俺、このまま花火と関わっていたら殺される……って。

　だって人が入院している病院までわざわざきて、「せんぱぁい、誰の許可を得て入院したんですかぁ？　そもそも軟弱だから、胃に穴が空いたりするんですよ。内臓まで役立たずなんて、使えない男レベル極めるつもりですかぁ？」などと嘲笑うやつなのだから。

　そして飛び出したのが、冒頭のセリフである。

　使えない、役立たず、彼氏失格、別れないでいてあげるのは私の優しさ――。

　ほとんど毎日聞かされてきて、麻痺しかけていたけれど、こんな言葉をぶつけられて黙ってるなんて異常だった。

「だいたい先輩の分際で私を振っていいわけないじゃないですか……！　ていうか、なんですか？　もしかしてこの私が彼氏にしてあげてるせいで、調子に乗っちゃった系ですか？　可哀そうな先輩の目を覚ませてあげますけど、先輩みたいな役立たず、私以外相手してくれる人なんて絶対いませんから」
「たとえそうだとして、花火と付き合い続ける理由にはならないよ」
「……！」
「よかったね。役立たずな彼氏から解放されて。話は終わりだよ。帰って」

　虫を追い払うようにしっしと手を振っても、花火はベッドの脇からどこうとしない。

　やれやれ……。
　とため息を吐いて立ち上がった俺は、花火の腕を掴んで入口へと向かった。

「ちょっとぉ！？　なんなんですかぁ！？　離してください！　私はまだ言いたいことが……っ」
「あ、そう。でも俺はない。それにおまえの顔を見てると吐きそうになるから」
「はああっ！？　私にそんな暴言を吐いていいと思ってるんですかっ！？」
「じゃあね。この瞬間から俺とおまえは赤の他人だ」
「ちょ、せんぱ――ッ」

　ぎゃあぎゃあ喚ている花火の肩をとんと押し、後ろによろめいた彼女が廊下に出た瞬間、病室のドアを閉めてやった。

　静かになった病室で、はぁっと息をする。

　ついに俺は自由を勝ち取った。
　あの悪魔のようなモラハラ女との関係は、これで完全に終わりだ。
************************************************
私が読みたい幼馴染ざまぁを書いてみました
需要あったら毎日更新にしますね

「需要あるよ」「読んでやってもいいよ」と思って下さったら、
スクロールバーを下げていった先にある広告下の☆で、
『★５』をつけて応援してくれるとうれしいです命令されるまま伸ばしていた前髪を切ったらイケメン認定された

『先輩！　今すぐ私に許しを乞うべきじゃないですかっ！？』

　病室から追い出された花火は、閉ざされた扉をドンドンと叩きながら喚いたけれど、すぐ駆けつけてきた看護師さんたちに取り押さえられた。

『あなた、何をしているの。ここは病院ですよ！』
『……っ、ご、ごめんなさい。ちょっとケンカをしてしまって……。でも、私が悪かったんです。先輩が急に病気になったせいで、取り乱してしまって……』

　廊下からそんなやりとりが聞こえてきた。
　花火の声は俺を罵っていた時とはコロッと変わり、愛想のいい優等生のものになっている。
　その声音には、心底、申し訳なさそうな感情が滲んでいるし、どことなく媚も含まれていた。

　俺に対してはひどいモラハラ女な花火だけど、他の人間の前では、いつもこんなふうに態度が変わるのだ。
　あとから知った情報によると、モラハラをする人間は男も女もそういうタイプが多いらしい。
　外面が良く、社交的な、サイコパス。

『今日はこれで帰ります。ご迷惑おかけしてすみませんでした』

　これ以上粘ると心象が悪いと思ったのか、そんな言葉を残して花火は去っていった。

　そのあと、スマホに怒涛の着信とラインがあったけれど、当然全部無視した。

　俺が返事をしないほど、メッセージの中の花火の機嫌が目に見えて悪くなっていく。

＊＊＊＊＊＊＊＊＊＊＊＊＊＊＊＊＊＊＊＊＊＊＊＊＊＊＊＊＊＊＊＊＊＊＊＊＊＊＊

　花火：気分悪いんでさっさと謝ってくれません？　18:20既読

　花火：既読つけといて、返事にどれだけ時間をかければ気が済むんですか。ほんっとうに愚図ですよねえ　18:55既読

　花火：ていうかそんな態度を取られる筋合い、微塵もないんですけど。私がこれまでどれだけ先輩の面倒をみてきてあげたと思ってるんですか。そういう恩を忘れて、こんな態度を取るとかゴミ屑以下ですよね。先輩みたいなダメ人間が、自殺したくならず、生きてこれたのって完璧に私のおかげですから。私を振ったりしたら、先輩死ぬしかなくなっちゃうんですけど、わかってます？　18:57既読

　花火：そっちがその態度なら、こっちも考えがあるんで。これからどんな地獄が待ってるか、楽しみにしていてくださいね　19:00

　花火：ていうか、縁を切るとか言っといて、結局私のメッセージを見てるところに未練全開でうけるんですけど！　19:15

＊＊＊＊＊＊＊＊＊＊＊＊＊＊＊＊＊＊＊＊＊＊＊＊＊＊＊＊＊＊＊＊＊＊＊＊＊＊＊

「未練って……」

　むきになってメッセージを送ってくるので、なんとなく眺めていたが、飽きてきたし切り上げようと思う。

　毎日あれだけ花火が怒ると怖くて仕方なかったのに、今はもう何の感情も覚えない。

「……はい、おつかれ」

　そう呟いてから、【如月花火】を着信拒否にした。
　繋がっていたすべてのＳＮＳもブロックする。

「うわ。なんだろこの解放感。胃もすっきりした……」

　こんなことなら、早く花火の存在を切り捨てておけばよかった。

「……まあでも、今振り返るとほとんど洗脳されてたようなもんだもんね」

　――先輩は役立たずだから、私がいないと生きていけない。
　――自分がどれだけ価値のない人間かわかっています？

　花火はそうやって俺のすべてを否定し、俺の行動の全てにダメ出しをしてきた。

「とりえあず、花火に禁止されてたことをしてみようかな」

　そうやって、もう自分は自由の身だということを実感したい。

　◇◇◇

　翌日。
　病院を退院できた俺は、その足で髪を切りに行った。
　ずっと眼の下まで伸ばしていた前髪をバッサリ切るために――。

　どうしてそんな髪型をしていたか。
　それは花火に言われたからだ。

「颯馬くん、自分の顔を鏡で見たことある？」
「えっ。う、うん」
「ふうん。あるのに平気でいられるんだ」
「ど、どういう意味？」
「私がもし颯馬くんみたいな顔だったら、絶対に隠したくなるなあって。そんな顔じゃ、そのうち苛められるようになっちゃうかもしれないよ？」
「……っ」
「可哀そうな颯馬くん。少しでも顔が見えないように、前髪伸ばしたほうがいいよ。絶対。ね？　伸ばすよね？」
「……で、でも前が見えないんじゃ」
「は？」
「あ、ご、ごめん」
「あのねえ、自分から見えないなら、相手からも見えないんだよ。そのぐらいもわからないの？　本当に颯馬くんってバカ」

　これはまだ花火が俺を『先輩』と呼びはじめるより昔の話。
　小学校三年の時のことで、俺はそれ以来、花火に言われるがまま、ずっと暖簾のような前髪で生きてきたのだった。

　でも本当はずっと切りたかった。
　髪が皮膚に触れるたび、チクチクして痛痒いし、視野がすごく狭くなる。
　それに髪型のせいで「暖簾くん」「髪型お化け」と陰口を叩かれているのも知っていた。

　……結局、前髪を伸ばしても伸ばさなくても、俺は嫌われ者になる運命だったのだ。
　それならもう諦めて、自分のしたい髪型にすればよかったんだ。

　髪を切ると、びっくりするぐらい見える世界が変わった。
　気持ちもなんとなく明るくなる。
　暖簾と馬鹿にされるのも納得だ。
　俺は確かに、黒い暖簾越しにしか外の世界を見れていなかった。

　驚きはそれだけじゃなかった。
　翌日、数日ぶりに登校すると、教室の扉を潜った瞬間、クラスメイト達が一斉にざわつきはじめた。
　女子に至っては、ほとんど悲鳴に近い声を上げている。

「きゃっ……誰、あのイケメン……！？」
「えっ！？　えっ！？　転校生！？」
「やあああっ、めちゃめちゃタイプなんだけどぉお！」

　え？
　イケメンだと騒いでいる女子たちは、明らかに俺の方を見ている。
　きょろきょろと後ろを振り返るが、俺の周りには誰もいない。

　……え。
　まさか俺のことを言ってる……？

『暖簾とあだ名されていた男が、実は隠れイケメンだった』（俺が自分で言ってるわけじゃない。本当にそうやって騒がれてしまったのだ）という噂は、あっという間に学校中を駆け巡り、昼前には一学年下の花火の耳にまで届いたようだ。

　その話を聞いた花火は――。
************************************************
私が読みたい幼馴染ざまぁを書いてみました
需要あったら毎日更新にしますね

「需要あるよ」「読んでやってもいいよ」と思って下さったら、
スクロールバーを下げていった先にある広告下の☆で、
『★５』をつけて応援してくれるとうれしいです校内で存在を無視され続けてきたから

　俺と花火は中学時代から付き合っていたけれど、そのことを誰か他の人間に話したことはない。
　なぜなら花火に口止めされていたからだ。

「だってほら、私って誰もが認める美少女じゃないですかぁ？　そんな私が先輩と付き合ってるなんて、釣り合いがとれなさすぎで、大騒ぎになっちゃいますもん。私も趣味を疑われたくなんかないですし。ということで絶対誰にも言わないでくださいね？」

　なんで花火から付き合おうと言い出したくせに、そんなことを言われるのか。
　今ならそう思うけれど、当時の俺は何も言い返せず、惨めな思いで頷き返しただけだった。

　そして付き合いを隠すという約束どおり、花火は校内で俺の存在を無視し続けた。

　たとえば廊下ですれ違うことがあっても、ツンと前を向いて無言で通り過ぎていく。
　そういうときに俺から視線を逸らすと、なぜかあとになってめちゃくちゃ怒られるので、俺は花火を崇拝する他の生徒と同じように、一方的に彼女の後ろ姿を眺め続けるのだった。

　でも、もうそんなことからも解放されたのだ。
　その事実に気づいたのは、昼休みの後半に渡り廊下で偶然、花火と遭遇したからだった。

　普段の俺はこういう時、大概一人で行動していたけれど、今日はクラスメイトに囲まれている。
　みんな勝手にくっついてきてしまったのだ。

　髪を切ったことで騒がれまくった俺は、今日一日中、この調子でクラスメイトたちに付き纏われていた。

「……いやーでも、一ノ瀬がこんなに普通に話せるとは思ってなかったよ」

　うちのクラスでもリーダー的存在の相原がそういうと、周りの奴らがうんうんと頷く。
　一ノ瀬、つまり俺は、何とも言えない気持ちで返事をした。

「別にただ受け答えしてるだけだけど？　……って、前の俺がそんなことすらできないやつに見えてたってことか」

　実をいうと、最初のうちは、外見が違うだけで態度をコロッと変えるってどうなんだ？　って思わなくもなかった。

　でも皆から、「申し訳ないけど、今まではすごく話しかけづらかった」「どんなやつかわからないし、なんか怖かった」と正直に打ち明けられると、それなりに納得がいった。

　暖簾頭じゃ教室内で浮いても仕方がない。

　まあ、そうなるようにしたのは花火なんだけど……。

　そんなことを思いながら、ちらっと花火に視線を向ける。
　渡り廊下の反対側にいる花火は、なぜかその場に立ち尽くして、俺のことだけをじっと見つめている。

　あれは俺にキレまくってる顔だ。
　病室で伝えた別れ話か、着信拒否したことか、ラインを無視したことか、髪を切ったことか。
　その全部が理由かは知らないけれど、腸が煮えくり返っているのだろう。

　まあ、もう俺の知ったことじゃない。

　そのままクラスメイトたちと談笑しながら、花火の前を通り過ぎようとしたとき――。

「あっ……」

　なぜか花火が躊躇いながら一歩こちらに踏み出してきた。
　学校ではしゃべらないっていう、花火自身が作ったルールを無視して……。

　隣にいた相原が、「知り合い？」と問いかけてくる。

　俺は相原から花火に視線を移し、そしてゆっくりと首を横に振った。

「いや、知らない。赤の他人」

　息を呑んだ花火が、悔しそうに顔を歪める。
　両手できつく握り締めているスカートには、深い皺が寄っている。

　別に俺は、花火に報復してやろうと思ったわけじゃない。
　ただ単に、事実を口にしただけ。

「でも、一ノ瀬。この子、なんか話したそうじゃない？　いいの？」
「あー！　もしかして、一目ぼれとかだったりして？」

　俺が何かを答えるより先に、逆隣りを歩いていた皆口奏という女子が会話に参加してきた。
　皆口は、俺が今日登校したとき「イケメン」だと騒いだ女子の一人だ。
　読者モデルをしていると噂で、まあたしかに可愛いけれど、肉食獣オーラがすごくで俺はなんとなく苦手だ。

「ねえ、あなた、一年生の如月花火ちゃんでしょ？　美少女って有名だから知ってるよ。どうしたの？　先輩に告白したかった？」
「わ、私はただ……」
「ただ？」
「俺、もう行くよ」
「あ！　待って待って！　ごめんね、如月ちゃん。ばいばーい」
「……っ」

　そのまま今度こそ花火の横を通り過ぎる。
　後ろは全く見えてないのに、花火がじっと俺を見続けていることがわかる。

　なるほど。
　俺と廊下ですれ違うたび、花火はこういう経験をしてきたんだな。
************************************************
私が読みたい幼馴染ざまぁを書いてみました
需要あったら毎日更新にしますね

「需要あるよ」「読んでやってもいいよ」と思って下さったら、
スクロールバーを下げていった先にある広告下の☆で、
『★５』をつけて応援してくれるとうれしいですレビューありがとうございます！
********************************************
初めて話した隣の席の女の子 / 待ち伏せする花火

　その日最後の授業は数学教師の都合で自習になった。
　みんな一応自分の席について配られたプリントを進めているものの、私語は絶えない。
　ただ、俺の四方は大人しい生徒ばかりなので、自習時間の前半に集中してプリントを終わらせることができた。

　残り十五分か。
　結構余ったな。

　何して過ごそうかと迷いながら周囲を見回すと、ちょうど隣の席の女子が鞄の中から文庫本を取り出すところだった。

　彼女の名前は|雪代史《ゆきしろふみ》。
　栗色のふわふわした髪を緩くみつあみにしていて、授業中だけ大きめの眼鏡をかけている。
　スカート丈はクラスで唯一ひざ下で、他の生徒とは何かが違う、雰囲気のある子だ。

　今時、古風な趣味だ。
　そう思っていると、窓から吹き込んだ初夏の風が、彼女の指先から栞を奪い取り、俺の足元まで吹き飛ばした。

「あ……」

　消え入りそうな声で、彼女がそう言った。
　手を伸ばしていいものか迷っているのは、声の調子からわかった。

　俺は身を屈めて栞を拾うと、彼女に差し出した。

「……ありがと」
「どういたしまして」

　そう答えたら、彼女が「えっ」と声を上げた。

「なに？」
「……初めてしゃべってくれたから」
「あ……」

『私以外の他の女の子と二人きりで話したいって思ったこと、まさかないですよね？　万が一やらかす前に教えといてあげますけど、相手に迷惑かかるので絶対やめたほうがいいですよ。わかりました、先輩？』

　そう言っていた花火の姿が脳裏によぎる。
　
　花火に文句を言われるくらいなら、誰ともしゃべらないほうが楽でいい。
　だから俺は花火がいてもいなくても、女子と二人で話す機会をひたすら避けてきた。

　まあ、もう関係ない。

「たしかにもう二ヶ月も隣の席なのに、ちゃんとしゃべったことなかったね」
「うん。私、雪代史。よろしくね」
「名前は知ってたよ」
「ほんと？」

　雪代さんがにこっと微笑む。

　大ぶりの眼鏡の印象が強すぎて今まで気づかなかったけれど、よくみたら雪代史はかなりかわいかった。
　花火みたいにやたらと人目を集める派手な美少女というわけではないけれど、柔らかい雰囲気と素朴さが魅力的だ。
　暖簾越しだからわからなかったのかも。

「髪切ったら、いっきにクラス中から注目されちゃったね」
「あー。でもすぐみんな飽きると思う。珍獣みたいなもんだろうから」
「ええ、珍獣？　一ノ瀬くん、面白い」

　雪代さんは口元に手を当てて、控えめな声でクスクス笑った。

　花火との会話とは全然違う。
　びくつくこともなく、穏やかな気持ちでいられる。
　次に何を言われるのかと怯えたり、早く解放されたいと願うこともない。
　なんならこのままもうしばらく、話していたいとさえ思えた。

　というか花火とのやり取りは、会話というより一方的に責められていることがほとんどだったしな。

「実は私、一ノ瀬くんとずっと話してみたいと思ってたんだ」
「え？　どうして？」
「一ノ瀬くんって放課後、花瓶の水を入れ替えたり、ベランダのプランターに水を撒いたりしてたでしょ？　それで優しい人なんだなあって思ったの」
「いや、それは……単なる暇つぶしだから。優しいとかじゃないよ」

　花火の都合で放課後待たされているとき、手持無沙汰でやっていただけだ。

　……って、雪代さん、俺が暖簾時代から俺のこと認識してくれてたってことか。

　その事実に俺は内心かなり驚かされた。
　しかも俺と話したいって思っててくれたって言ったよな……。
　それがほんとか嘘かはわからないけど。
　いや、なんとなく、この子は嘘とか言わなそうな気がする。
　何か根拠があるわけじゃないが、そんな気がした。

「でも今日、いろんな女の子が一ノ瀬くんかっこいいって大騒ぎしてるから、これからモテモテになっちゃうね……」

　そう言うと、雪代さんはなぜか少し頬を染めて、視線を逸らした。


　◇◇◇

　放課後は、本屋やゲームセンターやマックと、気ままに寄り道をして回った。

　今どこにいるか、その都度、花火にメッセージを送る必要もない。
　前はそんなことまで義務付けられていて、うっかり忘れようものなら、その後ネチネチと何時間も嫌みのラインを送られたものだ。
　おかげで俺はラインの着信音が怖くてしょうがない。

　でも多分、その恐怖心もそのうち薄れるだろう。
　だってもう二度と、あいつは俺にメッセージを送ってこれないのだから。

　あれこれ見て回っているうちに、気づけば辺りはすっかり暗くなっていた。
　家では母親が夕飯を作って待っている。
　そろそろ帰るかと思い、最寄り駅に戻った。

　今日は一日、とても充実していた。
　寄り道もそうだけど、学校生活自体も。

　雪代さんとも話せるようになったし。

　学校って案外楽しい場所なのかもしれない。
　こんなこと、小中高合わせて今まで一度も思ったことがなかった。

　俺が満たされた気持ちで鼻歌を歌いながら歩いていくと、家の近所の公園の前に人影が見えた。

　――花火だ。
************************************************
私が読みたい幼馴染ざまぁを書いてみました
需要あったら毎日更新にしますね

「需要あるよ」「読んでやってもいいよ」と思って下さったら、
スクロールバーを下げていった先にある広告下の☆で、
『★５』をつけて応援してくれるとうれしいですもう他人なのだと再認識させる

「せ・ん・ぱ・い」

　街灯の下、公園の壁に寄りかかっていた花火が、勢いをつけて体を起こす。
　そのまま、もったいぶった足取りと態度で、俺の前までやってきた。
　気味が悪いほどの笑顔を浮かべて。

「遅かったですねえ？　寄り道したらだめって言ったじゃないですかぁ。もう忘れちゃったんですかぁ？　――って、ちょっと！　無視して通り過ぎるとかありえないんですけど！？」

　俺の前に回り込んだ花火が通せんぼするように両手を広げる。
　やれやれ……。

「何？」
「何じゃないですよ！　私がわざわざ先輩を待っていてあげたんですよ！」

　そういえば花火はいつもこの調子で「してあげた」という言い方をしてきた。
　こうやって、こちら側に「してもらった」「申し訳ない」という気持ちを塗り込んでくるのだ。
　まあ、今日はもう、そんなふうに思わないけれど。
　だって、待っていてほしいなんて頼んでないし、なんなら今、俺は心底げんなりしている。

　それにしてもなんで花火はこんなふうに俺に付き纏うんだろう。
　俺が好きだから別れたくない――なんてことは１００％ありえない。
　散々、「俺があまりにダメ人間だから、同情で付き合ってあげている」と言っていた花火だ。

　……となると、機嫌が悪い時のサンドバッグを逃したくない辺りか。
　そうとしか考えられない。

　ほんと俺、なんでこんな女の下僕サンドバッグでい続けたのか……。
　花火も花火だけど、俺も俺だよね……。
　自分自身にがっかりしながら、ため息を吐く。

「もう一度はっきり言うけれど、俺たちはもう他人だから。こういうことされても困る」
「……っ。それってつまり……本気で私と別れるつもりですか？」

　花火は笑顔のままだけれど、目が全く笑っていない。

「そう。言ってる」
「私と別れたりしたら、先輩はまともに生きていけませんよ」
「花火といるほうが俺はまともじゃなかった」
「先輩ってば可哀そう。今日一日、ちやほやされたぐらいで、身の程がわからなくなっちゃったんですねえ。そういうところがだめなんですよ、先輩は。見た目だけで価値を判断して近づいてくるような奴らなんて、カスに決まってるじゃないですか。それもわからないような先輩が、私なしでどうやって生きてくんです？　こんなふうに言ってくれる人なんて、他にはいませんよ。わかってます？」

　別に今日、寄ってきたクラスメイト達に対して完璧に心を許したわけではない。
　そのぐらい俺だって花火に言われなくてもわかっている。
　でも、子供のころからずっと、すべてにおいて無価値だと花火に言われてきたから、見た目だけでも褒められたことは素直にうれしかった。

　そういうのってきっと、ひとつのきっかけなんだ。
　せっかくできた接点から、少しずつ信頼できる相手を探していけばいいだけだし。
　そういうことすべて、俺はもう自分自身で判断したい。
　花火の決めたとおり、言いなりになっているのではなく。

「先輩みたいな欠陥人間には、指示を出してくれる人間が必要なんですよ。ほら、はやく謝ったらどうです？　先輩が空気の読めない行動で私をイラつかせることなんてしょっちゅうなんで、私も慣れてるんですよ。先輩のおかげで、おおらかな心で許すことを覚えられましたし。でもちゃんと真心を込めて謝って下さいね？」
「それは無理だよ。だって微塵も悪いって思ってないから」
「……っ」
「今の話を聞いて、ますますその気持ちが強くなった。俺の人生に花火はいらない」

　花火は大きな目を見開いて固まった後、凶悪に顔を歪ませて引き攣ったような笑い声をあげた。

「あ、あはっ！　ほんっっっと、むかつきます……。先輩みたいなクソ男、こっちから振ってやりますよ！」
「よかった。これで意見が一致したし、こうやって関わることも完全になくなるわけだね」
「……」

　花火が髪を振り乱して、俺を睨みつけてくる。

「もういいだろ。そこどいて」
「これだけ馬鹿にされたこと、絶対に忘れませんから。――先輩、覚えててくださいね？」

　花火は昼間、渡り廊下で俺に置き去りにされたことがよほど屈辱的だったのか、俺が立ち去ろうとする空気を出した途端、慌てて去っていった。

　もちろん俺は振り返ったりしない。
　ちなみに花火が言った「覚えててくださいね」という言葉は、秒で忘れてやった。

　でもとにかく、花火側も別れることを受け入れてくれたのだから良かった。
************************************************
私が読みたい幼馴染ざまぁを書いてみました
需要あったら毎日更新にしますね

「需要あるよ」「読んでやってもいいよ」と思って下さったら、
スクロールバーを下げていった先にある広告下の☆で、
『★５』をつけて応援してくれるとうれしいです別の男に乗り換えたアピールとかまったく効果ないから

　夜の公園で花火と話した日から数日。
　俺はめちゃくちゃ平和に過ごせている。

　まあ、登下校の時にほとんど毎回花火と遭遇したりはするが。
　別に花火のほうを見ているわけではない。
　気づくと視界の端に花火がいるのだ。
　チラチラと見切れるドラマのモブキャラのように。
　でも、接点と言えばそのぐらいだし、向こうから話しかけてくることもなくなった。

　ただ、ひとつだけ引っかかるというか謎な点がある。

　絶縁する前の俺は、毎朝、花火を迎えにいかされ、必ず家の前で三十分以上待たされていた。
　髪型が気に入らないとか、朝の情報番組で気になる特集をしていたとか、花火が遅くなる理由はだいたいそんなところだった。

　花火から解放された俺の登校時間は、自動的に三十分早くなるわけだ。
　駅に着くのも三十分前。
　それなのになぜか俺より先に花火がホームにいるのだ。

　もしかして花火はわざと俺を待たせていたのだろうか？
　忠犬のように待つ俺を眺めて面白がるために。
　花火ならやりそうな話だ。
　今となってはもうどうでもいいけど。

　それに三日目くらいから、花火は男子生徒と一緒に登校しはじめたのだ。
　たしかあれは俺と同じ二年で、陸上部のエースだったはずだ。

　男を連れているということは、花火にとっても俺が過去になったと思っていいよな。
　心底ホッとしたのは言うまでもない。

　周囲に見せつけるかのように甘えているから、よっぽどその男子生徒に入れあげているのだろう。
　あんな花火は見たことがないし。
　ただ、他人同士のいちゃつく光景が、視界の端にずっと映り続けているというのも微妙なものだ。

　俺は翌日から四十五分早く家を出るようにした。
　これなら一本早い電車に乗れるから、朝からいちゃつく奴らと遭遇しなくて済む。

　ところが、花火たちを見ないで済んだのはたった一日だけで、次の日にはなぜか花火たちも一本早い電車を利用しはじめたのだった。

　……これはさすがに偶然じゃないな。
　振った俺に対して、「もう彼氏ができました。ざまぁみろ」ってアピールしたかったのかな。
　ハイハイ、ヨカッタネ。末永くお幸せに。

　今も花火がチラチラこっちを見ているけれど、俺はそちらに背を向けて視界から強引に追い出した。

　◇◇◇

　とまあ、朝は若干疲れることがあったけど、今日の一限は体育なので気を取り直すとする。

「じゃあ、今日は予告通り、体育祭のリレーの順番を決めていくな。一番タイムの良かったやつがアンカー、その次がトップだ。そこふたつになると女子にもモテるから頑張れよ～」

　体育教師の言葉を聞き、足に自信のある男子たちが俄然張り切る。

　俺はというと……毎年、平均ぐらいのタイムになるよう努めてきた。
　本当の実力は自分でもよくわからない。

　幼稚園の頃は、運動会のかけっこで一等賞を取ったことがあるけれど。
　そのあとすぐ、年少さんだった花火に優勝シールをむしりとられてこう言われたのだ。

「はしってるときのそうまくんきらい。はやすぎておウマさんみたいだし。かっこわるいよ。もっとおそくはしって」

　俺も年中さんだったから、ショックで泣いた。
　そしてわざと遅く走るようになった。

　習慣はそのまま残り続けて今に至る。
　しかも花火はご丁寧なことに、毎年体育祭が近づくと、同じような毒のこもった言葉を俺の耳に流し続け、俺が意識的に遅く走るよう仕向けてきたのだった。

　今振り返ると、多分あいつは俺が自分より目立つのが許せなかったのだろう。
　花火は「いつでも私が一番愛されていないと嫌なんですよぉ」としょっちゅう言っていた。
　これもそういうことの一貫だろう。

　別に目立ちたいわけじゃないけれど、かといって無理して日陰に隠れるような生活ももう送りたくない。
　俺は普通にしてたいだけだ。

　よし。
　手加減せず普通に走ろう。

「次の四人。位置について」

　教師の指示で、スタート地点に向かう。
　地面に手をつき、クラウンチングスタートの体勢になった。

「よおい――」

　パンッ――とピストルの音が鳴り、皆、一斉に走り出す。
　両隣を確認しながらスピードを調整しなくていいって、めちゃくちゃ楽だ。
　あー走りやすい。

　そう思いながら、あっという間にゴールへと辿りついた。
　さて、結果は……。

　このぐらいじゃ息も切れないので、ごく普通に視線を上げたら、なぜかあんぐりと口を開けた体育教師の顔が目に映った。
　その後ろにいる同級生たちも全員同じような表情で固まっている。

　え？

「……一ノ瀬、おまえ……っ、こんなに足が速かったのか……！？　このタイム……県の記録更新するぞ……！？」
「す、すげえ……。記録更新って……」
「一ノ瀬がいればリレーはうちのクラスの圧勝だろ！？」
「アンカーは一ノ瀬で決定だな！！」

　教師の言葉を聞いたクラスメイト達が、一斉に騒ぎはじめる。

　……まいったな。
　ほんとに目立つつもりはなかったんだけど……。
　普通にしてみただけなのに、めちゃくちゃ注目されてしまった。
************************************************
私が読みたい幼馴染ざまぁを書いてみました
需要あったら毎日更新にしますね

「需要あるよ」「読んでやってもいいよ」と思って下さったら、
スクロールバーを下げていった先にある広告下の☆で、
『★５』をつけて応援してくれるとうれしいです注目を浴びたらクラスメイトに助けを求められた

　その日のホームルームで、男女両方を合わせたリレーの順番が発表されると、教室内は授業の時以上の大騒ぎになった。

「一ノ瀬くん、イケメンなだけじゃなくて足まで速かったの……！？」
「運動部でもないのにすごすぎない！？」
「あれ？　でも一年の体育祭では別に注目されてなかったよね。なんで？」
「そんなことより、一ノ瀬くん、かっこよすぎない？　スポーツ万能のイケメンって……好きになっちゃいそう……っ」

　女子たちがざわつきながら、俺のことをチラチラ見ている。
　これはかなり気まずい。
　足が速いだけで好きになるって、原始的な感性で恋愛する子もいるんだな……。

　◇◇◇

「一ノ瀬くん、また注目されてるね」

　ホームルームが終わった後、帰り支度をしながら雪代さんがそう声をかけてきた。

「雪代さん……。まあ、今回も一過性のものだよ。将来的に運動選手を目指すわけじゃないなら、足の速さなんて役に立つポイント少ないし」
「そうかな。学校の中ではヒーローだよ？　私も一ノ瀬くんみたいに運動神経がよかったらなぁ……」

　雪代さんがはぁっと重い溜息をつく。

「スポーツ、苦手なの？」
「うん……。とくに走るのが……。だからリレーってすごく憂鬱なんだ。――ね、一ノ瀬くん。コツってないかな」
「どうだろ。あるのかもしれないけど、俺はわかんないな」
「そっか……。足の速い人に走り方を教えてもらったら、少しはマシになるんじゃないかなって思ったんだけど……」

　それは一理あると思う。
　でも、俺なんかじゃなくて、走りに詳しいやつを頼らないとだめだろうけれど。

　雪代さんはしょんぼりとして、机の上に突っ伏してしまった。
　ふわふわした髪が窓から入り込む風で揺れている。

　……なんか床にぺたんと寝ているシーズーみたいでかわいいな。
　女子は絶対喜ばないであろう比喩だけど、ついついそんなことを考えてしまう。

「……体育祭、休みたい……」
「そんなに嫌なの？」
「そんなに嫌なの」

　オウム返しをしてきた雪代さんが、少しだけ頭をあげて、いたずらっぽく笑う。

　うーむ。
　何か力になれればよかったんだけどな……。

「なあ、一ノ瀬。ちょっといいか？」

　突然、話しかけられ、雪代さんと二人で声の主を振り返る。
　俺たちの机の前に立っていたのは、蓮池千秋というクラスメイトだ。
　身長が一八〇センチを超える長身で、鋭い奥二重が印象的な強面タイプの男である。
　部活は陸上部で、今朝のタイム計測ではクラスで二位の記録を出し、リレーのトップバッターに選ばれていた。

　そんな蓮池が俺に何の用だというのだろう。
　軽く首をひねりながら、次の言葉を待つ。

「――聞きたいことがある。おまえ、どれぐらい本気でリレーに挑むつもりでいる？」
「本気って……？」
「死ぬ気で勝ちに行く気があるのかと聞いている」
「いや、死ぬ気はないよ」

　俺が即答すると、蓮池は眉間の皺を深くさせた。

「……それでは困る」

　なんとも要領を得ない会話だ。

「言いたいことがあるんだよね？　遠慮せず言って」
「……わかった。俺は、今回のリレーで何があってもアンカーになるつもりでトレーニングしてきた。だが、一ノ瀬にあっさり記録を抜かれてしまった」
「ああ、アンカーの座を譲ってほしいって話？　それなら別に――」
「違う。俺はおまえに負けた身だ。それは認める。だから俺の代わりに、命がけで二組のアンカーを打ち負かして欲しいんだ……！」

　俺と雪代さんは思わず顔を見合わせた。
　さっきから『死ぬ気』だの『命がけ』だの選ぶ単語がやけに仰々しい。

「二組に何か負けられない理由でもあるの？」
「二組じゃない。二組のアンカーに選ばれている桐ケ谷太一、あいつをなんとしても打ち殺してやりたい……っ」

　だから単語の選び方……！

　って待てよ。

「桐ケ谷太一って陸上部の？」
「ああ」
「甘ったるい顔したイケメンだよね？」
「いかにも女たらしっぽいだらしのない顔をした男だ！」

　そ、そういう言い方もあるか。

　でも、どうやら俺の思い描いているヤツと蓮池の言っている男は、同一人物のようだ。
　俺が今朝も駅のホームで見た同級生、つまり花火の相手がその桐ケ谷だった。

「なんで桐ケ谷をそんなに負かしたいんだ？　同じ陸上部同士だから、ライバル関係にあるとか？」
「あいつは！　俺の彼女をッ！　寝取ったんだ……っ！！」
「寝取ったって……」

　とんでもない単語が飛び出し、俺は慌てて雪代さんを振り返った。
　彼女はかすかに頬を染めて、眼鏡の下の瞳を揺らしている。
　そりゃあ動揺もするよな。
　真昼間の教室で話すような内容じゃない。

　でも怒りに我を忘れているのか、蓮池は俺と雪代さんから向けられる戸惑いの眼差しにも気づかず、悔しそうに歯を噛みしめている。

　あれ、でも妙だな。
　蓮池の彼女を奪ったらしい桐ケ谷は、数日前から花火と一緒に登校している。
　花火が桐ケ谷の腕にくっついたりしていたから、ただのお友達同士というわけではないだろう。
　じゃあ蓮池の彼女はどうなったんだ……？

　俺が疑問を抱いていると、蓮池は絞り出すような声で説明を続けた。

「……寝取られたことを恨んでるんじゃない。それは俺が不甲斐なかったから悪いんだ。俺から奪ったって、大事にしてくれたんならよかったんだ。俺だって潔く身を引いたさ！　でもあの野郎は、そうやって奪った俺の元カノをあっさり捨てて、一年生の女子に乗り換えやがったんだ！　俺はあいつがどうしても許せない……！」

　あー……そういうことか……。

「……あんたも大変なんだね」

　他に言葉が出てこず、そう言って励ますと、俺の机にバンッと手をついた蓮池がグワッと身を乗り出してきた。

　ち、近いな……。

「一ノ瀬……！　おまえの実力を見込んで、頼みたい！　俺の代わりにあの調子に乗ったクズ男を懲らしめてやってくれ……！」
「うーん……」

　桐ケ谷の新しい相手が花火だということはどうでもいいが、蓮池に対してはちょっと同情心を抱いた。
　男女間のいざこざの結果、苦労している人間だから、シンパシーのようなものを感じてしまったのかもしれない。

「具体的に何をすればいいの？」
「俺が走り方を教える。そうすればおまえは今より確実にタイムを伸ばせるはずだ。そして万全な状態でリレーに挑んで欲しい！」

　待てよ。
　そうか。
　こいつは陸上部だから、走り方に詳しいのか。

「わかった。協力してもいい。でも一個条件がある」
「なんだ。なんでも言ってくれ」
「走り方、俺だけじゃなくて彼女にも教えてあげてくれる？　そうしてくれるなら手を貸すよ」

　そう言って雪代さんのほうを見ると、彼女は「えっ」と声を上げ、大きな目を丸くさせた。

「さっき走り方を教わりたいって言ってたから、どうかなって思ったんだけど」
「でも、私なんかのために……」
「遠慮しないで。彼女を取られちゃった蓮池に同情したのもほんとだから」
「……俺、彼女を取られちゃったんだよな……」

　やり取りを聞いていた蓮池がガクッと肩を落とす。

「さっき自分でも言ってたじゃないか」
「人に言われるとますます実感させられるんだよ……」

　そういうものなのか？

「で、二人はそれでいい？」

　俺が問いかけると、雪代さんと蓮池は同時に頷いた。

「私はお願いできるなら、すごく助かる……！」
「俺も異存はない。二人ともよろしくお願いします」
「こちらこそ」

　こうして俺は、雪代さんのコーチ役を依頼する代わりに、花火の彼氏を全力で負かしに行くことになったのだった。
************************************************
私が読みたい幼馴染ざまぁを書いてみました
需要あったら毎日更新にしますね

「需要あるよ」「読んでやってもいいよ」と思って下さったら、
スクロールバーを下げていった先にある広告下の☆で、
『★５』をつけて応援してくれるとうれしいです２つめのレビューいただきました
うれしいです、ありがとうございます！
********************************************
報復のための下準備

　蓮池と雪代さんと俺の三人は、翌日の朝からさっそく練習を開始することにした。

　朝のホームルームは八時三十五分からだから、その一時間前の七時半にグラウンドに集合することになっている。

　そういえば、こんなふうに誰かと待ち合わせをするなんて初めてのことだ。
　そもそも、小中高と学校に通ってきたのに、クラスメイトと学生らしい行動を取ったことすら皆無だった。
　花火に四六時中行動を制限され、他の人と接点を持てなかったのだから、当然といえば当然の話だ。

　俺が到着すると、すでに蓮池と雪代さんはグラウンドにいて、こちらに向かって手を振ってきた。

　なんか青春っぽい……。

　奇妙なきっかけから始まった練習だけれど、意外と悪くないかもしれない。
　それに今朝は電車の時間をずらしたおかげで、花火と桐ケ谷の過剰なイチャつきが視界の端を見切れることもなかったしね。

　俺は感慨深い気持ちになりながら、二人に近づいていった。

「おはよう、一ノ瀬くん」
「はよ、一ノ瀬」
「二人ともおはよう」

　今日は家からジャージを着てきたので、さっそく鞄を下ろして準備運動に入る。
　雪代さんは、運動全般苦手だと言っていたとおり、この時点ですでに動きがぎこちない。

「うんっ……ううーっ……んっ。……ひゃぁ……！？」

　前屈していた雪代さんが、バランスを崩してコテンと横に転がる。
　本人はいたって真面目なのだけれど、微笑ましくてちょっと笑ってしまった。
　彼女が小柄なこともありコロコロした動きが子犬っぽくてかわいい。

「むっ、一ノ瀬くん、いま笑ったなー！」
「ごめんごめん。なんかかわいくて」
「……っ」

　深い意味はなく、思った通りのことを伝えたら、雪代さんの顔が一瞬で真っ赤になってしまった。

「もしや一ノ瀬くん、ナチュラルすけこまし？」
「すけ、えっ……？」

　読書が趣味だからか、彼女のボギャブラリーはちょっと変わっている。

「おい、おまえら……。失恋でボロボロになっている俺の前でいちゃつくとはいい度胸だな……」

　ドスのきいた声に振り返ったら、蓮池が涙を流しながら佇んでいた。
　顔が強面なせいで、なんだか鬼気迫るものがある。
　ご、ごめん……。

「ぐずっぐすっ……。さあ、報復のための下準備をはじめるぞッ……！」
「頼むから練習をはじめるって言って」


　――気を取り直して、『練習をはじめる』。

　蓮池はさすが陸上部だけあって、教え方がとても的確で、雪代さんも俺もどんどんタイムが上がっていった。
　雪代さんのたどたどしい走り方がかわいくて、それをついまた口にしてしまい、照れた彼女に「やっぱりすけこましだ……！」と言われたり、「お願いだからいちゃつかないでください……」と蓮池が泣き出したりという事件も起きたりしたけれど。
　練習初日にしては、かなりいい成果を出せたのではないだろうか。

　体育祭までは十日。
　そんなふうにして俺たちは毎日、朝練と夕練を繰り返した。
　蓮池に関しては、その間、部活を休むほどの熱の入れようだった。
　俺はまあ、言われたとおりに走っているだけだけど、結果を出しているのでそれで蓮池は満足なようだし、さすがに命がけで勝利を掴みに行くことまでは、蓮池も強要してこなかった。

　ちなみに……花火は翌朝から、俺の乗る電車にまた現れるようになった。
　ただ、一時間前に起きるのがよっぽど辛いのか、肩までの髪はただ下しただけだし、ところどころ寝癖がついている。
　以前の花火はめちゃくちゃ髪型を気にしていて、少しでも気に入らなければやり直していたのに、よくあんな不完全な状態で外に出てきたものだ。
　さすがに本人も恥ずかしいらしく、しきりに髪を弄ってはいた。
　そこまでして見せつけたいとか、やっぱりあいつはまともじゃない。
　花火と絶縁してよかったと、俺は心底思わされた。

　◇◇◇

　そんなこんなで、あっという間に日々は過ぎていき、いよいよ明日は体育祭。
　俺たちは放課後のグラウンドで最後の練習を終えたところだ。

「よし！　これで練習は終わりにしよう！　二人ともお疲れ！」
「うー……やりきったぁ……」

　蓮池の声を聴いた途端、雪代さんがグラウンドの土の上にごろんと寝転がった。
　あまり人目を気にしていないらしい雪代さんは、ただ大人しい文学少女というわけではなく、時々こんなふうに奔放な姿を見せる。
　俺は彼女の自由な振る舞いに共感を抱きながら、隣に腰を下ろした。
　さらにその横に蓮池も座る。

　俺たちは三人並んで夕日を眺めながら、練習で疲れた足を癒した。

「いよいよ、明日は本番だねえ」

　雪代さんが空を見上げたまま、誰に言うでもなく呟く。
　その言葉を蓮池が拾った。

「ふたりともすごくタイムが伸びたから、きっといい結果を出せると思う。俺が保証する！　それから……一ノ瀬、雪代、俺のわがままに付き合ってくれて本当にありがとう。実を言うと、振られてから毎晩、元カノや桐ケ谷のことばっかり考えてしまって全然眠れなかったんだ。でもこの練習が始まってからは、どうやったら二人のタイムを良くできるかってことに意識が持っていかれて、ちゃんと睡眠も取れるようになった。二人には感謝してもしきれない」
「私はそんな……！　一ノ瀬くんのおかげで、蓮池くんから走り方を教えてもらえるようになっただけだし。それで足も前より早くなったし。だから私こそ、二人に感謝だよ」
「俺もこんなふうにクラスメイトと過ごせて楽しかったから。ありがとう」

　三人でお礼を言い合っているうち、だんだんこそばゆくなってきて、気づけばみんな笑っていた。

「……ほんと、おまえらと過ごせて気が楽になったよ。もちろん桐ケ谷に対する憎しみが消えたわけじゃないけど」
「そういえば桐ケ谷くん、昨日すれ違ったら、髪型全然変わっててびっくりした」

　雪代さんは話が重くならないようにと思ったのか、さりげない感じで話題の舵を切った。

　言われてみれば、以前の桐ケ谷は運動部のくせに結構長めの髪をしていて、まるでどこぞのホストのようにワックスでセットしていた。
　駅のホームで目撃するようになった時には、すでに今の普通っぽい髪型になっていたが。

「爽やかな感じっていうか……、今の一ノ瀬くんと似てる気がしたなあ」
「俺と？」
「あっ、髪型だけだよ！？　雰囲気は全然、違うから……！」
「う、うん」

　慌てて弁解するから笑ってしまった。
　俺とあのモテ男の雰囲気が似てるなんて、さすがにそんなこと思ったりしないよ。

「あれは一年の女子と付き合いはじめて切ったんだ」

　憎んでいる相手のことだし、蓮池は桐ケ谷について異様に詳しい。
　蓮池が今まで犯罪まがいの行動をとらなくてよかったと内心思った。

「俺の元カノは桐ケ谷の髪型も好きだって別れ際に言ってたから、もしかしたら当てつけで切ったのかもしれない。クソッ……あの野郎……。もしそうだとしたら、ますます許せねえ……」
「蓮池……」
「……俺のことバカだって思うだろ」
「え？」
「二股かけられた挙句、乗り換えられたのにまだ未練があるなんて。笑いたきゃ笑ってくれ」
「なんで。笑ったりしないよ。蓮池はただ一途なだけだろう。真面目に恋したやつを笑う権利なんて誰にもない」
「……っ。一ノ瀬……おまえ、いいやつだな……」

　鼻を啜る音がしてハッと顔を上げると、蓮池が腕で涙を拭っていた。
　どうやら蓮池は、見かけによらず涙もろいらしい。
　でも今回のは、「いちゃつくなよ」と言っていた時とは明らかに種類の違う涙だった。

　俺が雪代さんのほうをそっと見ると、彼女は心配そうな顔をしたまま小さく頷き返してきた。
　言葉はなくても、見守ってあげようという気持ちが伝わってきたから、俺も頷き返す。

　それから雪代さんと俺は蓮池が落ち着くまで黙って傍にいた。

　この日以来、俺たち三人は友人になれた。
　俺にとっては生まれて初めてできた友だちだ。

　――そして、一夜明け。
　ついに体育祭当日がやってきた。
************************************************
私が読みたい幼馴染ざまぁを書いてみました
需要があったら毎日更新にしますね！

「需要あるよ」「読んでやってもいいよ」と思ってくださったら、
スクロールバーを下げていった先にある広告下の☆で、
『★５』をつけて応援してくれるとうれしいです３つ目のレビューをいただきました
ありがとうございます！
********************************************
『体育祭の英雄』と『調子に乗りすぎた敗北者』

　当日は天候にも恵まれて、晴天のもと、体育祭は大いに盛り上がった。

　クラスである程度固まっていれば、応援席の並びは自由だ。
　俺と蓮池と雪代さんは自然に三人でかたまり、一緒に観戦を楽しむこととなった。

　ムカデ競争、綱引き、ソーラン節、玉投げ、借り物競争、応援合戦、などなど。
　見ごたえのある種目が色々と続いていく。
　雪代さんは玉投げに、蓮池は綱引きに、俺は大縄跳びにそれぞれ参加した。
　ちなみにソーラン節は二年生全員強制参加で、応援合戦は全学年合同の種目となる。

　――そして、いよいよ二年生のリレーとなった。

「がんばろうね！」

　雪代さんの言葉に、蓮池とふたり、頷き返す。

「トップバッターとして全力で走ってくる。あとは任せた」

　今度は蓮池の言葉に、雪代さんと頷く。

「第一走者はレーンに並んでください」

　案内役の生徒会員に言われて、蓮池が去っていく。
　俺と雪代さんは並んだまま、蓮池を見守った。

　スピーカーから流れる音楽が、リレーの定番曲『天国と地獄』に代わる。

「位置について、よーい！」

　パンッ――。

　高らかなピストルの音が白煙をあげて鳴り響く。
　四組の生徒が一斉にスタートを切った。

「蓮池くん、がんばれー！」

　雪代さんやクラスメイト達が一生懸命声を出して声援を送る。
　その声に応えるように、蓮池が頭一つ分飛び出た。
　そのままトップでバトンが引き渡される。

　クラスメイトは全部で三十一人。
　抜いたり抜かれたりを繰り返しつつ、リレーが進んでいく。

「どうしよ……。そろそろ私だ……」

　自分の番が近づいたせいで緊張してきたのだろう。
　雪代さんの頬がいつも以上に白くなっている。

「落ち着いて。練習したとおり走れば大丈夫だよ」
「ありがとう。……ね、一ノ瀬くん、一瞬だけ手、貸してくれる？」
「手？」

　よくわからないまま、雪代さんに求められて腕を伸ばすと、彼女は両手で俺の右手を包むように握ってきた。

「……！」
「うん。これで勇気もらえた。ありがと……！」
「う、うん」

　さっきまで青白かった雪代さんの顔に、ピンク色の熱がさす。
　俺もちょっとドキドキしながら、ニコッと笑った彼女を見送った。

　レーンに立ち、バトンを受け取った雪代さんは、やわらかい髪をふわふわと揺らしながら、走り抜けていった。
　一生懸命な彼女の姿が眩しくて、俺は思わず目を細めた。

　転んだり、バトンを落としたり、抜かれたりすることもなく、雪代さんは自分の役目をやり遂げた。
　すっきりした表情の彼女と目が合い、お互い自然な笑顔を交わした。

　あとは、俺だけだ。

　今のところ、二組がかなりのリードをつけて独走している。
　うちのクラスは二位と僅差で三位だ。

　そしてついに、アンカーの順番がやってきた。

　レーンには走ってくる順番で並ぶことになる。
　桐ケ谷、四組の男子、俺、三組の男子という順で立つと、俺以外の奴らは体の筋を伸ばしたり、手首を回したりしはじめた。
　俺だけ棒立ちでいると、四組の男子越しに桐ケ谷が話しかけてきた。

「なあ、なんで一組は素人なの？」

　言われてみれば、三組も四組も運動部で知名度のある生徒だ。

「一組にだって陸上部いるだろ。ってあいつは彼女にフラれてからタイムがグズグズだったっけ。ははっ」
「……」

　桐ケ谷が言っているのは明らかに蓮池のことだ。

「まあ、あいつは何やっても俺に勝てないけど。陸上でも、恋愛でも――」
「バトンくるよ」
「えっ、お、おう。んじゃお先」

　桐ケ谷は前髪をサラッと掻き上げて、余裕の表情で笑うと、バトンを受け取る体勢に入った。
　一位と二位の間はさらに差がついている。
　自分のクラスの待機列に視線を向けると、並んで立った蓮池と雪代さんが心配そうな顔で走者の姿を追っていた。

　その直後、二組の女子が駆け込んできた。
　パシッと音を立てて、バトンが桐ケ谷の手に渡される。

　体育祭の花形リレー走のアンカーということもあり、会場中がにわかに活気づく。
　応援団の太鼓の音、女の子たちの高い声、男子たちの野太い声援。
　それらが渾然一体となって、五月の青空に響き渡った。

　後続の走者たちは、最後のレーンを曲がり終え、ようやく直線コースに入ったところだ。

　さてと。
　四組の生徒に続いて、俺もバトンを受け取る準備をはじめた。
　桐ケ谷はハイになっていたようだったけれど、俺のほうは感情が変にざわつくこともなかった。

　ここまできたらあとはもう蓮池の教えてくれたとおり走るだけだ。

　四組のバトンが渡された。
　それから数秒。
　俺の手にも、クラスメイト達が引き継いできたバトンが確かな感触とともに託された。

　よし、行こう。

　風を切って走り出す。
　声援が遠ざかり、自分の呼吸音だけを近くに感じる。

　少し前を走る四組の生徒がなぜか止まって見え、あっさり追い抜けてしまった。

　これで二位。
　でも、重要なのは順位じゃない。
　視線の先に桐ケ谷の背中が映った。

　あれを仕留める。

　風の流れが追い風から向かい風に変わる。
　柔らかいグラウンドの土をトンッと軽く蹴って、前へ前へと進む。

　一歩踏み出すたび、桐ケ谷の背中がそのたび大きくなっていく。

　その背中にぴたりとくっついたとき、独走状態で余裕だと思っていたらしいヤツの体が目に見えて強張った。
　ゴールまで残りわずか。
　最後の直線レーンに入ったとき、俺と桐ケ谷は横並びになっていた。

　さすが陸上部のエース。
　桁違いに速い。

　でも、なんか俺、それ以上に速かったようだ。

「うっ……くうっ……」

　桐ケ谷が唸る声を耳の後ろで聞きながら、ゴールテープを切る。
　息を呑んで見守っていた生徒たちが、一瞬後、わああっと大歓声を上げた。

　応援席にいたクラスメイト達が、一斉に駆け出してくる。
　俺はあっという間に取り囲まれ、気づけば胴上げされていた。

「ちょ、みんな、落ち着いて……」

　宙を舞いながらそう伝えてみるが、興奮しているクラスメイト達に俺の声は届かない。
　まいったな。
　飛びながら視線を動かすと、涙をためて感動している雪代さんと、その隣で号泣している蓮池の姿が見えた。

　……まあ、あのふたりが喜んでくれたならいいか。

「一ノ瀬、おまえ、まじですごいよ……！」
「めちゃくちゃ速かったし！！」
「ほんと！　一ノ瀬くんのおかげで一位だもん！」
「かっこよかったよなあ！」
「二組のアンカーって桐ケ谷くんでしょ。陸上部のエースなのに、抜かれちゃったのウケる」
「あいつ顔だけで性格クソだからざまあみろって感じ」

　桐ケ谷がもてるのは事実だけれど、どうやら彼の本質を見抜いている一部の女子からは不人気なようだ。

　やっとのことで解放してもらい、地面に降り立つと、茫然と立ち尽くしている桐ケ谷の姿が視界に入ってきた。
　二組はうちのクラスと真逆でお葬式状態だし、クラスメイトのもとへ帰るのも気が引けるのだろう。

　なんて思ってると、桐ケ谷は二組の生徒たちの視線から逃げるように、一年生の応援席に視線を向けた。

　なんとなくつられて俺もそっちを見ると、眉間に皺を寄せて唇を噛みしめている花火と目が合ってしまった。
　自分の彼氏が俺に負かされたのが、悔しくて仕方ないのだろうか。

　やれやれ。
　花火への嫌がらせだと勘違いされていたら迷惑だな……。
　蓮池のために桐ケ谷に勝ちたいとは思っていたけど、花火の存在なんてこっちはまったく意識していなかったのだから。
************************************************
私が読みたい幼馴染ざまぁを書いてみました
需要があったら毎日更新にしますね！

「需要あるよ」「読んでやってもいいよ」と思ってくださったら、
スクロールバーを下げていった先にある広告下の☆で、
『★５』をつけて応援してくれるとうれしいです舞台裏

　体育祭が無事終わり、雪代さんと俺は蓮池経由でクラスメイトたちが開くお疲れ様会に誘われた。
　集合場所は駅前のカラオケボックスだ。
　そういう集まりに誘われたことも参加したこともないから、どうしたものかと思ったけれど、雪代さんから「一緒に行きたいな」と言われてしまったし、クラスメイト達も「主役がこなくてどうするんだよ！」と騒ぐので、とりあえず顔は出すことにした。

　なんとなく流れで、カラオケまでは雪代さんとふたりで向かう感じになった。
　思えば女の子とふたりで行動するのも、花火以外では初めてだ。

「一ノ瀬くん、更衣室で着替えたら、教室に行けばいい？」
「うん。昇降口でもいいけど、あ、でもどうせ鞄を回収しないといけないか。じゃあ教室にしよう」

　自分たちの使った椅子を用具入れに運び終え、その脇でこの後の段取りを話していると、グラウンドに続く通路のほうからよく知った声が聞こえてきた。

「――こんなところに呼び出してなんなんですか？」
「ごめん、花火ちゃん。ちょっと今日、本調子じゃなかったみたいでさ」

　花火と桐ケ谷がこちらに向かって歩いてくる。
　二人の間に流れているのは、どことなく不穏な雰囲気だ。

　できれば花火と遭遇したくない。
　しかもタイミングが悪いことに、他のクラスメイト達はすでに撤収した後で、ここには雪代さんと俺しかいない。
　そのせいで、人だかりに紛れてやり過ごすという手段は取れなかった。

「雪代さん、こっち……！」

　そう思った俺は咄嗟に雪代さんの手を掴んで、木陰にしゃがみこんだ。

「……っ、一ノ瀬くん……？」
「ごめん。ちょっと顔あわせたくなくて」
「あ、そ、そうだよね。リレーで倒しちゃったあとだし、気まずいよね」

　どうやら雪代さんは俺が桐ケ谷に会いたくないのだと誤解したようだ。

「本当は花火ちゃんにもっといいところ見せたかったんだけど。ま、次はインターハイ予選があるし――」
「次ってなんですかぁ？」
「えっ」

　花火たちはよりによって俺たちが隠れている木陰の手前で、歩みを止めてしまった。
　これだともう二人が立ち去るまで隠れているしか術はない。

「どうして次のチャンスを与えてもらえるなんて思えるんです？　その図々しさやばいですよ」
「は、花火ちゃん？」
「わあ。馴れ馴れしく呼ばないでください。『彼氏のフリ役』はもう終わりですよ」
「フリってなに！？　俺、君の彼氏だろ！？」
「はぁ？　いつ誰が言いました？」
「だ、だって……毎朝俺と登下校したいって言ってくれたし、自分から腕にくっついてきただろ！？」
「ぷっ、あはは！　それだけで勘違いしちゃったんですかぁ？　どれだけ残念な脳みそしてるんですか。筋肉に栄養分全部持ってかれちゃってるんですね。それなのにあんな醜態さらしちゃって。あなたみたいに何の価値もない人が、私の彼氏になれるわけないじゃないですか。――私が生涯彼氏にしてあげる人はただ一人だけですし」
「え……ど、どういう意味」
「あなたには関係のない話です」
「と、とにかく俺、悪いところは直すから！　考え直してよ！　君のために彼女を振ったんだよ！？　それに君が好きだっていう髪型にわざわざ変えたのに……！」
「出た～。頼んでもいないのに勝手にやったことを、恩着せがましく言ってくるパターンですね。役立たずなだけじゃなく、さらに醜態をさらしてくるとか勘弁してください」
「そんな……」
「当て馬にすらなれないなんて、本当に残念な人。それじゃあ、さようなら」
「……っ」

　地べたにへたりこんでしまった桐ケ谷を一人残して、俺たちがいるのとは逆の方向に花火が去っていく。
　桐ケ谷はしばらくその場に座り込んでいたが、やがてフラフラと立ち上がると、魂が抜けたような表情で帰っていった。

「痴情のもつれだね……」

　必死に言葉を探した感じで、雪代さんが言う。
　痴情のもつれという表現が面白すぎて、俺はちょっと笑ってしまった。

「たしかに、高校生であの修羅場はすごいね」
「それに比べて私の高校生活は普通だなあ」
「そっちのほうがいいよ」
「かな……。健全に生きて健全な恋をするの」
「健全さ大事」
「大事大事」

　雪代さんと俺はそんな会話を交わしながら、二人でふふっと笑い合った。
　花火と桐ケ谷が残していったどす暗い暗澹たる空気を追いやるように――。
************************************************
私が読みたい幼馴染ざまぁを書いてみました
需要があったら毎日更新にしますね！

「需要あるよ」「読んでやってもいいよ」と思ってくださったら、
スクロールバーを下げていった先にある広告下の☆で、
『★５』をつけて応援してくれるとうれしいですレビューを２件もいただいてしまいました！
ありがとうございます！
********************************************
俺は隅で目立たずいたいのだが……

　体育祭のお疲れ様会には、クラスメイトのほとんどが参加していた。
　蓮池によると、クラス委員がちゃんと全員に声をかけてくれたらしい。
　俺の今までの経験から言うと、普通は絡みがないとそもそも誘われないものだから、なかなか珍しいパターンだなと思った。
　まだクラスメイト達のことは詳しく知らないけれど、クラス委員の二人は少なくとも仲間外れを作ろうというようなタイプではないらしい。

　ただ、誘われたところで、大勢と群れるのが苦手な人間もいるし、参加するかどうかの意思は本人に委ねられたとの話だ。

　俺は参加する前に蓮池に、目立ちたくないから歌は歌いたくないと伝えておいた。
　おかげで歌を強要されることもなく、隅の席に座っていられた。
　隣には同じように歌を歌わない雪代さんがいる。

　ただまったく音楽を知らないわけでもないので、時々「この曲いいね」「俺も歌詞が好き」などという言葉を雪代さんと交わし合った。

「次は俺が歌う！　これは俺から一ノ瀬へ送る友情の歌だ。聞いてくれ！」
「……！？」

　突然マイク越しに名指しされ、ぎょっとなった。
　周囲から、「なんだなんだ」「ホモー？　いいぞもっとやれー！」などというヤジが飛ぶ。

「俺が彼女に振られたのはみんな知ってると思う」

　ねとられー、NTR－、などというヤジも飛びはじめた。
　うわ、蓮池が自分でばらまいた刃で傷を負って、涙目になってる。

「その憎き寝取り男に、今日、一ノ瀬が報復してくれた！　一ノ瀬、ほんとにありがとう！！」

　蓮池の告白で、今日あったことを本当の意味で理解したクラスメイト達は、驚きの声をあげたあと、一斉に拍手しはじめた。

「一ノ瀬くん、かっこよすぎ……！　リレーで活躍しただけじゃなくて、友達のための行動だったなんて……！」
「やばい、男同士の友情……むねあつ……！！」

　俺は雪代さんの練習に付き合って欲しかっただけなんだけどと言っても、大盛り上がりなクラスメイトたちは聞いちゃいない。

「まいったな……」

　俺がソファーに身を沈めて呟くと、雪代さんが励ますように微笑んでくれた。

「一ノ瀬くんはヒーローだもん。みんなが騒ぐのも無理はないよ」
「ヒーローって……」

　そこからみんな、友情ソング縛りをはじめて、いかに暑苦しい友情を歌った曲を探してこれるかで競いはじめた。
　ほとんど大喜利状態で、強烈な歌詞が出てくるたび爆笑が起きる。

　そんな感じで、広いルーム内には友情を歌った歌と、楽し気な笑い声が絶えなかった。

　でも、どうやらこの会を楽しんでいる人間だけではないらしい。
　トイレに立ったときに、廊下の隅でクラスの女子二人がひそひそと話しているのを、偶然聞いてしまったのだ。

「皆口さんたち、ほんと苦手なんだけど。一ノ瀬くんに近づきたくて仕方ない感じでしょ。ああいうのキモくない？　雌犬かよ」
「ねー、なんかああいうのはちょっとねー」
「自分たちがクラスの人気者みたいなつもりでいるじゃん。勘違いするなっての。絶対みんなあいつらのこと心の中ではビッチ集団だって思ってるよ」
「うんうん、そんな感じするー」
「そもそも一ノ瀬くんだけじゃなくて、他の男子ともすぐ絡みたがるのが意味不明なんだけど。男子とか存在がキモいし。あんな生き物にチヤホヤされてなにがうれしいわけ？　私がそんなことされたら鳥肌ものだよ」
「ねー、男子は二次元だけでお願いします」
「まじでそれ！！！　男は二次元の美形以外滅びろ！！！」

　本当は気にせず通り過ぎるつもりだったのに、俺の名前が出たせいで、思わず足が止まった。
　皆口というのは、例の読者モデルをやっているという派手な女子だ。

　今、内緒話をしている女子の名前は、残念ながらわからない。
　主にしゃべってる子のほうは、ちょっと太っていて、長い黒髪を無造作に一つ縛りにしている。
　相槌を打ってる子のほうは、逆にものすごく痩せている。
　ふたりとも、自分の外見を着飾ることには無頓着のようで、皆口奏達グループとは真逆のタイプだから、気が合わないのも納得がいった。

　……まあ、陰口はちょっとね。

　多分、妬みと劣等感が混ざった感情を抱いているのだろう。
　それなら断って来なければよさそうなものだけれど、それはそれで蚊帳の外にされている感じがして嫌なのかもしれない。

　俺は聞かなかったことにして、静かにその場を立ち去った。

　◇◇◇

　俺が部屋に帰ってしばらくすると、廊下にいた二人もこそこそ戻ってきた。
　それから少しして、今日の会はお開きになった。

　会計係がまとめて支払いを済ませ、カラオケボックスの外に出る。
　みんな立ち去りがたいようで、しばらくの間はふざけあったり、談笑したりしていた。

「クラスでこうやって集まるの初めてだけど、楽しかったね！」
「ほんとほんと！　またみんなで遊びたいね」
「ねえ、一ノ瀬くん、次も来てくれる？」
「女子はしつこいからなー。一ノ瀬、今度は男子だけで遊ぼう！」
「ちょっと！　男子ずるい！！」

　取り囲まれてしまった俺は、苦笑しながら「じゃあ、また時間があったら」と返した。

　その直後、背中のあたりがゾクッとした。

　……なんだ？

　強烈な感情を向けられているような、そんな感じがして、背後を振り返る。
　ビルとビルの間の暗い路地裏で、一瞬、影が動いた気がしたけれど、目を凝らしても何も見えない。

　……気のせいか。

「一ノ瀬くん、どうしたの？」
「あ、ううん。なんでもない」

　きっと野良猫だろう。

「よかったら途中まで一緒に帰らない？」
「もちろん」

　野良猫のことは頭から追い出し、俺は雪代さんに笑い返した。
************************************************
私が読みたい幼馴染ざまぁを書いてみました
需要があったら毎日更新にしますね！

「需要あるよ」「読んでやってもいいよ」と思ってくださったら、
スクロールバーを下げていった先にある広告下の☆で、
『★５』をつけて応援してくれるとうれしいです彼女が流した涙の分、必ず報いを受けさせる

　体育祭の翌日以降、二年一組の教室内には親しみを込めた空気が宿るようになった。
　それまでは皆、どこかよそよそしくて、朝の挨拶を交わすのも親しい者同士の間だけという感じだったのだけれど、今は誰かが登校してくるたび、一斉に声をかけている。
　恐らく以前にはなかった仲間意識が、体育祭とそのご苦労さん会をとおして芽生えたのだろう。

　ところが、クラスの平和はそう長くは続かなかった。

　その事件は、ある朝、真っ青な顔をした担任教師が一枚の封筒を手に現れたことに端を発した。

　生徒たちはいつもどおり談笑しながらホームルームの開始を待っていたけれど、みんな担任である若い女教師の顔を見るなり、何らかの事件が起きたのだと察した。
　教室内がシーンと静まり返る。

　今読んでいる本について、雪代さんの解説を聞いていた俺も、一応、話を中断した。
　雪代さんの瞳が「どうしたのかな」と問いかけてきたので、首を傾げて返事の代わりにする。
　まあ、すぐに説明があるはずだ。

　担任はまず生徒の顔を見回してから、重い溜息をついた。

「今日、このクラスのいじめを告発する手紙が学校に届きました。いじめがあったなんて先生は悲しいです。大道寺絵里花さんをいじめ、学校に来られなくした者は誰ですか？」

　教室内に緊張感が走る。
　困惑した顔の生徒たちが、犯人の姿を探すように視線を交わし合っている。

　でも、俺は犯人捜しの前に、被害者捜しをしなければいけなかった。

　だって……大道寺絵里花、誰。

　随分、華やかな名前だけれど、本体の姿が頭の中に浮かんでこない。
　今までクラスメイト達と全然絡んでこなかったからなあ。
　隣の席の雪代さんや、クラスの中でも目立つ生徒のことはさすがに把握できていたけれど、接点もないうえ、目立たない異性のことまではわからない。

　そういえば、休んでるって言ったよな。
　ということはいま空いているのが、大道寺絵里花の席というわけだ。

　少し視線を動かすと、廊下側前列の席に人がいないのに気づいた。

　あれ、あの席はたしか……。
　カラオケの廊下でクラスメイトの愚痴を言っていた太めの女子の席だったはずだ。
　ということは、あの女子が大道寺絵里花か。
　あの時、結構辛辣な意見を口にしていたけれど、あれはいじめに遭っていた反動なのだろうか……。

　一応、辻褄は合っているのに、なんとなく違和感を覚える。
　文句を言っている時の大道寺絵里花は、かなりきつい態度だったからな。
　いじめの被害者という弱い立ち場を、想像しづらいだけかもしれないが……。

「――どうしました？　少しでも罪悪感があるのなら、自ら手を挙げるべきではないですか？」

　にしても、この犯人捜しっぽい雰囲気はどうなんだろう。
　こんな空気じゃ、たとえいじめたことを反省していたとしても、名乗り出ることなんて不可能だと思う。
　担任は今年の新卒だという話だから、気負いが間違った方向に作用していそうだ。

「はぁ……。名乗り出る人はいないようですね。いいですか、皆さん。世の中にはいじめがあった事実を隠蔽するような悪い教師もいるようですが、この学校は違います。このいじめ問題が解決しなければ、林間学校が中止になる可能性もありますよ」

　それまで黙って教師の話を聞いていた生徒たちが、「そんな……」「どうして」と、呟き声を零す。
　林間学校はみんなが楽しみにしている一大行事だ。
　その予定が潰れるなんてありえないという想いが、教室中から伝わってきた。

　――結局、そのあとも犯人が名乗り出ることはなく、翌日から教室内はお葬式のような空気になってしまった。
　追い打ちをかけるような動きがあったのは、それから五日後のことだ。

「今日また、学校に手紙が届きました。手紙にはいじめをしていた生徒の名前が書いてあります。でも先生は、自ら進んで罪を告白して欲しいと思っています」

　前回と同じように担任が教室内を見回す。
　でも結果も前回と同じ。

　十分間、嫌な沈黙の時間が続いた挙句、担任は諦めきった顔で首を横に振った。

「わかりました。こんな結末は一番避けたかったのですが仕方ありません。――雪代史さん、先生と一緒に来なさい」
「……えっ」
「えっ！？」

　雪代さんと俺の声が重なり合う。

「あなたにはいじめについて、色々質問させてもらいますよ」
「そ、そんな……私、いじめなんてしていません……」
「その話は生徒指導室で、学年主任の先生と一緒に聞かせてもらいます」
「……っ」

　担任は、戸惑っている雪代さんの背中に手を添え、席を立たせた。
　雪代さんが泣きそうな顔で俺を振り返る。
　その目を見ればわかる。
　彼女はいじめなんてしていない。

「ちょっと待ってください。何かの間違いじゃ――」

　たまらずに声を上げると、最後まで話す前に担任に遮られた。

「話は雪代さん本人から聞きます」
「……っ」

　いじめを告発する手紙に彼女の名前が書かれていたとしても、明らかに濡れ衣だ。
　でもいったい、なんでこんなことになったのか。

　担任のせいで言葉も交わせないまま、雪代さんは生徒指導室に連れていかれてしまった。

　◇◇◇

　――結局、雪代さんは二限の途中まで戻って来ず、休み時間の間は彼女の噂話でもちきりとなった。

「ねえ、雪代さんと大道寺さんって仲良かった？」
「一緒にいるのみたことないよね」
「雪代さんっていつもマイペースに本を読んでたし、大道寺さんはなんていうかそのぉ、オタク系の子たちとアニメの話ばっかしてたでしょ？　絡みなさそうだけどなー」
「でも学校に届いた手紙には、雪代さんが苛めてたって書いてあったんじゃない？」

　そんな会話が聞こえてくる。

「――なあ、一ノ瀬。おまえ、どう思う？」

　蓮池に問いかけられ、俺はため息を吐いた。

「色々変だよね。学校でいじめがあった場合、担任が把握してなかったとしても、クラスメイトは気づくものだよ」

　露骨ないじめ方を人前でしなかったとしても、そういうのはちょっとした空気で伝わってくる。

「たしかに今回はみんな寝耳に水って感じだもんな」
「それに俺は、雪代さんがいじめをするような子だとは思えない」
「うん。俺も同感だ」
「――となると、学校に届いた手紙が疑わしくない？」

　目を見開いた蓮池がまじまじと俺を見返してくる。

「手紙を出した人間が嘘をついてるっていうのか？　でも、いったいなんのために……」
「それは……」

　俺が口を開こうとしたとき、教室内が突然静かになった。
　みんなが一様に入口の方を見ている。
　俺も視線を向けると、そこには目を赤くさせた雪代さんの姿があった。

　彼女は気まずそうに俯いて、自分の席までやってきた。
　居心地が悪そうに縮こまっている姿は見ていられない。

　何か声をかけたい。
　そう思ったのに、タイミング悪く始業のチャイムが鳴ってしまった。

　クラスメイト達も雪代さんのことを気にしつつ、それぞれの席に戻っていく。
　ただ次の授業の教師はまだ教室に現れていないので、みんな席が近い連中とひそひそ声で噂話をし続けた。

　雪代さんは机の上で両手を握り締めていたけれど、不意にペンを持ってノートの切れ端に何かを書きはじめた。
　その紙が俺の机の上にすっと差し出される。

『私は大道寺さんをいじめたりしていません。一ノ瀬くん、信じて』

　白い紙に小さな女の子らしい文字でそう記されていた。

「安心して。疑ってないよ」

　雪代さんにだけ聞こえる声でそう伝えた途端、彼女の大きな瞳に透明な涙が溢れた。

　その涙を見た瞬間思った。
　この事件の真相を俺が解き明かしてやると。
　そしてもし手紙を出した人間に何らかの悪意があったのなら、彼女が流した涙の分、必ず報いを受けさせてやろうとも――。

　まあ、状況から考えて、悪意ある人間が糸を引いているのはほぼ確定しているだろうけれど。

　どこのだれか知らないが、待っていろよ黒幕。
************************************************
私が読みたい幼馴染ざまぁを書いてみました
需要があったら毎日更新にしますね！

「需要あるよ」「読んでやってもいいよ」と思ってくださったら、
スクロールバーを下げていった先にある広告下の☆で、
『★５』をつけて応援してくれるとうれしいです黒幕、捕まえた

　放課後。
　俺と雪代さんと蓮池は、校舎の裏にある花壇の前に集まって、今回の一件について話し合った。
　ここなら通りかかる生徒もいないし、クラスメイトの目を気にする必要もない。

　実をいうと、帰りのホームルームでさらに困惑するような出来事があり、クラスメイトたちも最早、味方と言い切れる状況ではなくなってしまったのだ。

　ホームルームで、担任は一枚のプリントを配りながら言った。

「先ほど雪代さんとお話させてもらいましたが、雪代さんは苛めをしていないと言っています。でも、それで終わらせるわけにはいきません。学校には雪代さんがいじめをしたという手紙が届いているわけですからね。ということで、先生はみんなから力を借りたいと思います。今配った用紙を見てください。そこには今回のいじめに関するいくつかの質問と、自由欄が印刷されていますね。さあ、そこにみなさんが知っていることを書き込んでください。朝のホームルームでも言ったとおり、今回の事件が解決しなければ、林間学校は中止です。そのことを踏まえたうえで、他人事だとは思わず、しっかり協力してくださいね」

　そんな言い方をすれば、雪代さんがいじめを認めなかったから、林間学校が中止になりそうだというふうに聞こえかねない。
　現に「なんで関係ない私たちが巻き込まれるの」という非難の言葉が囁かれたりもした。

　担任の行動によって、どんどん状況が悪化しているようにしか思えなかった。
　残念だけど、この担任はまったく頼りにならないな……。

　今回の件は、自分たちだけの力で解決させるしかなさそうだ。
　まずその意見を伝えると、蓮池も同感だと頷いてくれた。

「いじめに無頓着な教師もどうかと思うけど、でもあの担任みたいなパターンも問題だな。あいつがしてることって、間接的な雪代さんいじめだよ」

　蓮池の言うとおりだ。

「ごめんね、ふたりとも。こんなことに巻き込んじゃって……」
「雪代さんは何も悪くないよ。わかっていることから情報を辿っていけば、誤解や濡れ衣も必ず晴らせるから、安心して」
「うん、ありがとう……」

　まだ元気はないけれど、雪代さんは少しだけ微笑んでくれた。
　一刻も早く彼女を心から安心させてあげたい。

「それじゃあまず、手紙について担任が言っていたことを教えて欲しいんだ。差出人は誰だかわかる？」
「うん……。大道寺さん本人だって……。しかも二通目の手紙は、家庭訪問をした時に直接手渡されたらしいの」
「なるほどな。被害者本人が雪代さんの名前を出してるせいで、分が悪くなっちゃったんだろうな」

　顎をさすりながら蓮池が呟く。

　でも第三者の告発じゃないなら、思っていたより簡単に解決させられるかもしれない。
　雪代さんがいじめの加害者にされてしまったのは、大道寺絵里花の誤解か、もしくは雪代さんの思い当たらない理由で、大道寺絵里花が雪代さんにいじめられていると思う何かがあったか。
　どちらにせよ、大道寺絵里花から話を聞けばいいだけだ。

「今から大道寺絵里花の家に行ってみようか。住所ならクラス名簿に載っているし」

　俺がそう提案すると、緊張したお面持ちで雪代さんが頷いた。

「あのね……私は大道寺さんをいじめてないって言ったけれど、ちょっと不安になってきたの。もしかしたら私が知らないうちに、彼女を傷つけてしまったのかもしれないって……。話したこと一度もないけど……。それでも可能性はゼロじゃないし……。だから、私が何かしちゃったなら、直接謝りたいって思ってたの……」

　話したことが一度もないのに、いじめられたと相手が訴えるような事態になるだろうか？
　ただ、今はまだ雪代さんの優しい言葉を否定してあげられるだけの情報がそろっていない。

　とにかく、大道寺絵里花に会わなければ――。

　そう思って、大道寺の家を尋ねたのだけれど、なんと俺たちは門前払いを食らってしまった。
　しかもインターホンで対応したのは、大道寺本人だった。

『帰って下さい。いじめてないって言ってることは先生から聞きました。でも私は毎日あなたに言葉の暴力を振るわれてましたから』
「え……」
『さっさと認めて、クラスメイト全員の前で謝って下さい。それ以外では許す気ないんで』

　威圧的な口調で吐き捨てるようにそう言うと、大道寺はインターホンを切ってしまった。

　茫然としている雪代さんの後ろで、俺と蓮池は顔を見合わせた。
　明らかにおかしい。

　なんでクラスメイト全員の前での謝まることを要求したりするんだ？
　そこに大道寺自身はいないのに。
　雪代さんは一体だれに対して謝罪すればいいんだ。

　いったい大道寺は何がしたいんだ……？

　不信感を募らせながら考え込んでいると、なぜか急にぞくりとした寒気を覚えた。
　これはカラオケボックスの前でも感じたあの感覚だ。
　急いで背後を振り返ると、路地の曲がり角にサッと消える影が見えた。

　視界に映ったのは一瞬だけだったが、あのシルエットは間違いない。

「ごめん、ちょっと待ってて！」

　俺は二人にそう言い残し、勢いよく走りだした。
　路地を曲がると走り去ろうしている後ろ姿が見えた。

　どんどん距離を詰め、ついにその腕を掴む。

「……っ」

　強引に引き留められた相手はハッと短く息を吸って、こちらを振り返った。
　心の底から人を見下した笑顔は相変わらず。
　そう、俺の目の前で息を切らしているのは花火だ。

「花火、ここで何してた？」
「それ応える義務ありますかぁ、先輩？」

　数秒前、花火の後姿を見た瞬間に浮かんだ閃きが確信に変わっていく。
　大道寺のいじめ問題、どうやら花火が絡んでいるようだ。

　そうでなければ、こんなところで偶然出くわすわけがないし、何より面白がっているような花火の態度が顕著に語っている。

「そんなことより、どうしちゃったんですか。必死に追いかけてくるなんて。他人になるなんて言っといて、私のいない生活の寂しさに、もう耐えられなくなっちゃったんですかぁ？　先輩ったら仕方のない人ですねえ。でも、私はとぉっても優しいので、謝ってすがってきたら許してあげなくてもな――」
「あ、それはいいや」
「ふえっ……」
「用件だけ聞くよ。――うちのクラスで今、いじめ騒動が起きてるんだけど、花火、関わってるんだよね？」

　花火の目を真っ直ぐ見たまま問いかけたら、彼女の口元がヒクッと歪んだ。

「な、ななななんのことです？　あははー」

　逃げるように逸らされる視線。
　それだけでも答えになっている。

　俺の予想どおり、やはり花火が裏で糸を引いていたようだ。
　さて、どうしてくれようか？
************************************************
私が読みたい幼馴染ざまぁを書いてみました
需要があったら毎日更新にしますね！

「需要あるよ」「読んでやってもいいよ」と思ってくださったら、
スクロールバーを下げていった先にある広告下の☆で、
『★５』をつけて応援してくれるとうれしいですレビューありがとうございます！
雪代さん好きだと言って下さってうれしいです～！
********************************************
追い詰めて白状させる

　花火が諦め悪く逃げようとしたので、俺は彼女を道路沿いの空地のフェンスまで追い詰めた。
　そこに両手をかけて、逃げ場を奪う。

「せ、んぱい……っ」

　なんで頬を赤くしてるんだ？
　さっき走ったからか？

　まあ、そんなことどうでもいい。

　とりあえず、まずは――。

「その『嘘をつけなくて、思ってることが簡単にバレちゃう』みたいな演技やめなよ」

　花火は子供のころから、平然と嘘をついて周りの大人たちを騙してきた。
　愛想のいい優等生のふりだってそうだ。
　それを隣でずっと見てきた俺が、あっさり騙されるわけがない。

　ため息交じりで指摘すると、花火はぱちくりと瞬きをしたあと、可笑しそうに笑いだした。
　密かに花火がコンプレックスにしている八重歯が覗く。
　花火がここまで大口を開けて笑うのは、俺の前でだけだった。

「あーはは。さっすが幼馴染だけありますね。私のことをそこまで理解できるのは、先輩だけです」

　わかりやすすぎるヒントを出しておいて、さすがも何もない。

「もともと誤魔化す気なんてなかったんだろ？」
「まあ、影から見てるのがバレるとは思ってませんでしたけど。見つかっちゃった以上、言い訳しても無駄じゃないですかぁ」
「それで一体何をしたんだ？　大道寺さんにいじめられるって嘘を言うように命じたの？」
「命令？　まさかぁ。私は彼女の悩み相談に乗ってあげただけですよぉ。クラスメイト達の押しつけがましい団結感とか、陽キャな雰囲気がイラつくっておっしゃってたんで、それぐちゃぐちゃにする方法ありますよぉって助言してあげたんです、ふふ」

　カラオケボックスでクラスメイト達の悪口を言っていた大道寺絵里花の言動を思い出す。

「すごい効果でしたよねえ？　林間学校まで潰れそうなんて笑えます。大道寺さんも大満足みたいですよ」
「花火と大道寺絵里花って知り合いだったのか？」
「いいえ。先輩のクラスを崩壊させてくれる生徒を探していたら、ちょうどいいのが釣れただけです」

　大道寺絵里花が抱える心の闇を、花火が利用したということか。
　平然とした顔で言い放った花火にげんなりする。
　サイコパスな言動にいちいち動じていたら、それこそ花火の思うつぼだ。

「私がどうしてそんなことをしたかわかりますかぁ？」

　なんとなく予想はつく。
　俺はげんなりしながら、眉間に皺を寄せた。

「私、馬鹿にされたこと、絶対に忘れないって言いましたよね。まずは手はじめに、先輩がクラスの退屈な奴らと群れたり、隣の席の地味な眼鏡女と親しくするのを全部台無しにしてあげようと思ったんですよぉ」

　まあ、そんなことだろうと思った。
　となると、あのカラオケ店の前で感じた視線も花火だったのか。

　にしても粘着質な嫌がらせの仕方が、いかにも花火らしい。

　花火が裏で手を引いていたというのなら、今回の騒動は俺のせいで起きたともいえる。
　とはいえ、花火とこれ以上話していたって状況が変わるわけじゃない。
　花火が今回のことを教師の前で証言するなんて期待するだけ無駄だし、それなら大道寺絵里花を説得したほうがまだ可能性がある。
　そもそも事件を起こした主犯はあくまで大道寺絵里花なのだから。

　俺がフェンスから手を放して身を引くと、花火は不満そうな顔になった。

「え、もういっちゃうんですか？　せっかくだし、一緒に帰りましょうよぉ。先輩だって私と話したかったんですよねえ。もう、素直じゃないんですからぁ」
「勘違いしないで。俺が追いかけてまで話しかけたのは、花火と喋りたかったからじゃない。クラスの問題を解決したかったからだけだ」
「……私にやり返したいって思わないんですか？」

　少し花火の視線が揺れている。
　内心ではかなり慌てているのだ。

　花火がかまわれたくて今回の事件を起こしたことはわかっている。
　身勝手な理由で雪代さんを傷つけたことは許せない。
　でも、だからといって、責めたり糾弾しても花火を喜ばせるだけだ。
　だったら、どういう対応をするのが一番効果的か。

「もう花火に用はない」

　俺が冷ややかなまなざしを向けると、花火が怯んで後ずさった。

「せ、せんぱい……」
「はやく花火も新しい友達を作りなよ。俺みたいにね」
「……っ。わ、私、絶対に先輩のこと過去にしてなんてあげませんからっ」

　花火の瞳に透明な雫が浮かび上がる。
　雪代さんの流した涙と違って、それが俺の心を揺れ動かすことは一切ない。
　どうせ嘘泣きに決まってるのだから。
************************************************
私が読みたい幼馴染ざまぁを書いてみました
需要があったら毎日更新にしますね！

「需要あるよ」「読んでやってもいいよ」と思ってくださったら、
スクロールバーを下げていった先にある広告下の☆で、
『★５』をつけて応援してくれるとうれしいです雪代さんを守るために反撃を開始する

　花火との話を終わらせて雪代さんと蓮池のもとに帰った俺は、すべての元凶が自分にあったと打ち明け、心からの謝罪をした。

「ある人とちょっと前に揉めて縁を切ったんだけど、その時の報復で俺の周りの人を苦しめようとしたみたいなんだ。本当にごめん……」
「一ノ瀬くん、顔を上げて……！　一ノ瀬くん全然悪くないよ……！」
「その揉めた相手を今追いかけていったのか？」
「うん。俺たちの様子を見てたみたいだ。その相手が大道寺絵里花を唆して、嘘をつかせたことも聞いてきた。大道寺絵里花のことは俺がなんとかするから、あと一日だけ時間をもらえるかな」
「一ノ瀬、何をするつもりなんだ？　俺も協力をーー」
「いや、俺一人に任せて」

　花火と話しているときに、この件をどう解決するか頭の片隅で考えていた。
　使えそうな案は浮かんだものの、場合によっては汚い手を取ることにもなりそうだ。
　そんなことにこの二人を巻き込むわけにはいかない。
　これは俺の蒔いた種なのだから、俺が責任を持って刈り取るしかない。

「雪代さん、ごめんね。不安だと思うけれど、必ずなんとかするから」
「ありがとう。でも私は平気だよ。それより揉めた人のことは大丈夫……？」

　自分と花火の間にあったモラハラのことを具体的に話してもいいものなのか、この場では答えが出せなかった。

　その話をしたら、被害者面をしている感じになってしまうのではないだろうか？
　おそらく雪代さんは俺に同情して、また「一ノ瀬くんは何も悪くないよ」と言ってくれるだろう。
　巻き込んでしまった俺としては、そんな状況はできるだけ避けたい。

　……でも、雪代さんには知る権利があるよな。
　花火のせいでひどい目にあったのだから。

　今回のことが解決したら、雪代さんと蓮池には改めて花火との間にあったことを話そう。
　俺は心のうちで密かにそう決意した。

　◇◇◇

　翌日の放課後。

　昇降口の脇でできるだけ気配を消して待っていると、しばらくして目当ての人物が姿を見せた。
　運良く相手も一人きりだ。

　壁にもたれていた俺はすっと体を起こし、その人物のもとへと向かった。
　気配に気づいて顔を上げた相手がハッと息を呑む。

「阿川さん」

　これまで知らなかった名前を呼びかける。

「ちょっと大道寺さんのことで聞きたいことがあるんだけれど」

　俺がそう言うと途端に彼女の顔に警戒の色が宿った。
　目つきが鋭くなり、あのカラオケで見せていたような表情になる。
　そう、彼女はカラオケで陰口に興じていたもう一人のほうだ。
　名前は阿川未来。

　俺は阿川未来経由で、大道寺絵里花のSNSのアカウントを調達しようと思っている。

「大道寺さんてSNSやってるよね？　連絡が取りたいから、アカウントを教えてもらえないかな？」
「えっ。む、無理ですよ。そんなのルール違反だし。絵里花に怒られるの私なんですよ？」
「ルール違反なのはわかってるよ。でも、大道寺さんとはなんとしても連絡を取らなきゃいけないんだ。もちろん誰から聞いたかは言わないって約束する」
「でも……」
「それとも阿川さんが証言してくれる？　大道寺さんのそばにいた阿川さんなら、彼女が雪代さんにいじめられてたって話が嘘だってわかってたんじゃない？」
「そ、それは……」
「雪代さんは今回の件ですごく傷ついてる。だから手を貸して欲しいんだ」

　俺が頭を下げると、阿川未来はじりっと後退した。

「悪いけど無理です。雪代さんが困ってるからなんなんですか？　私は別に雪代さんの友達じゃないし。無関係な人がどうなろうが興味ないっていうか……。そもそも絵里花が起こした問題だって、私は巻き込まれる筋合いないんで」
「大道寺さんと友達じゃないの？」
「友達っていうかオタク仲間？　でも、微妙に解釈違いなとこあるから、そこまで庇えないし」

　本当に迷惑そうな顔で阿川未来が言い放つ。
　呆れすぎて、正直ちょっと笑ってしまった。
　花火とは違う意味で、阿川未来も人としてどうかしていないか？

　まあ、おかげで遠慮せず次の手に出れるようになった。
　本当はこの手段を取らないで済むのなら、それにこしたことなかったんだけどね……。

「ただ頼んだだけで協力してもらえないことはわかった。だったら交換条件を出すよ。体育祭の後のカラオケで、大道寺と二人になったの覚えてる？　トイレの前の廊下で」
「え」

　宙を見上げた阿川未来が、不意に表情を強張らせた。
　その時のことを思い出したのだろう。

「な、なんでそれを知って……」
「たまたま居合わせたんだ。それで二人がクラスメイトの悪口を名指しでしてるのを聞いた。もし俺がそのことをみんなに話したらどうなると思う？」
「……！」

　鬱陶しそうにしていた阿川の表情が、みるみるうちに変わっていく。

「あんたたちが悪口を言ってた相手は、うちのクラスの主要メンバーだ。そんな相手と対立したら、これから一年相当しんどいことになるよね」

　悪口を言われてた側がどんな態度に出るかはわからない。
　ただ、たとえいじめに発展しなくても、無視されたりする可能性は高い。
　自分を悪く言っていた相手と仲良くお付き合いしていく義理なんてないんだから、それも仕方ない話だ。

「しょ、証拠はあるんですか……！」
「そんなものないよ」
「私は否定するんで、誰も信じないですよ」
「本気でそう思う？」
「どういう意味ですか」
「雪代さんはいじめなんかしてなかった。本人も否定した。でもクラスの雰囲気はどうだろう？　みんななんとなく疑心暗鬼になって、雪代さんに疑いの眼差しを向けているよね」
「……っ」
「こういう噂は一度たったら収拾がつかないんだよ。真実がどこにあるかなんてみんな気にしていないし。相当インパクトのある逆転劇でも起こらない限り、噂の当事者が泣きを見るだけだ」

　それに今もう泣きそうな顔になっている阿川未来が、縋るように俺を見上げてくる。

「SNSのアカウント教えたら、私のことだけは黙っててくれます？　絵里花が悪口を言ってたって暴露するのはいいけど、私は絶対に巻き込まれたくない……！」

　俺はうんざりした気持ちを隠して笑みを返した。

　◇◇◇

　その夜。
　計画の第二段階に取り掛かった。

　ちなみに今は、阿川未来から手に入れたアカウントのメモを手に、自室のベッドの上にあぐらをかいて座っている。
　右手にはスマホ。

　花火が大道寺とSNSでも繋がっているかはわからない。
　ただ、もし繋がっていた場合、連絡を取るのに使っているアプリは百パーセント、ＬＩＮＥだ。
　なぜなら、花火はＬＩＮＥ以外のアプリは全て鍵垢にするタイプで、俺以外の人間にアカウントを教えることは絶対ないからだ。

　それも当然だろう。
　歪んだ本音を好き放題吐き散らかしてる裏垢なんて、本性を知っている俺以外に見せられるわけがない。
　その点を利用しようと思う。

　話は単純。
　とにかくＬＩＮＥ以外の手段で、大道寺絵里花に連絡を取ればいいのだ。
　そうすれば、すでにアカウントを交換していたなんていう間抜けな理由で、俺が花火の偽物だとバレたりはしない。

　花火の全てを把握させられていたおかげというのが、正直微妙ではあるけれど……。

　でもそのおかげで、今回こちらはかなり行動しやすくなったわけだしね。

「さてと、そうと決まれば」

　俺は自分のスマホにSkypeのアプリをダウンロードし、新規で花火名義のアカウントを取得した。
　それから阿川未来にもらった紙を取り出し、大道寺絵里花のアカウント宛にフォロー申請を送ってみた。

　メッセージを送り様子を見ていると、五分もしないうちにスマホが鳴った。

　えりかち@リバ地雷死ねや : こんばんは！！！
　フォローありがとうございます！╰(*´︶`*)╯♡
　こちらでもよろしく！
　あ！てか今日、雪代史たちが家に来たんですよ
　wwww

　よし。
　獲物がかかった。
************************************************
私が読みたい幼馴染ざまぁを書いてみました
需要があったら毎日更新にしますね！

「需要あるよ」「読んでやってもいいよ」と思ってくださったら、
スクロールバーを下げていった先にある広告下の☆で、
『★５』をつけて応援してくれるとうれしいです手札はそろった

　今のところ大道寺絵里花が疑っている様子は見られない。
　アカウントも、ラインで花火が使ってる『flower_sou_honey』というものをそのまま用いたし、発言にさえ注意を払えばバレることはないはずだ。

　俺はさっそく花火のふりをしてメッセージを送りはじめた。
　花火の言葉の選び方、思考回路、顔文字を使うのが嫌いなこと、全部うんざりするぐらい頭に焼き付いているから、花火になりきるのは笑っちゃうくらい容易かった。

　hanasou : 登録どうもです

　hanasou : 家に来たって件ですけど、そのことについて話があって連絡しました

　えりかち@リバ地雷死ねや : 話？　なになに？o(^▽^)o

　hanasou : 雪代先輩が来た時、他にも連れがいませんでした？

　えりかち@リバ地雷死ねや : ！　そう！　あの女、男子二人連れてきたんですよ！　ありえなくないですか！？

　えりかち@リバ地雷死ねや : 何いきものがかりやってんだよっていう(΄◉◞౪◟◉｀)

　えりかち@リバ地雷死ねや : あれ？　でもなんでそのこと知ってたんですか？？Σ(-`Д´-；)

　hanasou : 一緒にいた一ノ瀬先輩が幼馴染なんです

　えりかち@リバ地雷死ねや : え！？

　hanasou : それで大道寺さんの家で門前払いにされた後、うちに相談しにきたんですよ

　えりかち@リバ地雷死ねや : えええええΣ(￣。￣ノ)ノ

　hanasou : だから「思い当たる点がなくても無自覚で傷つけたんじゃないですか？　とりあえず謝ったほうがいいと思いますよ」って言ったんです

　えりかち@リバ地雷死ねや : ∑(゜Д゜il!) ハゥッ!!

　hanasou : そしたら明日みんなの前で謝るって

　えりかち@リバ地雷死ねや : キタ━━ヾ(*・∀・)ツ━━YO!!!
　やってもいないいじめについて謝るなんて、雪代のやつよっぽどメンタルやられてるんですねwwwww

　えりかち@リバ地雷死ねや : だいたいいつも一人で本読んでるような根暗女に私がいじめられるわけないだろっていうww
　おまえこそいじめられるタイプだよww

　えりかち@リバ地雷死ねや : それ謝ったからって許されないんですけどね∴ゞ(´ε｀。) ブ!!

　えりかち@リバ地雷死ねや : 謝罪させたあとの展開も今から楽しみすぎますヽ(。ゝω・)ノ★

　hanasou : そのあとどうするかちゃんと覚えてます？

　えりかち@リバ地雷死ねや : リスカ写真を送りつけて、林間学校を中止にしないと教育委員会に虐めのことを訴えるって脅すんですよね！

　えりかち@リバ地雷死ねや : ほんと名案すぎません！？

　大道寺絵里花が具体的に教えてくれた計画を見た途端、俺は頭を抱えたくなった。
　自分たちの都合で多くの人間を巻き込もうとしているうえ、悪びれることなく嬉々として語るなんてどうかしている。
　これ以上、大道寺絵里花と話したくは無いし、さっさと本題に入ろう。

　えりかち@リバ地雷死ねや : 林間学校が潰れるとか最高です((o(^∇^)o))
　どうせ派手系グループのやつらが仕切りまくるんだろうし゜з゜）、ペッ
　それをみなくて済むだけでやる価値ありますよ

　えりかち@リバ地雷死ねや : あとリスカはお手の物なんで！^_−☆

　hanasou : とりあえず明日謝るってことなんで、登校してくれます？

　えりかち@リバ地雷死ねや : え？　私は行かないはずじゃなかったです？

　hanasou : でも謝るとこみたくありません？　絶対おもしろいですよ

　えりかち@リバ地雷死ねや : たしかに！！

　hanasou : あと、あなたがその場にいて、「許せない」って泣いてくれたほうが、後の展開もスムーズに運ぶと思うんですよ

　えりかち@リバ地雷死ねや : なるほど！じゃあ私、明日登校しますね☆〜（ゝ。∂）

　hanasou : 一応担任にも謝罪されることになったから、登校するって連絡しといてください

　えりかち@リバ地雷死ねや : 了解です〜！( ˙³˙)

　◇◇◇

　翌朝。
　教室に向かった俺は、すでに登校していた雪代さんに声をかけた。

「ごめん、ちょっとだけいいかな」

　文庫本を読んでいた手を止めて、雪代さんがこくりと頷く。
　周囲の生徒たちが聞き耳を立てているのは気配でわかったので、雪代さんを連れてベランダに出る。

「ーー実は今日、大道寺絵里花が登校してくることになったんだ」
「……！　一ノ瀬くんが説得してくれたの？」
「説得というか……」

　炙り出したというほうが正しいだろう。

「でも、これで全部終わらせられると思う」

　そう伝えた瞬間、雪代さんはホッとしたように肩の力を抜いた。
　いつも通りに振舞っているように見えても、きっと本当はすごく気を張っていたのだ。
　俺は申し訳ない気持ちでいっぱいになりながら、強引な方法でも解決させる道を選んで良かったと思った。

　絶対に今日のホームルームで全てを終わらせよう。

「大道寺絵里花にはみんなの前で今回のことが嘘だったと認めてもらうつもりなんだ。ただ、そこに至る途中で、もしかしたら大道寺絵里花が雪代さんにひどいことを言う可能性があって……」

　また雪代さんを傷つけてしまうかもしれない。
　それが何より心配だったのだけれど、雪代さんは安心させるように俺の腕にそっと触れてきた。

「私なら何を言われても大丈夫だから。たしかに先生に疑われたり、クラスのみんなから噂されるのは辛かったけど……。でも、一ノ瀬くんが私を信じてくれたでしょ？　それで、もう全部大丈夫になっちゃった」
「えっ」
「誰になんて思われてもいいの。一ノ瀬くんに、嫌われなければ」

　上目遣いで俺を見上げたまま、雪代さんが微かに頬を赤く染める。
　雪代さんの言葉と、この表情の意味について考える間もなく、予鈴が鳴りはじめた。

「教室戻ろ？」
「あ、うん」

　俺がベランダのドアを開けるの同時に、教室内がざわついた。
　クラスメイトたちの視線は教室の入口に向かっている。

　大道寺絵里花が登校してきたのだ。
************************************************
私が読みたい幼馴染ざまぁを書いてみました
需要があったら毎日更新にしますね！

「需要あるよ」「読んでやってもいいよ」と思ってくださったら、
スクロールバーを下げていった先にある広告下の☆で、
『★５』をつけて応援してくれるとうれしいです１話前の花火のアカウントをミスしていたので修正しました
********************************************
「君は私のヒーローだよ」

　大道寺絵里花は朝のホームルームがはじまる直前の時間を狙って、登校してきたのだろう。
　誰かが大道寺絵里花に声をかけるより先に担任もやってきてしまったので、クラスメイトたちは物言いたげな顔をしながらも自分の席についた。

　担任は出欠の確認を事務的に終わらせたあと、クラス名簿を教卓の上に置き、迷わず雪代さんのほうに視線を向けた。

「雪代さん、大道寺さんに謝る時間をもらいたいとのことですが、いじめがあったのを認めるんですね？
「え……」

　きょとんとした顔で雪代さんが声を上げると、担任は訝しげに眉を寄せた。

「あなたが朝のホームルームで、大道寺さんに謝罪したいと言ったのでしょう？」
「私は……」
「待ってください」

　突然割って入った俺に、教室中の視線が集まる。
　俺は気にせず、大道寺絵里花に話しかけた。

「大道寺さん、最後にもう一度聞くけど、雪代さんにいじめられていたってのは嘘だったと認めるつもりは本当にない？」
「なっ……！」

　雪代さんに謝罪させられると思い込み、面白がるような顔をしていた大道寺絵里花が顔色を変える。

「何言ってるんですか！？　これから雪代さん本人が謝罪することになってるのに！」

　口元を歪めて大道寺絵里花が叫ぶ。
　大道寺絵里花にとってはこの段階で嘘を認めてしまった方が絶対にいいはずだけれど、本人にその気がないのなら仕方ない。

「わかった。それならあんたが嘘ついてるって証拠をみんなに見せるよ」
「は……？」

　席から立ち上がった俺は、昨日のskypeのスクショを印刷したものをクラスメイトに配って回った。
　もちろん、大道寺絵里花本人にも。

　コピー用紙を受けとった瞬間、大道寺絵里花の目が驚愕のあまり見開かれた。

「あっ……あああっ……」

　カエルを潰したような声で喘ぐ大道寺絵里花の周りで、少し遅れてクラスメイトたちが騒ぎはじめる。

「嘘、何これ……！？」
「skypeの履歴？　えりかちって大道寺さんだよね！？」
「はぁ！？　ここに書いてあるの本当のこと！？」
「大道寺さんが雪代さんからいじめられてたなんて嘘なんじゃん！！」
「ちょっと！！　これどういうこと！？」
「あ、こ、これは違……っ」

　ガタッと机の音を立てて、大道寺絵里花が思わず立ち上がる。
　しかしクラス中から視線で糾弾される彼女に逃げ道なんてなかった。

「どういうことですか、大道寺さん。ちゃんと先生にもわかるように説明して下さい！」

　これまで大道寺側にいた担任が、散々雪代さんに向けてきた責めるような眼差しを大道寺絵里花に向ける。
　大道寺は動揺しまくって、大量の汗を流しながら怒鳴り返した。

「違います！！　これ私じゃありません！　えりかって名前が一緒だからぐらいで私だって言い張るんですか！？」
「それならもう一枚配るよ」
「へっ！？」

　俺が追加でばらまいた紙には、えりかちを名乗る人物のアカウントと拡大されたアイコンが載せられている。

「daidouji_erika_0228って、本名と自分の顔写真をSNSにそのまま載せるのはまずかったんじゃないかな」
「……っ！！　こ、これでまだちゃんとした証拠には……」
「その辺の言い訳は先生にしてくれ。まあ、少なくともなんの証拠もないいじめの訴えよりはよっぽど信憑性があるし、アカウントが大道寺さん本人のものかなんてことは、その気になればいくらでも調べられるよ」
「……っ」
「先生。証拠もこのとおり見せましたし、雪代さんはいじめなんてしてなかったってことでいいですよね？」
「あ……」

　雪代さんが否定した時に聞く耳を持たず、林間学校の中止をチラつかせて彼女を孤立させた担任は、血の気の失せた顔で後退った。

「あ、あの先生は別に雪代さんが犯人と決めつけてたわけじゃなくて、そ、そう！　雪代さんの疑いを晴らすために良かれと思っていたのよ……」

　静まり返った教室内の雰囲気に追い詰められたかのように、担任がさらに半歩後ろに下がる。
　誰も彼女を擁護するものはいない。

「そ、そんな目で見ないで……！　先生はあのとき最善の判断をしたんです！」

　俺がチラッと雪代さんを見ると、彼女はもういいという感じで俺に向かって首を横に振った。

　結局担任は最後まで自分の非を認めなかったけれど、生徒たちからの信頼を完全に失ったという事実は、今後の学校生活に相当マイナスな影響を及ぼすだろう。

「最後に一つ確認したいんですが」
「な、なにかしら」

　怯えた目で引きつるように笑う担任に問いかける。

「林間学校は予定どおり行われますか？」
「も、もちろん！　ちゃんと先生から、今回の顛末と一緒に、林間学校は問題なく行えることを学年主任や校長にお話ししておきます！　じゃ、じゃあ早速報告してきますね……！　大道寺さんは一緒にいらっしゃい！！」

　担任が大道寺を連れて逃げるように教室を出て行った瞬間、教室内には大歓声が巻き起こった。

「やったー！　林間学校決行だー！」
「これでやっと重苦しい感じがなくなるね！」
「それもこれも大道寺の嘘を暴いてくれた一ノ瀬のおかげだな！」
「ほんと！　一ノ瀬ありがとう！！　これでみんな林間学校に参加できるよー！」

　それまでの張り詰めていた空気が一色され、このクラスらしいお祭り騒ぎになる。
　やっとクラスが元に戻った。

「ていうか大道寺さんあのskypeの内容は、最悪じゃない……？」
「あんなこと思って林間学校潰そうとしてたなんてタチ悪すぎでしょ……」
「でも、それより雪代さん、ごめんね。いじめてるところなんて見たことないのに、ちゃんと庇ってあげなくて……」
「私もごめん。林間学校が中止かもって言われたのを雪代さんのせいみたいに思っちゃって……。最低だったよ……」

　みんなが口々に謝罪の言葉を口にすると、雪代さんは驚いたように目を丸くした。

　よかった……。
　これで雪代さんが居心地の悪い思いをすることはもうなくなるだろう。

　そう思いながら雪代さんを振り返ると、目があった雪代さんがパタパタと傍までやってきた。

「一ノ瀬くん、ありがとう。君は私のヒーローだよ」

　微かに頬を染めている雪代さんはそう言うと、髪をサラッと揺らして特別な笑顔を見せてくれた。
************************************************
私が読みたい幼馴染ざまぁを書いてみました
需要があったら頑張って更新にしますね！

「需要あるよ」「読んでやってもいいよ」と思ってくださったら、
スクロールバーを下げていった先にある広告下の☆で、
『★５』をつけて応援してくれるとうれしいです告白

　大道寺絵里花は親まで呼び出されて、こっ酷くしぼられたらしいが、それでもSkypeでやりとりしていた相手の名前は上げなかったという。
　今回の件を唆した相手がいるからって大道寺絵里花の罪が軽くなるわけではないけど、彼女が共犯者を庇うタイプには思えなかったので、担任経由でその話を聞いて少し驚いた。

　大道寺絵里花は花火に何か弱みでも握られていて、名前を出せないのだろうか？
　うん、大いにありえる。

　花火は先の先まで考えて行動するタイプだし、自分が不利になるような展開を避ける術を幼少期から身につけている。

　大道寺絵里花の嘘がバレたときのことだって想定してあっただろうし、それを見越して、先手を打つぐらい絶対にするはずだ。

　担任は、大道寺絵里花が共犯者を吐きそうにないので、今度は俺を呼び出して大道寺絵里花がやりとりしていた相手を教えて欲しいと言ってきた。

　もちろんそれは丁重にお断りした。

　俺が仕組んだ罠や、大道寺絵里花の裏にいた花火の存在について明かせば、確実にややこしいことになる。

　罠に嵌めた事実を知れば、この担任のことだから、大道寺絵里花のついた嘘まで疑いかねないと思うし。

　正直この人は教師としても、大人としても信用ならないし、今回の一件で花火がしたことへの対処を任せる気にはなれなかったのだ。

　まあ、最悪、学校側が本気で調べれば今回のskypeをしていた相手が俺だったことくらいはバレかねないけど、そこから花火にまで辿り着く道に繋がっていない。

　そもそも、花火をどうするべきか決める権利を持つのは、担任でも、俺でもなくて、本当の被害者である雪代さんだろう。

　そう考えていた俺は、その日の放課後、雪代さんに話したいことがあると声をかけた。

　彼女は少し目を見開いてから、こくりと頷いた。
　多分、俺の様子から、何か深刻な話なのだとは勘付いたのだと思う。

　クラスメイトたちからいじめ事件が解決した記念にみんなで遊びに行かないかと誘われたけれど、今回は断り、雪代さんと学校の近くにある公園に向かった。

　遊具が申し訳程度に設置された夕暮れの公園には、雪代さんと俺以外誰もいない。
　滑り台の向かいに木のベンチが二つあるけれど、そこに並んで座るのはなんとなく恥ずかしかった。

　雪代さんはブランコに近づいていくと、「懐かしいな」と言って腰を下ろした。

　もしかして空気を和らげようとしてくれている？
　そう気づいて初めて、自分がどこか緊張していることに意識が向かった。

　俺はこれから花火との間にあったことを雪代さんに打ち明けようと思っている。
　責任逃れの言い訳になりそうだから、黙っておきたかったというのが本音だけど、巻き込まれた雪代さんにはちゃんと伝えるべきだ。
　それが数日悩んだ末に俺が出した答えだった。

「雪代さん、前に少し話したけど……今回の大道寺絵里花の件は、俺を恨んでる人が仕向けたことだって言ったの覚えてる？」
「うん……」
「その相手について話したいんだけど、聞いてくれるかな」
「……！　も、もちろん。でも一ノ瀬くん、話したくないんじゃ……」

　ブランコに座ったまま、雪代さんが気遣うように俺を見上げてくる。
　俺は「話しておかないとだめだと思うんだ」と返した。
　雪代さんが言葉を探して口を開きかける。
　きっと彼女は俺の気持ちを最優先してくれようと考えている。

　その優しさが俺に勇気を与えてくれた。

「すごく情けなくて、引かれそうなんだけど……」

　俺は花火との関係、モラハラを受けていたこと、そしてそれが耐えられなくなり絶縁したこと、今の花火が向けてくる歪んだ感情についてすべてを打ち明けた。

「ーーだから、本当に今回の件は俺の責任なんだ。雪代さん、ごめん。巻き込んでしまったこと、どう償えばいいか……」
「違う……！　一ノ瀬くん、なんにも悪くない……」

　髪が乱れるほど頭を振って、悲痛な声で雪代さんが叫ぶ。
　心底苦しそうな彼女の顔を見て、俺はハッとなった。
　雪代さんは目に涙をいっぱい溜めていたのだ。

「一ノ瀬くん、辛かったよね……。気づいてあげられなくてごめんなさい。私、君の何を見ていたんだろう……。もし私が勇気を出して一ノ瀬くんに話しかけてたら、一人きりで辛い想いをさせなくて済んだのに……」

　雪代さんはブランコから立ち上がると、俺の目の前まで駆け寄ってきた。

「私、一ノ瀬くんのことを助けてあげたかった……。ごめんね」

　ぽろっと一粒の涙が、彼女の頬を伝った。

「……雪代さん、どうして泣くの」

　びっくりしてそう問いかけることしかできない。
　そんな俺を濡れた瞳で見つめながら、彼女は言った。

「あなたが苦しんでたことに気づけなかったことが悔しくて……。だってね、私、一ノ瀬くんのことがずっと好きだったんだよ」
************************************************
私が読みたい幼馴染ざまぁを書いてみました
需要があったら頑張って更新にしますね！

「需要あるよ」「読んでやってもいいよ」と思ってくださったら、
スクロールバーを下げていった先にある広告下の☆で、
『★５』をつけて応援してくれるとうれしいです傍にいさせて欲しいと言われてしまった

「好きだったって……」
「最近まで一度もしゃべったことがなかったのに、いきなりそんなこと言われてもびっくりするよね」

　俺は無言で頷き返した。

「一之瀬くん、初めて話した日に私が言ったこと覚えてる？」

　雪代さんの発言で、そのときの記憶が蘇ってくる。

　それは花火と絶縁した日の翌日。
　髪を切った俺が、ここからすべてをやり直すんだと思いながら登校した朝のことだ。

　雪代さんが落とした栞を拾うというきっかけで、初めて会話を交わした俺たち。
　その時に彼女はなんて言っていた？
　そう、たしか――。

『実は私、一ノ瀬くんとずっと話してみたいと思ってたんだ』
『え？　どうして？』
『一ノ瀬くんって放課後、花瓶の水を入れ替えたり、ベランダのプランターに水を撒いたりしてたでしょ？　それで優しい人なんだなあって思ったの』

　あのとき言われた『話してみたいと思ってた』という言葉。
　その裏側に隠されていた彼女の感情。

　好きだと思ってくれていたから、話してみたかったってこと……？

　そう思い当たった瞬間、さすがに動揺した。
　だって、嘘だろ……。
　今だって別に自分の容姿を誇ってるわけじゃないけど、当時の俺は暖簾前髪の根暗男だったのに……。
　そんなやつを好きになってくれる子なんて本当にいるのか。

　そんなことを考えながら俺がまじまじと見つめると、雪代さんは恥ずかしそうに頬を赤くして、俺を睨み返してきた。

「もう、一ノ瀬くんってば。信じられないって顔しすぎだよ」
「ご、ごめん。でも本当に？　暖簾ヤローのことを好きになるなんてありえる？」
「どうして？　前髪が長いだけで、その人を好きにならない理由になるの？」
「いや、だって……。清潔感もないし、何考えてるかわからないと思うし、妖怪みたいで気持ち悪いよね」
「たしかに何を考えてるのかなって興味はいつもあったけど、でも心を覗かせてくれない君が、優しい人だってことは些細な立ち振る舞いから伝わってきてたよ。私は一ノ瀬くんのそういう行動を見るたび、『素敵な人だな』って思って、気づいたら目で追うようになって、君を見つけるだけでドキドキするようになってたの」
「……っ」
「それに……一ノ瀬くんと話せるようになってから、前よりもっと好きになっていってるんだよ」
「そ、そうなんだ……」
「……迷惑だった？」
「え！？　まさか」

　迷惑なんてことはない。
　……雪代さんはいい子だし、性格も振る舞いもかわいいなって思うし、そんな子に好かれて嫌なわけがなかった。

　だから単純に舞い上がれないのは、俺の心の問題だ。

　十年以上、花火に人格否定されてきたせいで、自分の存在を好いてくれる人がいるという事実がすんなり心に入ってこない。

　花火と離れた今、卑屈に生きるつもりなんてもちろんない。
　ただ、あいつが残していった負の遺産は、まだ俺の中から完全に消えてはいなかった。

「ごめんね。迷惑なんて思ってるわけじゃないんだ。ただ、その……花火とのことがあったから……。多分、恋愛に対する俺の感情がおかしくなってるんだと思う。雪代さんの気持ちを疑ってるわけじゃないのに、俺なんかが好かれるわけないって心のどっかで否定してる自分がいて……」
「それなら私が信じさせてあげたいな……」
「え？」
「一ノ瀬くんに伝わるまで、何度でも好きだって伝えるから。……だから、今より少しだけ一ノ瀬くんの傍にいてもいい？」
「雪代さん……」

　雪代さんが傍にいてくれたら、花火の落とした影もいつか俺の心から完全に消えてなくなるんじゃないだろうか。
　そんなふうになれたらいい。

「雪代さんさえよければ……」

　俺がそう答えると、彼女は頬を赤らめたまま「うれしい」と言って、ふわっと笑った。

　……って、突然の告白に動揺しまくって相談しなければいけないことを忘れていた。
　もちろん花火の件だ。

「雪代さん、今回のことに花火が絡んでいたってのはさっき話したとおりなんだけれど」

　構ったりすれば花火の思うつぼだから、敢えて無視をした。
　けれど、その対応でよかったのか悩んでいるのだと俺は雪代さんに相談した。

「花火が関与していることを、学校側に話すこともできる。でも、花火が具体的にしたのは、大道寺絵里花をそそのかしただけだから、多分厳重注意されるぐらいだと思うんだ。となると学校側はあんまり当てにならない」

　雪代さんは真剣に俺の話を聞いている。

「正直俺には、こないだの感じでは花火が改心するとは思えてなくて。でも、もう二度と雪代さんを傷つけさせたくないから、花火とちゃんと話し合いを重ねる必要があるんじゃないかって考えたんだ」
「待って……！　それが私のためなら、やめてほしい……。私は大丈夫だから」
「やめてって、花火と話し合うことを？」
「うん……。話し合ったり接点を持ってる間は、花火ちゃんきっと諦められないと思うから」

　俺への復讐を？
　……まあ、でも雪代さんの言うこともわかる。
　俺の存在を意識している間は、花火の中から俺への憎悪が消えることはないだろう。

　でも、花火を放置していて、いつかあいつの中で俺がどうでもいい存在になるまで待っていたら、そこまでの過程できっとまた雪代さんを巻き込んでしまう。

「雪代さんが思ってる以上に、花火ってやばいやつなんだよ。雪代さんに何をするかわからない」
「それでも平気。一ノ瀬くんがそばにいてくれれば……」

　雪代さんが寄せてくれる好意を信じられないなんて思っていたけれど、さすがに今のはドキッとなった。
　ここまで想って寄り添ってくれるなら、俺がこの子をなんとしても守らなくちゃ。
　心からそう思った。
************************************************
私が読みたい幼馴染ざまぁを書いてみました
需要があったら頑張って更新にしますね！

「需要あるよ」「読んでやってもいいよ」と思ってくださったら、
スクロールバーを下げていった先にある広告下の☆で、
『★５』をつけて応援してくれるとうれしいです俺、おまえのこと嫌いだから

　俺たちはずいぶんと話し込んでいたみたいで、気づけば西の空が真っ赤に染まっていた。
　最近かなり日が伸びたから、もういい時間のはずだ。

「そろそろ帰ろうか」

　俺がそう伝えると、雪代さんは一瞬寂しげに瞳を伏せてから、「うん」と言った。
　今の表情って……。

「ねえ、一ノ瀬くん。……もしよかったらＳＮＳのアカウント教えてほしいな」

　そんなことを言われたのは初めてだったから、驚いて雪代さんを見返す。
　花火のふりをして連絡をとった大道寺絵里花を除外すると、俺は今までどのＳＮＳでも花火以外とフレンド登録したことがなかったからだ。

　花火だってブロックしてしまったしな。
　あれ以来、俺のスマホはアラーム以外で鳴ることがない。

「一ノ瀬くん？」
「あ、ごめん。今誰ともＳＮＳで連絡とってなかったなあと思って」
「そうなの？　じゃあ、やめといたほうがいいかな……」
「いや、まさか！　なんかあったら遠慮なく連絡してください」

　なんとなく照れくさくて敬語になってしまった。
　そんな俺に向かって雪代さんがくすぐったそうに笑う。

「なにかなくても話したくなったら連絡していいですか？」
「……！　も、もちろん」
「やった！」

　雪代さんは、子供みたいなあどけない声で、心底うれしそうに声を上げた。
　そんな雪代さんを前に、思わずドキッとしてしまった。
　もともとかわいい子だとは思ってたけど、今の感情はそれまでとはどこか違った気がした。

　――その後、雪代さんを家の前まで送り届けて俺が家の近くまで戻ってくると、いつか待ち伏せされた公園の前に今日もまた花火の姿があった。
　どうやら花火は、まだしばらく俺に纏わりつくつもりでいるようだ。
　まったく、よく嫌ってる相手に対して、こんなストーカーまがいの行動を取れるよね。
　俺だったらそんなやつ、顔も見たくないけど。

　とにかく無視無視。

「――颯馬先輩、私のこと庇ってくれたんですね」

　は？

「大道寺さんと私が繋がってたことを話さずにいてくれて、ありがとうございます。私、先輩の愛情に触れてさすがに反省しました。今回のことはやりすぎだったかなって」

　俺の愛、なんだって……？

「結局、先輩は私のことが好きでしょうがないんですよね。絶縁するなんて言ったのも、私の気持ちを確かめたかったんでしょう？　あまりに身の程知らずすぎて、ついついケンカを買っちゃいましたけど、もう許してあげますよ」

　さすがに目を剥いて立ち止まってしまった。

　俺が花火を好きって、勘弁してほしい。
　何を言っているんだ。

　ていうかこれは無視していい問題じゃない。
　いくらなんでも否定しないと、花火は増長するだけだ。

「先輩、もうくだらないケンカ終わりにしましょ？　はい、仲直りのキスを――」
「あのさ、俺、おまえのこと嫌いだから」
「……え」
「庇ったんじゃなくて、これ以上関わり合うのが嫌で黙ってただけだから」
「……な、何言って……」

　おろおろして瞳を泳がせた花火が俺の腕にしがみついてこようとする。
　花火の指先が触れただけでゾッとして、俺は慌てて腕を振り払った。

「せんぱいが……わたしを……きらい……」

　振り払われた手を見下ろして、花火が独り言のように呟く。

　俺の気持ちが伝わったならもういい。
　さあ、無視無視。

　俺は花火を置き去りにして、家の中に逃げ込んだ。
　こうやって花火を振り切るのも何度目になるだろうか。

　扉を閉めて花火の姿が消えたことでホッとため息を吐く。

「まったく、俺が花火のことを好きって……」

　どうしたらそんな発想になるのか本気で信じられない。
　花火が今まで俺にしてきたことで、ただのひとつでも俺から好かれるような要素があっただろうか？
　ないない。
　あるわけがない。
　そんなものがあったなら、縁を切りたいなんて思うわけがない。

「絶縁されてるのに、その相手が自分を好きだって思えるなんて、あいつ本当にどうかしてるな……」

　まあ、面と向かって全否定したから、さすがにもう勘違いされることはないだろう。
　俺が「嫌いだ」と告げたときの花火のあの顔。
　あれは自分が拒絶されているとしっかり理解できたという表情だった。

「これなら今後はもう俺の前に現れなくなるかもしれないな」

　そういう結末を期待しながら自室に向かうと、俺のスマホがピロンっと鳴った。
************************************************
私が読みたい幼馴染ざまぁを書いてみました
需要があったら頑張って更新にしますね！

「需要あるよ」「読んでやってもいいよ」と思ってくださったら、
スクロールバーを下げていった先にある広告下の☆で、
『★５』をつけて応援してくれるとうれしいですお待たせしました……！
更新再開します
********************************************
デートのお誘い

　以前だったら着信音を聞くだけで、反射的に体が強張っていた。
　でも、もうこのスマホに花火から怒涛の圧迫メッセージが届くことはない。
　今、俺にメッセージを送ってこれる唯一の人間は、雪代さんだけだ。

　俺は自室に向かって私服に着替えてから、メッセージを開いた。

　雪代さん：一ノ瀬くん、さっきは送ってくれてありがとう
　もう家に着いたかな？

　雪代さんは一発目のメッセージからいきなり罵倒したりしない。
　これが普通で、今までがどれだけ異常だったのか改めて思い知る。
　俺が、着替えを終えたところだと返信すると、またすぐにメッセージが届いた。

　雪代さん：今日は色々話してくれてありがとう
　きっと話すの辛かったよね
　でも如月さんとのこと私に打ち明けてくれてうれしかった

　雪代さん：それから……私の告白も聞いてくれてありがとう
　本当はまだ隠しておくつもりだったんだけど
　衝動に駆られて言ってしまったのでした笑

　雪代さんのメッセージの書き方はちょっと独特な彼女の話し言葉どおりで、まるでここに雪代さんがいるみたいな感じがして、少し笑ってしまった。
　彼女とメッセージのやりとりをするのが楽しくて、気づけば俺たちはそのまま何往復もメッセージを送り合っていた。

　どちらかが一方的に言いたいことを押し付けるんじゃなくて、ちゃんとコミュニケーションになっている。
　それがこんなにわくわくするなんて、今まで知らなかった。

　雪代さん：実は私、普段はあんまりメッセージでのやりとりってしないの
　する相手もいないし
　雪代さん：あ！　今の励まされるの待ちの自虐とかじゃなくて単なる事実の話だから気にしないでね！？

　――それも含めて振りだって受け取ればいい？

　雪代さん：ちーがーいーまーす！笑

　――ごめんごめん、冗談
　――俺も同じだからわかる

　雪代さん：一ノ瀬くんはあんまりこういうの好きじゃない？

　――まあ今まではいいイメージなかったかな

　雪代さん：今は？

　――雪代さんとだと楽しいよ

　テンポよく返信がきていたのに、そこで少し彼女の応答が途絶えた。
　なんだろうと思っていると、真っ赤な顔で照れているうさぎのスタンプがピポンという音とともに送られてきた。

　雪代さん：……いきなりそういうこと言うから、心臓がいまバクバクしてるよ

　――なんで？　思ったこと伝えただけだけど

　本気で首を傾げながらそう伝えると――。

　雪代さん：だって一ノ瀬くんは私の好きな人だよ？
　好きな人から私とだと楽しいなんて、言われたらドキドキするよ
　ちょっと特別扱いしてもらえたような錯覚を覚えちゃうし
　君は意外と悪い男ですね！

　今度はうさぎがかわいく怒っているスタンプが一緒に届いた。

「……そ、そっか。俺の事好きなんだよな、この子」

　忘れてたわけじゃないけど、どうしても自覚の足りない発言をしてしまいがちだ。

　雪代さん：ところで一ノ瀬くんにお誘いがあるの

　――お誘い？

　雪代さん：うん
　今週の土曜日、もしよかったら私とデートしてくれないかな？

「デート……」

　驚きの提案をされて、思わず呟く。
　生まれて初めてデートに誘われてしまった。
　まさかこんな日が来るなんて……。

　花火の都合で、花火の行きたいところに連行されるだけの行事を花火は『デート』と呼んでいたけれど、あれが本来のデートではないことぐらい、もう俺は気づいている。
　あれは単に荷物係をさせられていただけだ。

　俺が返事をする前に、再び雪代さんがメッセージを送ってきた。

　雪代さん：一ノ瀬くんのことが好きだから、二人でお出かけしたいのですよ
　でも、ただそれだけだから安心してね

　やばい……。かわいい。
　素直にそう思った。
　正直、まだ恋をするとかそういう気持ちになれないのだけれど、そんな俺の気持ちもちゃんと慮ってくれるなんて。
　こんなふうに誘ってくれたのに断れるわけがない。

「って早く返事しないと」

　――俺でよかったら是非

　硬すぎか？
　でも他になんて言ったらいいのかわからなくてそう返すと、今度は即座に返事がきた。

　雪代さん：うれしい……！

　やっぱり雪代さん、かわいいよな……。
　素直に思ってることを伝えてくれるところも含めて。

「世の中にはこんな女の子も存在していたんだな……」

　花火のせいで、花火以外の女子のことがまったく視界に入ってこない人生を過ごしてきたけれど、こうして雪代さんと親しくなれて本当によかった。

「デートって、何か準備しとくことあるのかな」

　行く場所は男が考えるべきなのか。
　二人で相談したほうがいいのか。
　わからないことは山ほどあるけれど、俺と雪代さんはこのツールで繋がっている。

「無理に格好つけて失敗するより、相談したほうがいいか」

　格好がつかないけれど、それは仕方がない。

　――デートの仕方が全然わからないので、教えて欲しいんだけど

　雪代さん：私も初めてのデートだよ？

　わ、そうなのか。
　だったら尚更、俺の責任重大だ。

　楽しんでもらえるようがんばらないと、そう思った直後――。

　雪代さん：一ノ瀬くんに楽しんでもらえるよう、がんばるね！

　同じ時に同じことを考えていた感じが、なんだかくすぐったい。
　俺たちはこのあとさらに話が弾んでしまい、結局、二時間近くかけてデートの内容について相談しあったのだった。
************************************************
束の間の平穏な時間……

◇◇◇

私が読みたい幼馴染ざまぁを書いてみました
需要があったら頑張って更新にしますね！

「需要あるよ」「読んでやってもいいよ」と思ってくださったら、
スクロールバーを下げていった先にある広告下の☆で、
『★５』をつけて応援してくれるとうれしいです図書館デート（前編）

　数日後の土曜日は、六月だというのに珍しく澄み渡った空が広がった。
　待ち合わせの時間は、十一時。
　平日と同じ時間に起きてしまったので、食パンを焼いて軽い朝食を食べ、のんびりしたくをした。
　それでもまだ時間がかなり余っている。

　せっかく天気もいいし、早めに家を出ようかな。
　待ち合わせ場所の駅まで散歩がてら歩けばちょうどいい時間になるはずだ。

　平日休みの両親はどちらもすでに仕事へ出かけたあとなので、いつもどおり鍵を持って家を出る。
　玄関前で施錠をしていると、不意に悪寒がした。
　こんなこともう三度目だ。
　うんざりしながら振り返ると、意外にも花火の姿はなかった。

「あれ……。今度こそ気のせい……？」

　まあ、そうだよね。
　あれだけしっかりと突き放したし。
　そのうえでさらに付け回したりしたら、もうストーカーと変わらない。
　いくらなんでもそれはないはずだ。

　誰もいないのに視線を感じるなんて、被害妄想も甚だしい。
　やれやれと息を吐き、駅に向かって歩き出す。

　俺が駅の改札についたのは、待ち合わせ時間の三十分前だった。

「えっ」

　信じられないことに、もう雪代さんがいる。
　噴水の縁に腰掛けた彼女は、いつものようにカバーを外した文庫本を熱心に読んでいた。

　学校にいるときは違い、ふわりとしたセミロングの髪を肩まで垂らしている。
　ちょっとダボっとした白いロングワンピースが、色白の雪代さんにはとてもよく似合っていた。
　制服姿の時以上に、彼女の魅力が引き立っている。
　シンプルなのに個性的で、好きなものを選んで傍に置いている感じがした。

「雪代さん」

　駆け寄りながら声をかけると、驚いたように顔を上げた。

「あれ！　早いね、一ノ瀬くん」
「雪代さんこそ」
「えへ、実は緊張して早く来ちゃったの」

　はにかんだ笑みを浮かべながら、「よっ」と言って彼女が立ち上がる。
　文庫本は斜めがけにされた帆布バッグの中にしまわれて、代わりに革のパスケースが取り出された。
　持ち物の全部がおしゃれで、しかもちょっと大人っぽい。
　雪代さん本人は、どちらかというと童顔なタイプだからギャップを感じた。

「前から思ってたけど、雪代さんっておしゃれっていうか雰囲気があるよね」

　思ったことをそのまま伝えたら、彼女は一瞬で真っ赤になってしまい、「そういうことを平気でいう一ノ瀬くんのことが私は結構怖い」と睨まれてしまった。
　褒めたのにおかしいな。

「それじゃあ行こうか。はい」

　俺が手を差し出すと、雪代さんはきょとんとした顔で首を傾げた。

「えっ。え……！？　い、いいの！？」

　なんでそんなに慌てるんだろう。
　不思議に思いながら手を差し出したまま待っていると、その手をおずおずと雪代さんが握ってきた。

「え！？」

　今度は俺が驚きの声を上げる番だ。
　だって、なんで、手を繋がれたんだろう！？

「わ！？　うそ、私間違えた……！？」

　慌てたように彼女がパッと手を放す。
　また首まで赤くなってしまった雪代さんが、「もうやだ、恥ずかしすぎて死にそう」と言いながら頭を抱えている。
　それを見て、俺が間違えたことに気づいた。

「なんかごめん……」
「……ううん。あの、でも、一ノ瀬くんの手って……どういう意味だったのかな」
「荷物持とうと思って」
「荷物……。私の……？」

　信じられないという顔で聞き返されて、確信を持つ。
　しまった。
　やっぱり俺が間違えたんだ。

　花火は会った瞬間、俺に荷物を押し付けてきていたし、それに街中でも彼女のバッグを持ってあげている彼氏を時々見かけることがあったから、それが普通のデートスタイルなんだと思い込んでいたのだ。

「荷物は持たないほうがいいんだね。わかった。気をつけるね」
「ううん、私こそ勘違いしちゃってごめんね」

　お互い何とも言えない恥ずかしさを抱えながら目を合わせた。
　数秒後、どちらからともなく笑ってしまった。

「ぷっ……あははっ。だって一ノ瀬くんずるいよ……。あんなふうに手を差し出されたら、勘違いしちゃう……あはは！」
「ふっ、ははっ。だよね。よくよく考えれば、荷物を持ってあげてる彼氏より、手を繋いでる人たちのほうが圧倒的に目にする確率高いし。これからは気をつけます。あ、でも、雪代さんがバッグ持ってもらいたいタイプなら俺全然持つけど」
「こーら、一ノ瀬くん。好きでもない女の子を甘やかしすぎるのは、メンヘラ製造機になる危険があるからだめだよ」
「そ、そうなの？」
「うんうん。それに私はバッグ持ってもらうより、手を繋ぐほうがうれしいよ」
「なるほど」
「……」
「……」

　俺たちの目がぎこちなくあう。
　雪代さんの瞳が何かを期待しているかのように、一瞬だけ俺の右手に向けられた。

「……手、繋ぐ？」

　せっかくデートに誘ってくれた雪代さんが少しでも喜んでくれるなら。
　そう思って尋ねてみたら、彼女は両手で口を覆って「うれしい……」と呟き、その場にしゃがみ込んでしまった。
************************************************
私が読みたい幼馴染ざまぁを書いてみました
需要があったら頑張って更新にしますね！

「需要あるよ」「読んでやってもいいよ」と思ってくださったら、
スクロールバーを下げていった先にある広告下の☆で、
『★５』をつけて応援してくれるとうれしいです図書館デート（後編）

「ねえ、本当に図書館デートなんかでいいの？」

　心配そうに尋ねてきた雪代さんに頷き返す。

　数日前。
　デートの行き先を話し合ったときのこと。
　俺がどこか行きたい場所はあるか問いかけると、雪代さんは「一ノ瀬くんの行きたいところがいい」と返してきた。

　そのときふと閃いた。
　普段雪代さんが休日によく行く場所はどうだろう。

　せっかくこうやって仲良くさせてもらう機会を得られたのだ。
　できることなら、雪代さんの日常とか、好きなものとかに触れて、少しでも雪代さんという人を知りたい。
　前向きに彼女が向けてくれる気持ちと向き合うためにも。

　――そんなわけで、俺たちはターミナル駅まで移動し、そこから歩いて十分ほどのところにある市立図書館へとやってきたのだった。

　土曜日の館内は、子連れの利用者や、調べものに訪れた人々が多くみられた。
　皆、静かに息を潜めて、本の海の中をのんびり遊泳している。

「なんか深海魚になった気分」

　小声でそう呟くと、雪代さんがふふっと笑って「そのたとえ好きだな」と囁いた。

「ここって私語厳禁？」
「ううん。実習室はそうだけど、図書室の中は小声で話すのなら大丈夫。ほら見て」

　雪代さんが指さしたほうを見ると、利用者案内のボードがあった。
　たしかにそこには、『他の利用者の迷惑にならないよう、小声でお話ください』と書かれていた。
　周囲を見回すと、美術学生らしい二人組が、絵画の本を広げて、小さな声で意見を交わし合っているし、少し歩いていくと絵本のコーナーで、若い母親が幼い娘に読み聞かせをしている姿もあった。

「雪代さんってどんな本が好きなの？」
「今は海外ＳＦにハマってるの。読んだことある？」

　素直に首を振る。
　読書家の雪代さんの前で、自分が本を読んでこなかったことを打ち明けるのは恥ずかしかった。
　とはいえ、見栄を張ってもしょうがない。

「ＳＦどころか、小説自体あんまり読んでこなかったんだ。あ、でも、今後は読書もしてみるよ」

　花火の奴隷役を卒業し、自由時間なら山ほどできたし。

「素敵。一ノ瀬くんはまだ巡り合っていない素晴らしい本だらけの世界にいるんだね」

　雪代さんは読書不足を馬鹿にしなかった。
　彼女がどんなふうに読書を楽しんでいるのか、その心の中が少し垣間見えた気がする。

　みっともないからとかそんな理由じゃなく、本を読んでみたい、世界を広げてみたいと思えてきた。
　雪代さんのおかげだ。
　一緒に過ごす相手によって、自分の考えも変化するものなのだと改めて気づかされた。

　俺は花火といたときの自分が嫌いだ。
　雪代さんといるときの自分は――、結構好きかもしれない。

「雪代さん。一番好きな本教えてくれる？　読んでみたい」

　そう言ったら、雪代さんは目を見開いた。

「おすすめの本じゃなくていいの？」
「うん。だってなんか「おすすめを教えて」って、「俺が楽しめるものを用意しろ」みたいな感じしない……？」
「……！　た、たしかに……！」

　雪代さんは声を潜めて笑った。

「ごめんね、笑ったりして。すごくよくわかるって思ったの。実は、時々おすすめ教えてって言われるんだけど、ほんとはずっとモヤモヤしてたんだ」
「そうだったんだ」
「今の一ノ瀬くんの話を聞いて、ようやく腑に落ちたよ。それに比べて、『好きな本教えて』って言われるのはすごくうれしかった。そんなこと言ってくれたの一ノ瀬くんが初めてだよ。――やっぱり一ノ瀬くん、好きだなあ」

　不意打ちのようなタイミングでしみじみと言われ、さすがにドキッとした。
　雪代さんは照れ隠しのように笑うと、俺の手を引いた。

「来て」

　彼女に導かれ、図書館の奥のほうへと進んでいく。
　海外ＳＦの書棚は、入口カウンターからずっと遠くの窓際にあった。
　海外ＳＦはあまり人気がないのか、周囲には俺たち以外人の姿がない。

「私はこれがとても好き」

　少し背伸びをした雪代さんが、一冊の本を棚から取り出した。
　差し出された文庫本を受け取る。

　今日の雪代さんのように白いワンピースを着た裸足の少女が、たんぽぽ色の髪を揺らしながら宙に浮いている。
　ポップで不思議な雰囲気の表紙だ。

　あらすじを確認し、目次のページを開いてみる。
　どうやら短編集らしい。

「とくにお気に入りなのが――、そうこの話」

　一緒に本を覗き込んできた雪代さんが、指先でタイトル文字に触れる。

「どんな話？」

　問いかけながら顔を上げると、思いのほか至近距離で目が合ってしまった。

「あ、ごめん」

　謝って身を引こうとしたとき、文庫本を持っていた俺の手に雪代さんがそっと触れてきた。
　彼女の行動に驚いて、もう一度顔を上げる。

「……キスしてみる？」

　頬をピンク色に染めた雪代さんは、吐息交じりの声で問いかけてきた。
　驚きすぎて言葉が出てこない。

「……花火ちゃんとはしたことある？」

　尋ねながら、少しずつ雪代さんが近づいてくる。
　もう彼女の唇の動きしか視界に入らない。

　花火とは――。

　そう答えようとしたとき、突然、背後の窓ガラスを猛烈な勢いで殴る音が聞こえてきた。
　ぎょっとして振り返る。
　そこにいたのは、髪を振り乱しながら両手で窓ガラスを叩いている花火だった。

　何やってるんだ花火。
　……ホラー映画じゃないんだから。
************************************************
次話は2日0時に予約投稿済みです

◇◇◇

私が読みたい幼馴染ざまぁを書いてみました
需要があったら頑張って更新にしますね！

「需要あるよ」「読んでやってもいいよ」と思ってくださったら、
スクロールバーを下げていった先にある広告下の☆で、
『★５』をつけて応援してくれるとうれしいです花火の先輩を取り戻しますよ作戦①

　窓ガラス越しにこちらを睨みつけている花火は、次の瞬間、スッと姿を消した。

　一体何がしたかったのか。

　ていうかやっぱり後をつけていたんじゃないか。
　大道寺絵里花の家で覗き見をしていたときは、あんなにわかりやすくバレバレだったのに、どうして今回はここまで完璧に隠れおおせたのか。

　まさか、大道寺絵里花の時はわざと見つけさせた……？

　あのとき、花火を目撃しなければ、俺は大道寺絵里花の背後に花火がいたことを気づかないままだったかもしれない。
　花火は嫌がらせのために、大道寺絵里花を嗾けていたのだから、花火によって俺が苦しめられているのだと敢えて知らしめようとした可能性は十分ありえた。

　花火が窓ガラスを叩きまくったせいで、それからすぐ図書館司書たちが何事かと集まってきた。

　窓ガラスを叩いたのは自分たちではないと説明し、信じてもらえたものの、なんとなく居づらい空気になってしまった。
　結局、俺たちは、教えてくれた本だけ借りて、そそくさと図書館をあとにした。

　それからマックで昼飯を食べて、公園を散歩したりした。
　俺たちはなんとなく手を繋がなかったし、今までどおり友人のような距離感でその日の午後を過ごした。

　雪代さんはいつもよりよくしゃべり、よく笑った。
　俺とのデートを楽しんでいるからじゃない。
　花火の一件を気にさせまいと頑張ってくれてるからだということが、行動の端々から伝わってきていた。

　日暮れ前、最初に待ち合わせした駅に戻ってきた俺たちは、なんとなく苦笑してしまった。
　ふたりとも妙に疲れていて、それをお互いに感じ取ったからだ。

「なんか、ごめんね。今日のデート明らかに失敗だったよね」

　俺がそう謝ると、雪代さんは首を横に振ってから、遠慮がちに手を差し出してきた。
　今日の頭に俺が血迷って荷物を持とうとしたときのように。

　どういう意味だろうと首を傾げると、彼女はにこっと笑った。

「最後に握手しよう」
「あ、うん」

　促されて手を握り返す。
　雪代さんはその手を離さないまま、おそるおそるというように尋ねてきた。

「またデートしてくれる？」
「うん、だけどやっぱり」

　花火のことが解決してからのほうがいいと思う。
　最後まで言葉にしなくても、俺の言いたいことを理解したのだろう。

「大丈夫になったら誘うね」

　そう言って俺の手を離した。

「あ、送ってくよ」
「ううん。まだ明るいから大丈夫。今日、本当にありがとう。一ノ瀬くんと過ごせてすごく楽しかった」
「こちらこそ。俺も楽しかったよ」

　花火とのエンカウントはあったものの、初めてのデートが楽しかったのは事実だ。

「よかった。それじゃあ、また月曜日」

　雪代さんが手を振って歩き出す。
　改札を通り抜けていったその背中を見送っていると、不意に彼女がくるんと振り返った。

「一ノ瀬くん！　何があっても君の事大好きだよー！」
「……！」
「えへへ！　ばいばい！」

　今度はさっきより大きく手を振ってから、階段の向こうに消えていった。
　周囲の人のからかうような視線を一心に浴びながら、こほんと咳払いをしてから、俺も帰路についたのだった。

　◇◇◇

　月曜日。
　俺が学校に登校していくと、ものすごく奇妙な現象が発生していた。

　なぜか男子生徒たちの髪型が、この学校ではほとんど見なかった平凡な黒髪に変わっていたのだ。

　今俺とすれ違ったサッカー部の１１番は、茶髪をワックスで逆立てていたのに、別人みたいな優等生スタイルになっている。

「なんかの流行……？」

　でもこんな突然、変化って訪れるものなのだろうか。
　首を傾げつつ教室に向かうと、扉を開けた瞬間、俺に気づいた蓮池が駆け寄ってきた。

「なあ、一ノ瀬見た！？　学校中のイケメンたちが、おまえの髪型真似てるぞ！？」
「……はあ！？　なんだって！？」

　俺が素っ頓狂な声で叫んでしまったのは、言うまでもない。
　一体、何が起こったのか――。
************************************************
私が読みたい幼馴染ざまぁを書いてみました
需要があったら頑張って更新にしますね！

「需要あるよ」「読んでやってもいいよ」と思ってくださったら、
スクロールバーを下げていった先にある広告下の☆で、
『★５』をつけて応援してくれるとうれしいです花火の先輩を取り戻しますよ作戦②

「俺の髪型を真似てるって……」
「しかもイケメンたちがな」

　俄かには信じ難い。

「真似てるって、でも俺の髪型なんてめちゃくちゃ普通だよ」

　おしゃれでもなんでもない。
　ただの黒髪。

「なんならちょっとダサいぐらいだし」

　それを真似られたと思うのは、自意識過剰すぎる。

「まあ、ダサくなるかどうかはそいつのポテンシャル次第だな。そういう特徴のない髪型って、誰でも似合うってわけじゃないだろ。見栄えするかどうかは、顔面偏差値がモロに影響する。だから流行るのは普通、雰囲気だけでもイケメンに見えるような髪型ばかりだ。耳の上を刈り上げたり、ワックスで後頭部を遊ばせたり」
「なるほど。そういう理由から、あの髪型が流行ってたんだ」
「でも、一ノ瀬の今の髪型は、意外としてるやつ見なかっただろう？　俺の元カノを寝取った陸上部の桐ケ谷ぐらいだし、あいつだって確実に一ノ瀬の髪型を真似てたよ」

　たしか桐ケ谷は花火とのやり取りの中で、俺の髪型を真似たみたいなことを言っていた。
　でも、その他の男子生徒まで同じ行動に出たとはやっぱり信じ辛い。

「俺じゃなくて桐ケ谷のほうを真似たんじゃないのかな」
「ありえないだろ。今のあいつなんて誰からも見向きされてないし。桐ケ谷を真似たいやつなんて一人もいないと断言できる」

　体育祭での一件がガス抜きになったのか、桐ケ谷や元カノの話題が出ても、蓮池が以前のように取り乱すことはなかった。
　花火にこてんぱに振られたあとの桐ケ谷は、すっかり消沈してしまい、自信満々な態度だった頃と比べて存在感も全然なくなってしまった。
　もう女子たちが桐ケ谷を見て騒ぐことはない。
　そんなふうに桐ケ谷の校内ポジションが転落したことも、蓮池が吹っ切れられた理由の一つになっているのだろう。

「とはいえ、俺が見たところ、その髪型がちゃんと似合ってるのなんて一ノ瀬ぐらいだよ。イケメンなんて言ったけど、結局どいつもこいつも雰囲気イケメンだったってことだ。一ノ瀬みたいに正統派の美形って相当レアだもんなあ」

　見た目なんて好みで評価がわかれると思っているので、俺はとりあえず曖昧な笑みを返しておいた。

「そんなことより、俺はまだ真似されたってことが信じられないよ」
「一ノ瀬が半信半疑なのはわかる。おまえの性格的に、そんなことぐらいで調子に乗るようなタイプじゃないし。むしろ本当に真似されたとわかっても、迷惑に感じるやつだもんな。ただ、俺の推測が事実ならちょっと気持ちの悪い話じゃないか？」
「それはそうだね」

　いきなり学校中のイケメンたちが俺の髪型を真似しはじめたなんて、何の理由もなく起こることではない。
　それに――。
　さっきも思い出したとおり、桐ケ谷の件がある。
　桐ケ谷が俺の髪型を真似た背後には、花火が存在していたのだから。

　やれやれ、また花火か。

　土曜日、図書館の窓越しに目が合った花火は、憎しみのこもった目でこちらを見ていた。
　また、桐ケ谷や大道寺のときのように、よからぬことを企んでいるのかもしれない。

　花火がつきまとってくるのは無視してやり過ごすと決めている。
　でも、危害を加えようとしてくるのなら話はまた違う。
　当然、これまでと同じように容赦なく対処するつもりだ。
　身に振る火の粉まで耐えしのぶ気は毛頭ない。

「……おい、一ノ瀬。あれ」
「え？」

　蓮池は廊下のほうを指さしている。
　なんだろう？

　首を傾げて、そちらに視線を向けると――。
　黒髪に突然イメチェンした男たちが十数人、ぞろぞろとこの教室に向かって歩いてくるのが見えた。

　しかもその先頭、二人の男を両腕に侍らせているのは花火だった。

　俺みたいな髪型をした男たちに守られて、花火はまるで女王様のようだ。
　当然、周囲の生徒たちも、なんだなんだと騒ぎはじめた。

　何やってるんだ、あいつら……。

　呆れ半分にその光景を眺めていると、花火はお供の者たちを引き連れたまま、俺の前までずんずんと歩いてきた。

　目の前に立った花火が、腰に手を当て、ふんっという感じでふんぞり返る。

　今まで校内では一度も話しかけてきたことなんてないのに。
　花火は俺をビシッと指さしてから、こう宣言した。

「先輩、直接対決ですよ」

　まったく懲りない女だな。
　しかもまた桐ケ谷の時のように、男を手駒にするつもりか。
　ワンパターンすぎないか？
　俺は呆れ交じりのため息を吐いた。
　すると花火は――。
************************************************
私が読みたい幼馴染ざまぁを書いてみました
需要があったら頑張って更新しますね！

「需要あるよ」「読んでやってもいいよ」と思ってくださったら、
スクロールバーを下げていった先にある広告下の☆で、
『★５』をつけて応援してくれるとうれしいです